/pfs/lustrep2/projappl/project_465002413/ChessGPT/chessgpt_multitask.py:33: DtypeWarning: Columns (3,5) have mixed types. Specify dtype option on import or set low_memory=False.
  df = pd.read_csv(csv_path)
/pfs/lustrep2/projappl/project_465002413/ChessGPT/chessgpt_multitask.py:80: FutureWarning: A value is trying to be set on a copy of a DataFrame or Series through chained assignment using an inplace method.
The behavior will change in pandas 3.0. This inplace method will never work because the intermediate object on which we are setting values always behaves as a copy.

For example, when doing 'df[col].method(value, inplace=True)', try using 'df.method({col: value}, inplace=True)' or df[col] = df[col].method(value) instead, to perform the operation inplace on the original object.


  df_white_black['white_elo'].fillna(df_white_black['white_elo'].mean(), inplace=True)
/pfs/lustrep2/projappl/project_465002413/ChessGPT/chessgpt_multitask.py:81: FutureWarning: A value is trying to be set on a copy of a DataFrame or Series through chained assignment using an inplace method.
The behavior will change in pandas 3.0. This inplace method will never work because the intermediate object on which we are setting values always behaves as a copy.

For example, when doing 'df[col].method(value, inplace=True)', try using 'df.method({col: value}, inplace=True)' or df[col] = df[col].method(value) instead, to perform the operation inplace on the original object.


  df_white_black['black_elo'].fillna(df_white_black['black_elo'].mean(), inplace=True)
Total: 20,853
Train: 17,725 (85.00%)
Val:   1,042 (5.00%)
Test:  2,086 (10.00%)
|-|-|-|-|-|mean_elo: 2663.78369140625|-|-|-|-|
|-|-|-|-|-|std_elo: 110.49032592773438|-|-|-|-|

Loading checkpoint shards:   0%|          | 0/2 [00:00<?, ?it/s]
Loading checkpoint shards:  50%|█████     | 1/2 [00:00<00:00,  7.91it/s]
Loading checkpoint shards: 100%|██████████| 2/2 [00:00<00:00, 14.78it/s]
HYPERPARAM: 
 shared_dim1=1024, 
 shared_dim2=512, 
 head_dim=256, 
 dropout=0.0
HYPERPARAM: tokenizer, max_length=256
139
Unfroze last transformer layer.
HYPERPARAM: lrs: 5e-4  &  1e-4
HYPERPARAM: weight_decays: 0.001  &  0.001
Using device: cuda
HYPERPARAM: alpha: 0.2
Done 32 Batches of 139
class_loss = 2.999511957168579
macro_f1 = 0.005587539608158164
weighted_f1 = 0.006063773273616972
regression_loss = 0.42392054200172424
Params with no grad after backward: ['base_model.layers.29.input_layernorm.weight', 'base_model.layers.29.input_layernorm.bias', 'base_model.layers.29.post_attention_layernorm.weight', 'base_model.layers.29.post_attention_layernorm.bias', 'base_model.layers.29.attention.query_key_value.weight', 'base_model.layers.29.attention.query_key_value.bias', 'base_model.layers.29.attention.dense.weight', 'base_model.layers.29.attention.dense.bias', 'base_model.layers.29.mlp.dense_h_to_4h.weight', 'base_model.layers.29.mlp.dense_h_to_4h.bias', 'base_model.layers.29.mlp.dense_4h_to_h.weight', 'base_model.layers.29.mlp.dense_4h_to_h.bias', 'base_model.layers.30.input_layernorm.weight', 'base_model.layers.30.input_layernorm.bias', 'base_model.layers.30.post_attention_layernorm.weight', 'base_model.layers.30.post_attention_layernorm.bias', 'base_model.layers.30.attention.query_key_value.weight', 'base_model.layers.30.attention.query_key_value.bias', 'base_model.layers.30.attention.dense.weight', 'base_model.layers.30.attention.dense.bias', 'base_model.layers.30.mlp.dense_h_to_4h.weight', 'base_model.layers.30.mlp.dense_h_to_4h.bias', 'base_model.layers.30.mlp.dense_4h_to_h.weight', 'base_model.layers.30.mlp.dense_4h_to_h.bias', 'base_model.layers.31.input_layernorm.weight', 'base_model.layers.31.input_layernorm.bias', 'base_model.layers.31.post_attention_layernorm.weight', 'base_model.layers.31.post_attention_layernorm.bias', 'base_model.layers.31.attention.query_key_value.weight', 'base_model.layers.31.attention.query_key_value.bias', 'base_model.layers.31.attention.dense.weight', 'base_model.layers.31.attention.dense.bias', 'base_model.layers.31.mlp.dense_h_to_4h.weight', 'base_model.layers.31.mlp.dense_h_to_4h.bias', 'base_model.layers.31.mlp.dense_4h_to_h.weight', 'base_model.layers.31.mlp.dense_4h_to_h.bias', 'base_model.final_layer_norm.weight', 'base_model.final_layer_norm.bias', 'shared.fc1.weight', 'shared.fc1.bias', 'shared.fc2.weight', 'shared.fc2.bias', 'classifier.fc.weight', 'classifier.fc.bias', 'classifier.out.weight', 'classifier.out.bias', 'regressor.fc.weight', 'regressor.fc.bias', 'regressor.out.weight', 'regressor.out.bias']
Optimizer param groups: 50
LRs after scheduler: [6.25e-05, 1.25e-05]
Done 64 Batches of 139
class_loss = 2.9931130409240723
macro_f1 = 0.005108898865797031
weighted_f1 = 0.0052623078770640515
regression_loss = 0.42484909296035767
Params with no grad after backward: ['base_model.layers.29.input_layernorm.weight', 'base_model.layers.29.input_layernorm.bias', 'base_model.layers.29.post_attention_layernorm.weight', 'base_model.layers.29.post_attention_layernorm.bias', 'base_model.layers.29.attention.query_key_value.weight', 'base_model.layers.29.attention.query_key_value.bias', 'base_model.layers.29.attention.dense.weight', 'base_model.layers.29.attention.dense.bias', 'base_model.layers.29.mlp.dense_h_to_4h.weight', 'base_model.layers.29.mlp.dense_h_to_4h.bias', 'base_model.layers.29.mlp.dense_4h_to_h.weight', 'base_model.layers.29.mlp.dense_4h_to_h.bias', 'base_model.layers.30.input_layernorm.weight', 'base_model.layers.30.input_layernorm.bias', 'base_model.layers.30.post_attention_layernorm.weight', 'base_model.layers.30.post_attention_layernorm.bias', 'base_model.layers.30.attention.query_key_value.weight', 'base_model.layers.30.attention.query_key_value.bias', 'base_model.layers.30.attention.dense.weight', 'base_model.layers.30.attention.dense.bias', 'base_model.layers.30.mlp.dense_h_to_4h.weight', 'base_model.layers.30.mlp.dense_h_to_4h.bias', 'base_model.layers.30.mlp.dense_4h_to_h.weight', 'base_model.layers.30.mlp.dense_4h_to_h.bias', 'base_model.layers.31.input_layernorm.weight', 'base_model.layers.31.input_layernorm.bias', 'base_model.layers.31.post_attention_layernorm.weight', 'base_model.layers.31.post_attention_layernorm.bias', 'base_model.layers.31.attention.query_key_value.weight', 'base_model.layers.31.attention.query_key_value.bias', 'base_model.layers.31.attention.dense.weight', 'base_model.layers.31.attention.dense.bias', 'base_model.layers.31.mlp.dense_h_to_4h.weight', 'base_model.layers.31.mlp.dense_h_to_4h.bias', 'base_model.layers.31.mlp.dense_4h_to_h.weight', 'base_model.layers.31.mlp.dense_4h_to_h.bias', 'base_model.final_layer_norm.weight', 'base_model.final_layer_norm.bias', 'shared.fc1.weight', 'shared.fc1.bias', 'shared.fc2.weight', 'shared.fc2.bias', 'classifier.fc.weight', 'classifier.fc.bias', 'classifier.out.weight', 'classifier.out.bias', 'regressor.fc.weight', 'regressor.fc.bias', 'regressor.out.weight', 'regressor.out.bias']
Optimizer param groups: 50
LRs after scheduler: [0.000125, 2.5e-05]
Done 96 Batches of 139
class_loss = 2.9957375526428223
macro_f1 = 0.008926516596767029
weighted_f1 = 0.009061061113664984
regression_loss = 0.40047287940979004
Params with no grad after backward: ['base_model.layers.29.input_layernorm.weight', 'base_model.layers.29.input_layernorm.bias', 'base_model.layers.29.post_attention_layernorm.weight', 'base_model.layers.29.post_attention_layernorm.bias', 'base_model.layers.29.attention.query_key_value.weight', 'base_model.layers.29.attention.query_key_value.bias', 'base_model.layers.29.attention.dense.weight', 'base_model.layers.29.attention.dense.bias', 'base_model.layers.29.mlp.dense_h_to_4h.weight', 'base_model.layers.29.mlp.dense_h_to_4h.bias', 'base_model.layers.29.mlp.dense_4h_to_h.weight', 'base_model.layers.29.mlp.dense_4h_to_h.bias', 'base_model.layers.30.input_layernorm.weight', 'base_model.layers.30.input_layernorm.bias', 'base_model.layers.30.post_attention_layernorm.weight', 'base_model.layers.30.post_attention_layernorm.bias', 'base_model.layers.30.attention.query_key_value.weight', 'base_model.layers.30.attention.query_key_value.bias', 'base_model.layers.30.attention.dense.weight', 'base_model.layers.30.attention.dense.bias', 'base_model.layers.30.mlp.dense_h_to_4h.weight', 'base_model.layers.30.mlp.dense_h_to_4h.bias', 'base_model.layers.30.mlp.dense_4h_to_h.weight', 'base_model.layers.30.mlp.dense_4h_to_h.bias', 'base_model.layers.31.input_layernorm.weight', 'base_model.layers.31.input_layernorm.bias', 'base_model.layers.31.post_attention_layernorm.weight', 'base_model.layers.31.post_attention_layernorm.bias', 'base_model.layers.31.attention.query_key_value.weight', 'base_model.layers.31.attention.query_key_value.bias', 'base_model.layers.31.attention.dense.weight', 'base_model.layers.31.attention.dense.bias', 'base_model.layers.31.mlp.dense_h_to_4h.weight', 'base_model.layers.31.mlp.dense_h_to_4h.bias', 'base_model.layers.31.mlp.dense_4h_to_h.weight', 'base_model.layers.31.mlp.dense_4h_to_h.bias', 'base_model.final_layer_norm.weight', 'base_model.final_layer_norm.bias', 'shared.fc1.weight', 'shared.fc1.bias', 'shared.fc2.weight', 'shared.fc2.bias', 'classifier.fc.weight', 'classifier.fc.bias', 'classifier.out.weight', 'classifier.out.bias', 'regressor.fc.weight', 'regressor.fc.bias', 'regressor.out.weight', 'regressor.out.bias']
Optimizer param groups: 50
LRs after scheduler: [0.0001875, 3.7500000000000003e-05]
Done 128 Batches of 139
class_loss = 2.991164207458496
macro_f1 = 0.025934927380329747
weighted_f1 = 0.026144713359514352
regression_loss = 0.2617033123970032
Params with no grad after backward: ['base_model.layers.29.input_layernorm.weight', 'base_model.layers.29.input_layernorm.bias', 'base_model.layers.29.post_attention_layernorm.weight', 'base_model.layers.29.post_attention_layernorm.bias', 'base_model.layers.29.attention.query_key_value.weight', 'base_model.layers.29.attention.query_key_value.bias', 'base_model.layers.29.attention.dense.weight', 'base_model.layers.29.attention.dense.bias', 'base_model.layers.29.mlp.dense_h_to_4h.weight', 'base_model.layers.29.mlp.dense_h_to_4h.bias', 'base_model.layers.29.mlp.dense_4h_to_h.weight', 'base_model.layers.29.mlp.dense_4h_to_h.bias', 'base_model.layers.30.input_layernorm.weight', 'base_model.layers.30.input_layernorm.bias', 'base_model.layers.30.post_attention_layernorm.weight', 'base_model.layers.30.post_attention_layernorm.bias', 'base_model.layers.30.attention.query_key_value.weight', 'base_model.layers.30.attention.query_key_value.bias', 'base_model.layers.30.attention.dense.weight', 'base_model.layers.30.attention.dense.bias', 'base_model.layers.30.mlp.dense_h_to_4h.weight', 'base_model.layers.30.mlp.dense_h_to_4h.bias', 'base_model.layers.30.mlp.dense_4h_to_h.weight', 'base_model.layers.30.mlp.dense_4h_to_h.bias', 'base_model.layers.31.input_layernorm.weight', 'base_model.layers.31.input_layernorm.bias', 'base_model.layers.31.post_attention_layernorm.weight', 'base_model.layers.31.post_attention_layernorm.bias', 'base_model.layers.31.attention.query_key_value.weight', 'base_model.layers.31.attention.query_key_value.bias', 'base_model.layers.31.attention.dense.weight', 'base_model.layers.31.attention.dense.bias', 'base_model.layers.31.mlp.dense_h_to_4h.weight', 'base_model.layers.31.mlp.dense_h_to_4h.bias', 'base_model.layers.31.mlp.dense_4h_to_h.weight', 'base_model.layers.31.mlp.dense_4h_to_h.bias', 'base_model.final_layer_norm.weight', 'base_model.final_layer_norm.bias', 'shared.fc1.weight', 'shared.fc1.bias', 'shared.fc2.weight', 'shared.fc2.bias', 'classifier.fc.weight', 'classifier.fc.bias', 'classifier.out.weight', 'classifier.out.bias', 'regressor.fc.weight', 'regressor.fc.bias', 'regressor.out.weight', 'regressor.out.bias']
Optimizer param groups: 50
LRs after scheduler: [0.00025, 5e-05]
Done 139 Batches of 139
class_loss = 2.982388973236084
macro_f1 = 0.025904233961109385
weighted_f1 = 0.02597411400580265
regression_loss = 0.3331667184829712
Params with no grad after backward: ['base_model.layers.29.input_layernorm.weight', 'base_model.layers.29.input_layernorm.bias', 'base_model.layers.29.post_attention_layernorm.weight', 'base_model.layers.29.post_attention_layernorm.bias', 'base_model.layers.29.attention.query_key_value.weight', 'base_model.layers.29.attention.query_key_value.bias', 'base_model.layers.29.attention.dense.weight', 'base_model.layers.29.attention.dense.bias', 'base_model.layers.29.mlp.dense_h_to_4h.weight', 'base_model.layers.29.mlp.dense_h_to_4h.bias', 'base_model.layers.29.mlp.dense_4h_to_h.weight', 'base_model.layers.29.mlp.dense_4h_to_h.bias', 'base_model.layers.30.input_layernorm.weight', 'base_model.layers.30.input_layernorm.bias', 'base_model.layers.30.post_attention_layernorm.weight', 'base_model.layers.30.post_attention_layernorm.bias', 'base_model.layers.30.attention.query_key_value.weight', 'base_model.layers.30.attention.query_key_value.bias', 'base_model.layers.30.attention.dense.weight', 'base_model.layers.30.attention.dense.bias', 'base_model.layers.30.mlp.dense_h_to_4h.weight', 'base_model.layers.30.mlp.dense_h_to_4h.bias', 'base_model.layers.30.mlp.dense_4h_to_h.weight', 'base_model.layers.30.mlp.dense_4h_to_h.bias', 'base_model.layers.31.input_layernorm.weight', 'base_model.layers.31.input_layernorm.bias', 'base_model.layers.31.post_attention_layernorm.weight', 'base_model.layers.31.post_attention_layernorm.bias', 'base_model.layers.31.attention.query_key_value.weight', 'base_model.layers.31.attention.query_key_value.bias', 'base_model.layers.31.attention.dense.weight', 'base_model.layers.31.attention.dense.bias', 'base_model.layers.31.mlp.dense_h_to_4h.weight', 'base_model.layers.31.mlp.dense_h_to_4h.bias', 'base_model.layers.31.mlp.dense_4h_to_h.weight', 'base_model.layers.31.mlp.dense_4h_to_h.bias', 'base_model.final_layer_norm.weight', 'base_model.final_layer_norm.bias', 'shared.fc1.weight', 'shared.fc1.bias', 'shared.fc2.weight', 'shared.fc2.bias', 'classifier.fc.weight', 'classifier.fc.bias', 'classifier.out.weight', 'classifier.out.bias', 'regressor.fc.weight', 'regressor.fc.bias', 'regressor.out.weight', 'regressor.out.bias']
Optimizer param groups: 50
LRs after scheduler: [0.0003125, 6.25e-05]
3.0671985149383545
3.054605007171631
3.068450450897217
3.0379209518432617
3.054795265197754
3.044269561767578
3.0400710105895996
3.044694185256958
3.082674980163574
avg_train_loss 3.0661593426903373
avg_val_loss 3.054964436425103
Done 32 Batches of 139
class_loss = 2.9856061935424805
macro_f1 = 0.056568911382918155
weighted_f1 = 0.05723233803860358
regression_loss = 0.37608471512794495
Params with no grad after backward: ['base_model.layers.29.input_layernorm.weight', 'base_model.layers.29.input_layernorm.bias', 'base_model.layers.29.post_attention_layernorm.weight', 'base_model.layers.29.post_attention_layernorm.bias', 'base_model.layers.29.attention.query_key_value.weight', 'base_model.layers.29.attention.query_key_value.bias', 'base_model.layers.29.attention.dense.weight', 'base_model.layers.29.attention.dense.bias', 'base_model.layers.29.mlp.dense_h_to_4h.weight', 'base_model.layers.29.mlp.dense_h_to_4h.bias', 'base_model.layers.29.mlp.dense_4h_to_h.weight', 'base_model.layers.29.mlp.dense_4h_to_h.bias', 'base_model.layers.30.input_layernorm.weight', 'base_model.layers.30.input_layernorm.bias', 'base_model.layers.30.post_attention_layernorm.weight', 'base_model.layers.30.post_attention_layernorm.bias', 'base_model.layers.30.attention.query_key_value.weight', 'base_model.layers.30.attention.query_key_value.bias', 'base_model.layers.30.attention.dense.weight', 'base_model.layers.30.attention.dense.bias', 'base_model.layers.30.mlp.dense_h_to_4h.weight', 'base_model.layers.30.mlp.dense_h_to_4h.bias', 'base_model.layers.30.mlp.dense_4h_to_h.weight', 'base_model.layers.30.mlp.dense_4h_to_h.bias', 'base_model.layers.31.input_layernorm.weight', 'base_model.layers.31.input_layernorm.bias', 'base_model.layers.31.post_attention_layernorm.weight', 'base_model.layers.31.post_attention_layernorm.bias', 'base_model.layers.31.attention.query_key_value.weight', 'base_model.layers.31.attention.query_key_value.bias', 'base_model.layers.31.attention.dense.weight', 'base_model.layers.31.attention.dense.bias', 'base_model.layers.31.mlp.dense_h_to_4h.weight', 'base_model.layers.31.mlp.dense_h_to_4h.bias', 'base_model.layers.31.mlp.dense_4h_to_h.weight', 'base_model.layers.31.mlp.dense_4h_to_h.bias', 'base_model.final_layer_norm.weight', 'base_model.final_layer_norm.bias', 'shared.fc1.weight', 'shared.fc1.bias', 'shared.fc2.weight', 'shared.fc2.bias', 'classifier.fc.weight', 'classifier.fc.bias', 'classifier.out.weight', 'classifier.out.bias', 'regressor.fc.weight', 'regressor.fc.bias', 'regressor.out.weight', 'regressor.out.bias']
Optimizer param groups: 50
LRs after scheduler: [0.000375, 7.500000000000001e-05]
Done 64 Batches of 139
class_loss = 2.9679055213928223
macro_f1 = 0.06642806135839413
weighted_f1 = 0.0664634026082944
regression_loss = 0.3142244219779968
Params with no grad after backward: ['base_model.layers.29.input_layernorm.weight', 'base_model.layers.29.input_layernorm.bias', 'base_model.layers.29.post_attention_layernorm.weight', 'base_model.layers.29.post_attention_layernorm.bias', 'base_model.layers.29.attention.query_key_value.weight', 'base_model.layers.29.attention.query_key_value.bias', 'base_model.layers.29.attention.dense.weight', 'base_model.layers.29.attention.dense.bias', 'base_model.layers.29.mlp.dense_h_to_4h.weight', 'base_model.layers.29.mlp.dense_h_to_4h.bias', 'base_model.layers.29.mlp.dense_4h_to_h.weight', 'base_model.layers.29.mlp.dense_4h_to_h.bias', 'base_model.layers.30.input_layernorm.weight', 'base_model.layers.30.input_layernorm.bias', 'base_model.layers.30.post_attention_layernorm.weight', 'base_model.layers.30.post_attention_layernorm.bias', 'base_model.layers.30.attention.query_key_value.weight', 'base_model.layers.30.attention.query_key_value.bias', 'base_model.layers.30.attention.dense.weight', 'base_model.layers.30.attention.dense.bias', 'base_model.layers.30.mlp.dense_h_to_4h.weight', 'base_model.layers.30.mlp.dense_h_to_4h.bias', 'base_model.layers.30.mlp.dense_4h_to_h.weight', 'base_model.layers.30.mlp.dense_4h_to_h.bias', 'base_model.layers.31.input_layernorm.weight', 'base_model.layers.31.input_layernorm.bias', 'base_model.layers.31.post_attention_layernorm.weight', 'base_model.layers.31.post_attention_layernorm.bias', 'base_model.layers.31.attention.query_key_value.weight', 'base_model.layers.31.attention.query_key_value.bias', 'base_model.layers.31.attention.dense.weight', 'base_model.layers.31.attention.dense.bias', 'base_model.layers.31.mlp.dense_h_to_4h.weight', 'base_model.layers.31.mlp.dense_h_to_4h.bias', 'base_model.layers.31.mlp.dense_4h_to_h.weight', 'base_model.layers.31.mlp.dense_4h_to_h.bias', 'base_model.final_layer_norm.weight', 'base_model.final_layer_norm.bias', 'shared.fc1.weight', 'shared.fc1.bias', 'shared.fc2.weight', 'shared.fc2.bias', 'classifier.fc.weight', 'classifier.fc.bias', 'classifier.out.weight', 'classifier.out.bias', 'regressor.fc.weight', 'regressor.fc.bias', 'regressor.out.weight', 'regressor.out.bias']
Optimizer param groups: 50
LRs after scheduler: [0.0004375, 8.75e-05]
Done 96 Batches of 139
class_loss = 2.903240203857422
macro_f1 = 0.09120059241654341
weighted_f1 = 0.09175921418456985
regression_loss = 0.30139774084091187
Params with no grad after backward: ['base_model.layers.29.input_layernorm.weight', 'base_model.layers.29.input_layernorm.bias', 'base_model.layers.29.post_attention_layernorm.weight', 'base_model.layers.29.post_attention_layernorm.bias', 'base_model.layers.29.attention.query_key_value.weight', 'base_model.layers.29.attention.query_key_value.bias', 'base_model.layers.29.attention.dense.weight', 'base_model.layers.29.attention.dense.bias', 'base_model.layers.29.mlp.dense_h_to_4h.weight', 'base_model.layers.29.mlp.dense_h_to_4h.bias', 'base_model.layers.29.mlp.dense_4h_to_h.weight', 'base_model.layers.29.mlp.dense_4h_to_h.bias', 'base_model.layers.30.input_layernorm.weight', 'base_model.layers.30.input_layernorm.bias', 'base_model.layers.30.post_attention_layernorm.weight', 'base_model.layers.30.post_attention_layernorm.bias', 'base_model.layers.30.attention.query_key_value.weight', 'base_model.layers.30.attention.query_key_value.bias', 'base_model.layers.30.attention.dense.weight', 'base_model.layers.30.attention.dense.bias', 'base_model.layers.30.mlp.dense_h_to_4h.weight', 'base_model.layers.30.mlp.dense_h_to_4h.bias', 'base_model.layers.30.mlp.dense_4h_to_h.weight', 'base_model.layers.30.mlp.dense_4h_to_h.bias', 'base_model.layers.31.input_layernorm.weight', 'base_model.layers.31.input_layernorm.bias', 'base_model.layers.31.post_attention_layernorm.weight', 'base_model.layers.31.post_attention_layernorm.bias', 'base_model.layers.31.attention.query_key_value.weight', 'base_model.layers.31.attention.query_key_value.bias', 'base_model.layers.31.attention.dense.weight', 'base_model.layers.31.attention.dense.bias', 'base_model.layers.31.mlp.dense_h_to_4h.weight', 'base_model.layers.31.mlp.dense_h_to_4h.bias', 'base_model.layers.31.mlp.dense_4h_to_h.weight', 'base_model.layers.31.mlp.dense_4h_to_h.bias', 'base_model.final_layer_norm.weight', 'base_model.final_layer_norm.bias', 'shared.fc1.weight', 'shared.fc1.bias', 'shared.fc2.weight', 'shared.fc2.bias', 'classifier.fc.weight', 'classifier.fc.bias', 'classifier.out.weight', 'classifier.out.bias', 'regressor.fc.weight', 'regressor.fc.bias', 'regressor.out.weight', 'regressor.out.bias']
Optimizer param groups: 50
LRs after scheduler: [0.0005, 0.0001]
Done 128 Batches of 139
class_loss = 2.8847718238830566
macro_f1 = 0.08843526035705306
weighted_f1 = 0.08876044780903335
regression_loss = 0.44229641556739807
Params with no grad after backward: ['base_model.layers.29.input_layernorm.weight', 'base_model.layers.29.input_layernorm.bias', 'base_model.layers.29.post_attention_layernorm.weight', 'base_model.layers.29.post_attention_layernorm.bias', 'base_model.layers.29.attention.query_key_value.weight', 'base_model.layers.29.attention.query_key_value.bias', 'base_model.layers.29.attention.dense.weight', 'base_model.layers.29.attention.dense.bias', 'base_model.layers.29.mlp.dense_h_to_4h.weight', 'base_model.layers.29.mlp.dense_h_to_4h.bias', 'base_model.layers.29.mlp.dense_4h_to_h.weight', 'base_model.layers.29.mlp.dense_4h_to_h.bias', 'base_model.layers.30.input_layernorm.weight', 'base_model.layers.30.input_layernorm.bias', 'base_model.layers.30.post_attention_layernorm.weight', 'base_model.layers.30.post_attention_layernorm.bias', 'base_model.layers.30.attention.query_key_value.weight', 'base_model.layers.30.attention.query_key_value.bias', 'base_model.layers.30.attention.dense.weight', 'base_model.layers.30.attention.dense.bias', 'base_model.layers.30.mlp.dense_h_to_4h.weight', 'base_model.layers.30.mlp.dense_h_to_4h.bias', 'base_model.layers.30.mlp.dense_4h_to_h.weight', 'base_model.layers.30.mlp.dense_4h_to_h.bias', 'base_model.layers.31.input_layernorm.weight', 'base_model.layers.31.input_layernorm.bias', 'base_model.layers.31.post_attention_layernorm.weight', 'base_model.layers.31.post_attention_layernorm.bias', 'base_model.layers.31.attention.query_key_value.weight', 'base_model.layers.31.attention.query_key_value.bias', 'base_model.layers.31.attention.dense.weight', 'base_model.layers.31.attention.dense.bias', 'base_model.layers.31.mlp.dense_h_to_4h.weight', 'base_model.layers.31.mlp.dense_h_to_4h.bias', 'base_model.layers.31.mlp.dense_4h_to_h.weight', 'base_model.layers.31.mlp.dense_4h_to_h.bias', 'base_model.final_layer_norm.weight', 'base_model.final_layer_norm.bias', 'shared.fc1.weight', 'shared.fc1.bias', 'shared.fc2.weight', 'shared.fc2.bias', 'classifier.fc.weight', 'classifier.fc.bias', 'classifier.out.weight', 'classifier.out.bias', 'regressor.fc.weight', 'regressor.fc.bias', 'regressor.out.weight', 'regressor.out.bias']
Optimizer param groups: 50
LRs after scheduler: [0.0004997993579454254, 9.995987158908508e-05]
Done 139 Batches of 139
class_loss = 2.917328119277954
macro_f1 = 0.08677279702626871
weighted_f1 = 0.08683879237855253
regression_loss = 0.3515455424785614
Params with no grad after backward: ['base_model.layers.29.input_layernorm.weight', 'base_model.layers.29.input_layernorm.bias', 'base_model.layers.29.post_attention_layernorm.weight', 'base_model.layers.29.post_attention_layernorm.bias', 'base_model.layers.29.attention.query_key_value.weight', 'base_model.layers.29.attention.query_key_value.bias', 'base_model.layers.29.attention.dense.weight', 'base_model.layers.29.attention.dense.bias', 'base_model.layers.29.mlp.dense_h_to_4h.weight', 'base_model.layers.29.mlp.dense_h_to_4h.bias', 'base_model.layers.29.mlp.dense_4h_to_h.weight', 'base_model.layers.29.mlp.dense_4h_to_h.bias', 'base_model.layers.30.input_layernorm.weight', 'base_model.layers.30.input_layernorm.bias', 'base_model.layers.30.post_attention_layernorm.weight', 'base_model.layers.30.post_attention_layernorm.bias', 'base_model.layers.30.attention.query_key_value.weight', 'base_model.layers.30.attention.query_key_value.bias', 'base_model.layers.30.attention.dense.weight', 'base_model.layers.30.attention.dense.bias', 'base_model.layers.30.mlp.dense_h_to_4h.weight', 'base_model.layers.30.mlp.dense_h_to_4h.bias', 'base_model.layers.30.mlp.dense_4h_to_h.weight', 'base_model.layers.30.mlp.dense_4h_to_h.bias', 'base_model.layers.31.input_layernorm.weight', 'base_model.layers.31.input_layernorm.bias', 'base_model.layers.31.post_attention_layernorm.weight', 'base_model.layers.31.post_attention_layernorm.bias', 'base_model.layers.31.attention.query_key_value.weight', 'base_model.layers.31.attention.query_key_value.bias', 'base_model.layers.31.attention.dense.weight', 'base_model.layers.31.attention.dense.bias', 'base_model.layers.31.mlp.dense_h_to_4h.weight', 'base_model.layers.31.mlp.dense_h_to_4h.bias', 'base_model.layers.31.mlp.dense_4h_to_h.weight', 'base_model.layers.31.mlp.dense_4h_to_h.bias', 'base_model.final_layer_norm.weight', 'base_model.final_layer_norm.bias', 'shared.fc1.weight', 'shared.fc1.bias', 'shared.fc2.weight', 'shared.fc2.bias', 'classifier.fc.weight', 'classifier.fc.bias', 'classifier.out.weight', 'classifier.out.bias', 'regressor.fc.weight', 'regressor.fc.bias', 'regressor.out.weight', 'regressor.out.bias']
Optimizer param groups: 50
LRs after scheduler: [0.0004995987158908507, 9.991974317817014e-05]
2.8608007431030273
2.9238834381103516
2.9141550064086914
2.9010467529296875
2.8541107177734375
2.918172597885132
2.8315911293029785
2.8959453105926514
2.6983916759490967
avg_train_loss 2.9867559800045096
avg_val_loss 2.8664552635616727
Done 32 Batches of 139
class_loss = 2.7723333835601807
macro_f1 = 0.06961254136253811
weighted_f1 = 0.07110028633347687
regression_loss = 0.38954341411590576
Params with no grad after backward: ['base_model.layers.29.input_layernorm.weight', 'base_model.layers.29.input_layernorm.bias', 'base_model.layers.29.post_attention_layernorm.weight', 'base_model.layers.29.post_attention_layernorm.bias', 'base_model.layers.29.attention.query_key_value.weight', 'base_model.layers.29.attention.query_key_value.bias', 'base_model.layers.29.attention.dense.weight', 'base_model.layers.29.attention.dense.bias', 'base_model.layers.29.mlp.dense_h_to_4h.weight', 'base_model.layers.29.mlp.dense_h_to_4h.bias', 'base_model.layers.29.mlp.dense_4h_to_h.weight', 'base_model.layers.29.mlp.dense_4h_to_h.bias', 'base_model.layers.30.input_layernorm.weight', 'base_model.layers.30.input_layernorm.bias', 'base_model.layers.30.post_attention_layernorm.weight', 'base_model.layers.30.post_attention_layernorm.bias', 'base_model.layers.30.attention.query_key_value.weight', 'base_model.layers.30.attention.query_key_value.bias', 'base_model.layers.30.attention.dense.weight', 'base_model.layers.30.attention.dense.bias', 'base_model.layers.30.mlp.dense_h_to_4h.weight', 'base_model.layers.30.mlp.dense_h_to_4h.bias', 'base_model.layers.30.mlp.dense_4h_to_h.weight', 'base_model.layers.30.mlp.dense_4h_to_h.bias', 'base_model.layers.31.input_layernorm.weight', 'base_model.layers.31.input_layernorm.bias', 'base_model.layers.31.post_attention_layernorm.weight', 'base_model.layers.31.post_attention_layernorm.bias', 'base_model.layers.31.attention.query_key_value.weight', 'base_model.layers.31.attention.query_key_value.bias', 'base_model.layers.31.attention.dense.weight', 'base_model.layers.31.attention.dense.bias', 'base_model.layers.31.mlp.dense_h_to_4h.weight', 'base_model.layers.31.mlp.dense_h_to_4h.bias', 'base_model.layers.31.mlp.dense_4h_to_h.weight', 'base_model.layers.31.mlp.dense_4h_to_h.bias', 'base_model.final_layer_norm.weight', 'base_model.final_layer_norm.bias', 'shared.fc1.weight', 'shared.fc1.bias', 'shared.fc2.weight', 'shared.fc2.bias', 'classifier.fc.weight', 'classifier.fc.bias', 'classifier.out.weight', 'classifier.out.bias', 'regressor.fc.weight', 'regressor.fc.bias', 'regressor.out.weight', 'regressor.out.bias']
Optimizer param groups: 50
LRs after scheduler: [0.0004993980738362761, 9.987961476725522e-05]
Done 64 Batches of 139
class_loss = 2.793740749359131
macro_f1 = 0.08361966387410276
weighted_f1 = 0.08387971021908396
regression_loss = 0.32259225845336914
Params with no grad after backward: ['base_model.layers.29.input_layernorm.weight', 'base_model.layers.29.input_layernorm.bias', 'base_model.layers.29.post_attention_layernorm.weight', 'base_model.layers.29.post_attention_layernorm.bias', 'base_model.layers.29.attention.query_key_value.weight', 'base_model.layers.29.attention.query_key_value.bias', 'base_model.layers.29.attention.dense.weight', 'base_model.layers.29.attention.dense.bias', 'base_model.layers.29.mlp.dense_h_to_4h.weight', 'base_model.layers.29.mlp.dense_h_to_4h.bias', 'base_model.layers.29.mlp.dense_4h_to_h.weight', 'base_model.layers.29.mlp.dense_4h_to_h.bias', 'base_model.layers.30.input_layernorm.weight', 'base_model.layers.30.input_layernorm.bias', 'base_model.layers.30.post_attention_layernorm.weight', 'base_model.layers.30.post_attention_layernorm.bias', 'base_model.layers.30.attention.query_key_value.weight', 'base_model.layers.30.attention.query_key_value.bias', 'base_model.layers.30.attention.dense.weight', 'base_model.layers.30.attention.dense.bias', 'base_model.layers.30.mlp.dense_h_to_4h.weight', 'base_model.layers.30.mlp.dense_h_to_4h.bias', 'base_model.layers.30.mlp.dense_4h_to_h.weight', 'base_model.layers.30.mlp.dense_4h_to_h.bias', 'base_model.layers.31.input_layernorm.weight', 'base_model.layers.31.input_layernorm.bias', 'base_model.layers.31.post_attention_layernorm.weight', 'base_model.layers.31.post_attention_layernorm.bias', 'base_model.layers.31.attention.query_key_value.weight', 'base_model.layers.31.attention.query_key_value.bias', 'base_model.layers.31.attention.dense.weight', 'base_model.layers.31.attention.dense.bias', 'base_model.layers.31.mlp.dense_h_to_4h.weight', 'base_model.layers.31.mlp.dense_h_to_4h.bias', 'base_model.layers.31.mlp.dense_4h_to_h.weight', 'base_model.layers.31.mlp.dense_4h_to_h.bias', 'base_model.final_layer_norm.weight', 'base_model.final_layer_norm.bias', 'shared.fc1.weight', 'shared.fc1.bias', 'shared.fc2.weight', 'shared.fc2.bias', 'classifier.fc.weight', 'classifier.fc.bias', 'classifier.out.weight', 'classifier.out.bias', 'regressor.fc.weight', 'regressor.fc.bias', 'regressor.out.weight', 'regressor.out.bias']
Optimizer param groups: 50
LRs after scheduler: [0.0004991974317817015, 9.98394863563403e-05]
Done 96 Batches of 139
class_loss = 2.700493812561035
macro_f1 = 0.08734929918105204
weighted_f1 = 0.087756113974018
regression_loss = 0.356096088886261
Params with no grad after backward: ['base_model.layers.29.input_layernorm.weight', 'base_model.layers.29.input_layernorm.bias', 'base_model.layers.29.post_attention_layernorm.weight', 'base_model.layers.29.post_attention_layernorm.bias', 'base_model.layers.29.attention.query_key_value.weight', 'base_model.layers.29.attention.query_key_value.bias', 'base_model.layers.29.attention.dense.weight', 'base_model.layers.29.attention.dense.bias', 'base_model.layers.29.mlp.dense_h_to_4h.weight', 'base_model.layers.29.mlp.dense_h_to_4h.bias', 'base_model.layers.29.mlp.dense_4h_to_h.weight', 'base_model.layers.29.mlp.dense_4h_to_h.bias', 'base_model.layers.30.input_layernorm.weight', 'base_model.layers.30.input_layernorm.bias', 'base_model.layers.30.post_attention_layernorm.weight', 'base_model.layers.30.post_attention_layernorm.bias', 'base_model.layers.30.attention.query_key_value.weight', 'base_model.layers.30.attention.query_key_value.bias', 'base_model.layers.30.attention.dense.weight', 'base_model.layers.30.attention.dense.bias', 'base_model.layers.30.mlp.dense_h_to_4h.weight', 'base_model.layers.30.mlp.dense_h_to_4h.bias', 'base_model.layers.30.mlp.dense_4h_to_h.weight', 'base_model.layers.30.mlp.dense_4h_to_h.bias', 'base_model.layers.31.input_layernorm.weight', 'base_model.layers.31.input_layernorm.bias', 'base_model.layers.31.post_attention_layernorm.weight', 'base_model.layers.31.post_attention_layernorm.bias', 'base_model.layers.31.attention.query_key_value.weight', 'base_model.layers.31.attention.query_key_value.bias', 'base_model.layers.31.attention.dense.weight', 'base_model.layers.31.attention.dense.bias', 'base_model.layers.31.mlp.dense_h_to_4h.weight', 'base_model.layers.31.mlp.dense_h_to_4h.bias', 'base_model.layers.31.mlp.dense_4h_to_h.weight', 'base_model.layers.31.mlp.dense_4h_to_h.bias', 'base_model.final_layer_norm.weight', 'base_model.final_layer_norm.bias', 'shared.fc1.weight', 'shared.fc1.bias', 'shared.fc2.weight', 'shared.fc2.bias', 'classifier.fc.weight', 'classifier.fc.bias', 'classifier.out.weight', 'classifier.out.bias', 'regressor.fc.weight', 'regressor.fc.bias', 'regressor.out.weight', 'regressor.out.bias']
Optimizer param groups: 50
LRs after scheduler: [0.0004989967897271268, 9.979935794542536e-05]
Done 128 Batches of 139
class_loss = 2.6871306896209717
macro_f1 = 0.11508910103973977
weighted_f1 = 0.11480487770833685
regression_loss = 0.3295343518257141
Params with no grad after backward: ['base_model.layers.29.input_layernorm.weight', 'base_model.layers.29.input_layernorm.bias', 'base_model.layers.29.post_attention_layernorm.weight', 'base_model.layers.29.post_attention_layernorm.bias', 'base_model.layers.29.attention.query_key_value.weight', 'base_model.layers.29.attention.query_key_value.bias', 'base_model.layers.29.attention.dense.weight', 'base_model.layers.29.attention.dense.bias', 'base_model.layers.29.mlp.dense_h_to_4h.weight', 'base_model.layers.29.mlp.dense_h_to_4h.bias', 'base_model.layers.29.mlp.dense_4h_to_h.weight', 'base_model.layers.29.mlp.dense_4h_to_h.bias', 'base_model.layers.30.input_layernorm.weight', 'base_model.layers.30.input_layernorm.bias', 'base_model.layers.30.post_attention_layernorm.weight', 'base_model.layers.30.post_attention_layernorm.bias', 'base_model.layers.30.attention.query_key_value.weight', 'base_model.layers.30.attention.query_key_value.bias', 'base_model.layers.30.attention.dense.weight', 'base_model.layers.30.attention.dense.bias', 'base_model.layers.30.mlp.dense_h_to_4h.weight', 'base_model.layers.30.mlp.dense_h_to_4h.bias', 'base_model.layers.30.mlp.dense_4h_to_h.weight', 'base_model.layers.30.mlp.dense_4h_to_h.bias', 'base_model.layers.31.input_layernorm.weight', 'base_model.layers.31.input_layernorm.bias', 'base_model.layers.31.post_attention_layernorm.weight', 'base_model.layers.31.post_attention_layernorm.bias', 'base_model.layers.31.attention.query_key_value.weight', 'base_model.layers.31.attention.query_key_value.bias', 'base_model.layers.31.attention.dense.weight', 'base_model.layers.31.attention.dense.bias', 'base_model.layers.31.mlp.dense_h_to_4h.weight', 'base_model.layers.31.mlp.dense_h_to_4h.bias', 'base_model.layers.31.mlp.dense_4h_to_h.weight', 'base_model.layers.31.mlp.dense_4h_to_h.bias', 'base_model.final_layer_norm.weight', 'base_model.final_layer_norm.bias', 'shared.fc1.weight', 'shared.fc1.bias', 'shared.fc2.weight', 'shared.fc2.bias', 'classifier.fc.weight', 'classifier.fc.bias', 'classifier.out.weight', 'classifier.out.bias', 'regressor.fc.weight', 'regressor.fc.bias', 'regressor.out.weight', 'regressor.out.bias']
Optimizer param groups: 50
LRs after scheduler: [0.0004987961476725522, 9.975922953451044e-05]
Done 139 Batches of 139
class_loss = 2.718716621398926
macro_f1 = 0.12066800493623235
weighted_f1 = 0.12046579876708732
regression_loss = 0.3076573312282562
Params with no grad after backward: ['base_model.layers.29.input_layernorm.weight', 'base_model.layers.29.input_layernorm.bias', 'base_model.layers.29.post_attention_layernorm.weight', 'base_model.layers.29.post_attention_layernorm.bias', 'base_model.layers.29.attention.query_key_value.weight', 'base_model.layers.29.attention.query_key_value.bias', 'base_model.layers.29.attention.dense.weight', 'base_model.layers.29.attention.dense.bias', 'base_model.layers.29.mlp.dense_h_to_4h.weight', 'base_model.layers.29.mlp.dense_h_to_4h.bias', 'base_model.layers.29.mlp.dense_4h_to_h.weight', 'base_model.layers.29.mlp.dense_4h_to_h.bias', 'base_model.layers.30.input_layernorm.weight', 'base_model.layers.30.input_layernorm.bias', 'base_model.layers.30.post_attention_layernorm.weight', 'base_model.layers.30.post_attention_layernorm.bias', 'base_model.layers.30.attention.query_key_value.weight', 'base_model.layers.30.attention.query_key_value.bias', 'base_model.layers.30.attention.dense.weight', 'base_model.layers.30.attention.dense.bias', 'base_model.layers.30.mlp.dense_h_to_4h.weight', 'base_model.layers.30.mlp.dense_h_to_4h.bias', 'base_model.layers.30.mlp.dense_4h_to_h.weight', 'base_model.layers.30.mlp.dense_4h_to_h.bias', 'base_model.layers.31.input_layernorm.weight', 'base_model.layers.31.input_layernorm.bias', 'base_model.layers.31.post_attention_layernorm.weight', 'base_model.layers.31.post_attention_layernorm.bias', 'base_model.layers.31.attention.query_key_value.weight', 'base_model.layers.31.attention.query_key_value.bias', 'base_model.layers.31.attention.dense.weight', 'base_model.layers.31.attention.dense.bias', 'base_model.layers.31.mlp.dense_h_to_4h.weight', 'base_model.layers.31.mlp.dense_h_to_4h.bias', 'base_model.layers.31.mlp.dense_4h_to_h.weight', 'base_model.layers.31.mlp.dense_4h_to_h.bias', 'base_model.final_layer_norm.weight', 'base_model.final_layer_norm.bias', 'shared.fc1.weight', 'shared.fc1.bias', 'shared.fc2.weight', 'shared.fc2.bias', 'classifier.fc.weight', 'classifier.fc.bias', 'classifier.out.weight', 'classifier.out.bias', 'regressor.fc.weight', 'regressor.fc.bias', 'regressor.out.weight', 'regressor.out.bias']
Optimizer param groups: 50
LRs after scheduler: [0.0004985955056179776, 9.971910112359551e-05]
2.6769332885742188
2.7227227687835693
2.7713654041290283
2.6766889095306396
2.6289329528808594
2.658083200454712
2.6083691120147705
2.639909029006958
2.5606229305267334
avg_train_loss 2.7831230781061187
avg_val_loss 2.6604030662112765
Done 32 Batches of 139
class_loss = 2.6102139949798584
macro_f1 = 0.15585421067657074
weighted_f1 = 0.15489349544189396
regression_loss = 0.36349377036094666
Params with no grad after backward: ['base_model.layers.29.input_layernorm.weight', 'base_model.layers.29.input_layernorm.bias', 'base_model.layers.29.post_attention_layernorm.weight', 'base_model.layers.29.post_attention_layernorm.bias', 'base_model.layers.29.attention.query_key_value.weight', 'base_model.layers.29.attention.query_key_value.bias', 'base_model.layers.29.attention.dense.weight', 'base_model.layers.29.attention.dense.bias', 'base_model.layers.29.mlp.dense_h_to_4h.weight', 'base_model.layers.29.mlp.dense_h_to_4h.bias', 'base_model.layers.29.mlp.dense_4h_to_h.weight', 'base_model.layers.29.mlp.dense_4h_to_h.bias', 'base_model.layers.30.input_layernorm.weight', 'base_model.layers.30.input_layernorm.bias', 'base_model.layers.30.post_attention_layernorm.weight', 'base_model.layers.30.post_attention_layernorm.bias', 'base_model.layers.30.attention.query_key_value.weight', 'base_model.layers.30.attention.query_key_value.bias', 'base_model.layers.30.attention.dense.weight', 'base_model.layers.30.attention.dense.bias', 'base_model.layers.30.mlp.dense_h_to_4h.weight', 'base_model.layers.30.mlp.dense_h_to_4h.bias', 'base_model.layers.30.mlp.dense_4h_to_h.weight', 'base_model.layers.30.mlp.dense_4h_to_h.bias', 'base_model.layers.31.input_layernorm.weight', 'base_model.layers.31.input_layernorm.bias', 'base_model.layers.31.post_attention_layernorm.weight', 'base_model.layers.31.post_attention_layernorm.bias', 'base_model.layers.31.attention.query_key_value.weight', 'base_model.layers.31.attention.query_key_value.bias', 'base_model.layers.31.attention.dense.weight', 'base_model.layers.31.attention.dense.bias', 'base_model.layers.31.mlp.dense_h_to_4h.weight', 'base_model.layers.31.mlp.dense_h_to_4h.bias', 'base_model.layers.31.mlp.dense_4h_to_h.weight', 'base_model.layers.31.mlp.dense_4h_to_h.bias', 'base_model.final_layer_norm.weight', 'base_model.final_layer_norm.bias', 'shared.fc1.weight', 'shared.fc1.bias', 'shared.fc2.weight', 'shared.fc2.bias', 'classifier.fc.weight', 'classifier.fc.bias', 'classifier.out.weight', 'classifier.out.bias', 'regressor.fc.weight', 'regressor.fc.bias', 'regressor.out.weight', 'regressor.out.bias']
Optimizer param groups: 50
LRs after scheduler: [0.000498394863563403, 9.967897271268059e-05]
Done 64 Batches of 139
class_loss = 2.4740781784057617
macro_f1 = 0.1726117604839377
weighted_f1 = 0.17266008465631458
regression_loss = 0.4402077794075012
Params with no grad after backward: ['base_model.layers.29.input_layernorm.weight', 'base_model.layers.29.input_layernorm.bias', 'base_model.layers.29.post_attention_layernorm.weight', 'base_model.layers.29.post_attention_layernorm.bias', 'base_model.layers.29.attention.query_key_value.weight', 'base_model.layers.29.attention.query_key_value.bias', 'base_model.layers.29.attention.dense.weight', 'base_model.layers.29.attention.dense.bias', 'base_model.layers.29.mlp.dense_h_to_4h.weight', 'base_model.layers.29.mlp.dense_h_to_4h.bias', 'base_model.layers.29.mlp.dense_4h_to_h.weight', 'base_model.layers.29.mlp.dense_4h_to_h.bias', 'base_model.layers.30.input_layernorm.weight', 'base_model.layers.30.input_layernorm.bias', 'base_model.layers.30.post_attention_layernorm.weight', 'base_model.layers.30.post_attention_layernorm.bias', 'base_model.layers.30.attention.query_key_value.weight', 'base_model.layers.30.attention.query_key_value.bias', 'base_model.layers.30.attention.dense.weight', 'base_model.layers.30.attention.dense.bias', 'base_model.layers.30.mlp.dense_h_to_4h.weight', 'base_model.layers.30.mlp.dense_h_to_4h.bias', 'base_model.layers.30.mlp.dense_4h_to_h.weight', 'base_model.layers.30.mlp.dense_4h_to_h.bias', 'base_model.layers.31.input_layernorm.weight', 'base_model.layers.31.input_layernorm.bias', 'base_model.layers.31.post_attention_layernorm.weight', 'base_model.layers.31.post_attention_layernorm.bias', 'base_model.layers.31.attention.query_key_value.weight', 'base_model.layers.31.attention.query_key_value.bias', 'base_model.layers.31.attention.dense.weight', 'base_model.layers.31.attention.dense.bias', 'base_model.layers.31.mlp.dense_h_to_4h.weight', 'base_model.layers.31.mlp.dense_h_to_4h.bias', 'base_model.layers.31.mlp.dense_4h_to_h.weight', 'base_model.layers.31.mlp.dense_4h_to_h.bias', 'base_model.final_layer_norm.weight', 'base_model.final_layer_norm.bias', 'shared.fc1.weight', 'shared.fc1.bias', 'shared.fc2.weight', 'shared.fc2.bias', 'classifier.fc.weight', 'classifier.fc.bias', 'classifier.out.weight', 'classifier.out.bias', 'regressor.fc.weight', 'regressor.fc.bias', 'regressor.out.weight', 'regressor.out.bias']
Optimizer param groups: 50
LRs after scheduler: [0.0004981942215088283, 9.963884430176565e-05]
Done 96 Batches of 139
class_loss = 2.489306926727295
macro_f1 = 0.17766303823839769
weighted_f1 = 0.17701324945298408
regression_loss = 0.3691776990890503
Params with no grad after backward: ['base_model.layers.29.input_layernorm.weight', 'base_model.layers.29.input_layernorm.bias', 'base_model.layers.29.post_attention_layernorm.weight', 'base_model.layers.29.post_attention_layernorm.bias', 'base_model.layers.29.attention.query_key_value.weight', 'base_model.layers.29.attention.query_key_value.bias', 'base_model.layers.29.attention.dense.weight', 'base_model.layers.29.attention.dense.bias', 'base_model.layers.29.mlp.dense_h_to_4h.weight', 'base_model.layers.29.mlp.dense_h_to_4h.bias', 'base_model.layers.29.mlp.dense_4h_to_h.weight', 'base_model.layers.29.mlp.dense_4h_to_h.bias', 'base_model.layers.30.input_layernorm.weight', 'base_model.layers.30.input_layernorm.bias', 'base_model.layers.30.post_attention_layernorm.weight', 'base_model.layers.30.post_attention_layernorm.bias', 'base_model.layers.30.attention.query_key_value.weight', 'base_model.layers.30.attention.query_key_value.bias', 'base_model.layers.30.attention.dense.weight', 'base_model.layers.30.attention.dense.bias', 'base_model.layers.30.mlp.dense_h_to_4h.weight', 'base_model.layers.30.mlp.dense_h_to_4h.bias', 'base_model.layers.30.mlp.dense_4h_to_h.weight', 'base_model.layers.30.mlp.dense_4h_to_h.bias', 'base_model.layers.31.input_layernorm.weight', 'base_model.layers.31.input_layernorm.bias', 'base_model.layers.31.post_attention_layernorm.weight', 'base_model.layers.31.post_attention_layernorm.bias', 'base_model.layers.31.attention.query_key_value.weight', 'base_model.layers.31.attention.query_key_value.bias', 'base_model.layers.31.attention.dense.weight', 'base_model.layers.31.attention.dense.bias', 'base_model.layers.31.mlp.dense_h_to_4h.weight', 'base_model.layers.31.mlp.dense_h_to_4h.bias', 'base_model.layers.31.mlp.dense_4h_to_h.weight', 'base_model.layers.31.mlp.dense_4h_to_h.bias', 'base_model.final_layer_norm.weight', 'base_model.final_layer_norm.bias', 'shared.fc1.weight', 'shared.fc1.bias', 'shared.fc2.weight', 'shared.fc2.bias', 'classifier.fc.weight', 'classifier.fc.bias', 'classifier.out.weight', 'classifier.out.bias', 'regressor.fc.weight', 'regressor.fc.bias', 'regressor.out.weight', 'regressor.out.bias']
Optimizer param groups: 50
LRs after scheduler: [0.0004979935794542536, 9.959871589085073e-05]
Done 128 Batches of 139
class_loss = 2.4051363468170166
macro_f1 = 0.18373670306708104
weighted_f1 = 0.18347190074907865
regression_loss = 0.37746238708496094
Params with no grad after backward: ['base_model.layers.29.input_layernorm.weight', 'base_model.layers.29.input_layernorm.bias', 'base_model.layers.29.post_attention_layernorm.weight', 'base_model.layers.29.post_attention_layernorm.bias', 'base_model.layers.29.attention.query_key_value.weight', 'base_model.layers.29.attention.query_key_value.bias', 'base_model.layers.29.attention.dense.weight', 'base_model.layers.29.attention.dense.bias', 'base_model.layers.29.mlp.dense_h_to_4h.weight', 'base_model.layers.29.mlp.dense_h_to_4h.bias', 'base_model.layers.29.mlp.dense_4h_to_h.weight', 'base_model.layers.29.mlp.dense_4h_to_h.bias', 'base_model.layers.30.input_layernorm.weight', 'base_model.layers.30.input_layernorm.bias', 'base_model.layers.30.post_attention_layernorm.weight', 'base_model.layers.30.post_attention_layernorm.bias', 'base_model.layers.30.attention.query_key_value.weight', 'base_model.layers.30.attention.query_key_value.bias', 'base_model.layers.30.attention.dense.weight', 'base_model.layers.30.attention.dense.bias', 'base_model.layers.30.mlp.dense_h_to_4h.weight', 'base_model.layers.30.mlp.dense_h_to_4h.bias', 'base_model.layers.30.mlp.dense_4h_to_h.weight', 'base_model.layers.30.mlp.dense_4h_to_h.bias', 'base_model.layers.31.input_layernorm.weight', 'base_model.layers.31.input_layernorm.bias', 'base_model.layers.31.post_attention_layernorm.weight', 'base_model.layers.31.post_attention_layernorm.bias', 'base_model.layers.31.attention.query_key_value.weight', 'base_model.layers.31.attention.query_key_value.bias', 'base_model.layers.31.attention.dense.weight', 'base_model.layers.31.attention.dense.bias', 'base_model.layers.31.mlp.dense_h_to_4h.weight', 'base_model.layers.31.mlp.dense_h_to_4h.bias', 'base_model.layers.31.mlp.dense_4h_to_h.weight', 'base_model.layers.31.mlp.dense_4h_to_h.bias', 'base_model.final_layer_norm.weight', 'base_model.final_layer_norm.bias', 'shared.fc1.weight', 'shared.fc1.bias', 'shared.fc2.weight', 'shared.fc2.bias', 'classifier.fc.weight', 'classifier.fc.bias', 'classifier.out.weight', 'classifier.out.bias', 'regressor.fc.weight', 'regressor.fc.bias', 'regressor.out.weight', 'regressor.out.bias']
Optimizer param groups: 50
LRs after scheduler: [0.000497792937399679, 9.955858747993579e-05]
Done 139 Batches of 139
class_loss = 2.494133472442627
macro_f1 = 0.18868468764178375
weighted_f1 = 0.18852710216813925
regression_loss = 0.5385510325431824
Params with no grad after backward: ['base_model.layers.29.input_layernorm.weight', 'base_model.layers.29.input_layernorm.bias', 'base_model.layers.29.post_attention_layernorm.weight', 'base_model.layers.29.post_attention_layernorm.bias', 'base_model.layers.29.attention.query_key_value.weight', 'base_model.layers.29.attention.query_key_value.bias', 'base_model.layers.29.attention.dense.weight', 'base_model.layers.29.attention.dense.bias', 'base_model.layers.29.mlp.dense_h_to_4h.weight', 'base_model.layers.29.mlp.dense_h_to_4h.bias', 'base_model.layers.29.mlp.dense_4h_to_h.weight', 'base_model.layers.29.mlp.dense_4h_to_h.bias', 'base_model.layers.30.input_layernorm.weight', 'base_model.layers.30.input_layernorm.bias', 'base_model.layers.30.post_attention_layernorm.weight', 'base_model.layers.30.post_attention_layernorm.bias', 'base_model.layers.30.attention.query_key_value.weight', 'base_model.layers.30.attention.query_key_value.bias', 'base_model.layers.30.attention.dense.weight', 'base_model.layers.30.attention.dense.bias', 'base_model.layers.30.mlp.dense_h_to_4h.weight', 'base_model.layers.30.mlp.dense_h_to_4h.bias', 'base_model.layers.30.mlp.dense_4h_to_h.weight', 'base_model.layers.30.mlp.dense_4h_to_h.bias', 'base_model.layers.31.input_layernorm.weight', 'base_model.layers.31.input_layernorm.bias', 'base_model.layers.31.post_attention_layernorm.weight', 'base_model.layers.31.post_attention_layernorm.bias', 'base_model.layers.31.attention.query_key_value.weight', 'base_model.layers.31.attention.query_key_value.bias', 'base_model.layers.31.attention.dense.weight', 'base_model.layers.31.attention.dense.bias', 'base_model.layers.31.mlp.dense_h_to_4h.weight', 'base_model.layers.31.mlp.dense_h_to_4h.bias', 'base_model.layers.31.mlp.dense_4h_to_h.weight', 'base_model.layers.31.mlp.dense_4h_to_h.bias', 'base_model.final_layer_norm.weight', 'base_model.final_layer_norm.bias', 'shared.fc1.weight', 'shared.fc1.bias', 'shared.fc2.weight', 'shared.fc2.bias', 'classifier.fc.weight', 'classifier.fc.bias', 'classifier.out.weight', 'classifier.out.bias', 'regressor.fc.weight', 'regressor.fc.bias', 'regressor.out.weight', 'regressor.out.bias']
Optimizer param groups: 50
LRs after scheduler: [0.0004975922953451043, 9.951845906902088e-05]
2.5556774139404297
2.6633963584899902
2.68212628364563
2.5076804161071777
2.4927279949188232
2.5452945232391357
2.471428632736206
2.4863319396972656
2.3770909309387207
avg_train_loss 2.568063696511358
avg_val_loss 2.5313060548570423
Done 32 Batches of 139
class_loss = 2.431684970855713
macro_f1 = 0.21334704512982125
weighted_f1 = 0.21221115463758003
regression_loss = 0.3739311099052429
Params with no grad after backward: ['base_model.layers.29.input_layernorm.weight', 'base_model.layers.29.input_layernorm.bias', 'base_model.layers.29.post_attention_layernorm.weight', 'base_model.layers.29.post_attention_layernorm.bias', 'base_model.layers.29.attention.query_key_value.weight', 'base_model.layers.29.attention.query_key_value.bias', 'base_model.layers.29.attention.dense.weight', 'base_model.layers.29.attention.dense.bias', 'base_model.layers.29.mlp.dense_h_to_4h.weight', 'base_model.layers.29.mlp.dense_h_to_4h.bias', 'base_model.layers.29.mlp.dense_4h_to_h.weight', 'base_model.layers.29.mlp.dense_4h_to_h.bias', 'base_model.layers.30.input_layernorm.weight', 'base_model.layers.30.input_layernorm.bias', 'base_model.layers.30.post_attention_layernorm.weight', 'base_model.layers.30.post_attention_layernorm.bias', 'base_model.layers.30.attention.query_key_value.weight', 'base_model.layers.30.attention.query_key_value.bias', 'base_model.layers.30.attention.dense.weight', 'base_model.layers.30.attention.dense.bias', 'base_model.layers.30.mlp.dense_h_to_4h.weight', 'base_model.layers.30.mlp.dense_h_to_4h.bias', 'base_model.layers.30.mlp.dense_4h_to_h.weight', 'base_model.layers.30.mlp.dense_4h_to_h.bias', 'base_model.layers.31.input_layernorm.weight', 'base_model.layers.31.input_layernorm.bias', 'base_model.layers.31.post_attention_layernorm.weight', 'base_model.layers.31.post_attention_layernorm.bias', 'base_model.layers.31.attention.query_key_value.weight', 'base_model.layers.31.attention.query_key_value.bias', 'base_model.layers.31.attention.dense.weight', 'base_model.layers.31.attention.dense.bias', 'base_model.layers.31.mlp.dense_h_to_4h.weight', 'base_model.layers.31.mlp.dense_h_to_4h.bias', 'base_model.layers.31.mlp.dense_4h_to_h.weight', 'base_model.layers.31.mlp.dense_4h_to_h.bias', 'base_model.final_layer_norm.weight', 'base_model.final_layer_norm.bias', 'shared.fc1.weight', 'shared.fc1.bias', 'shared.fc2.weight', 'shared.fc2.bias', 'classifier.fc.weight', 'classifier.fc.bias', 'classifier.out.weight', 'classifier.out.bias', 'regressor.fc.weight', 'regressor.fc.bias', 'regressor.out.weight', 'regressor.out.bias']
Optimizer param groups: 50
LRs after scheduler: [0.0004973916532905297, 9.947833065810594e-05]
Done 64 Batches of 139
class_loss = 2.5348079204559326
macro_f1 = 0.21434305397096223
weighted_f1 = 0.21406859539894965
regression_loss = 0.3115230202674866
Params with no grad after backward: ['base_model.layers.29.input_layernorm.weight', 'base_model.layers.29.input_layernorm.bias', 'base_model.layers.29.post_attention_layernorm.weight', 'base_model.layers.29.post_attention_layernorm.bias', 'base_model.layers.29.attention.query_key_value.weight', 'base_model.layers.29.attention.query_key_value.bias', 'base_model.layers.29.attention.dense.weight', 'base_model.layers.29.attention.dense.bias', 'base_model.layers.29.mlp.dense_h_to_4h.weight', 'base_model.layers.29.mlp.dense_h_to_4h.bias', 'base_model.layers.29.mlp.dense_4h_to_h.weight', 'base_model.layers.29.mlp.dense_4h_to_h.bias', 'base_model.layers.30.input_layernorm.weight', 'base_model.layers.30.input_layernorm.bias', 'base_model.layers.30.post_attention_layernorm.weight', 'base_model.layers.30.post_attention_layernorm.bias', 'base_model.layers.30.attention.query_key_value.weight', 'base_model.layers.30.attention.query_key_value.bias', 'base_model.layers.30.attention.dense.weight', 'base_model.layers.30.attention.dense.bias', 'base_model.layers.30.mlp.dense_h_to_4h.weight', 'base_model.layers.30.mlp.dense_h_to_4h.bias', 'base_model.layers.30.mlp.dense_4h_to_h.weight', 'base_model.layers.30.mlp.dense_4h_to_h.bias', 'base_model.layers.31.input_layernorm.weight', 'base_model.layers.31.input_layernorm.bias', 'base_model.layers.31.post_attention_layernorm.weight', 'base_model.layers.31.post_attention_layernorm.bias', 'base_model.layers.31.attention.query_key_value.weight', 'base_model.layers.31.attention.query_key_value.bias', 'base_model.layers.31.attention.dense.weight', 'base_model.layers.31.attention.dense.bias', 'base_model.layers.31.mlp.dense_h_to_4h.weight', 'base_model.layers.31.mlp.dense_h_to_4h.bias', 'base_model.layers.31.mlp.dense_4h_to_h.weight', 'base_model.layers.31.mlp.dense_4h_to_h.bias', 'base_model.final_layer_norm.weight', 'base_model.final_layer_norm.bias', 'shared.fc1.weight', 'shared.fc1.bias', 'shared.fc2.weight', 'shared.fc2.bias', 'classifier.fc.weight', 'classifier.fc.bias', 'classifier.out.weight', 'classifier.out.bias', 'regressor.fc.weight', 'regressor.fc.bias', 'regressor.out.weight', 'regressor.out.bias']
Optimizer param groups: 50
LRs after scheduler: [0.0004971910112359551, 9.943820224719102e-05]
Done 96 Batches of 139
class_loss = 2.3627803325653076
macro_f1 = 0.23003657874356748
weighted_f1 = 0.22940378644252563
regression_loss = 0.38398081064224243
Params with no grad after backward: ['base_model.layers.29.input_layernorm.weight', 'base_model.layers.29.input_layernorm.bias', 'base_model.layers.29.post_attention_layernorm.weight', 'base_model.layers.29.post_attention_layernorm.bias', 'base_model.layers.29.attention.query_key_value.weight', 'base_model.layers.29.attention.query_key_value.bias', 'base_model.layers.29.attention.dense.weight', 'base_model.layers.29.attention.dense.bias', 'base_model.layers.29.mlp.dense_h_to_4h.weight', 'base_model.layers.29.mlp.dense_h_to_4h.bias', 'base_model.layers.29.mlp.dense_4h_to_h.weight', 'base_model.layers.29.mlp.dense_4h_to_h.bias', 'base_model.layers.30.input_layernorm.weight', 'base_model.layers.30.input_layernorm.bias', 'base_model.layers.30.post_attention_layernorm.weight', 'base_model.layers.30.post_attention_layernorm.bias', 'base_model.layers.30.attention.query_key_value.weight', 'base_model.layers.30.attention.query_key_value.bias', 'base_model.layers.30.attention.dense.weight', 'base_model.layers.30.attention.dense.bias', 'base_model.layers.30.mlp.dense_h_to_4h.weight', 'base_model.layers.30.mlp.dense_h_to_4h.bias', 'base_model.layers.30.mlp.dense_4h_to_h.weight', 'base_model.layers.30.mlp.dense_4h_to_h.bias', 'base_model.layers.31.input_layernorm.weight', 'base_model.layers.31.input_layernorm.bias', 'base_model.layers.31.post_attention_layernorm.weight', 'base_model.layers.31.post_attention_layernorm.bias', 'base_model.layers.31.attention.query_key_value.weight', 'base_model.layers.31.attention.query_key_value.bias', 'base_model.layers.31.attention.dense.weight', 'base_model.layers.31.attention.dense.bias', 'base_model.layers.31.mlp.dense_h_to_4h.weight', 'base_model.layers.31.mlp.dense_h_to_4h.bias', 'base_model.layers.31.mlp.dense_4h_to_h.weight', 'base_model.layers.31.mlp.dense_4h_to_h.bias', 'base_model.final_layer_norm.weight', 'base_model.final_layer_norm.bias', 'shared.fc1.weight', 'shared.fc1.bias', 'shared.fc2.weight', 'shared.fc2.bias', 'classifier.fc.weight', 'classifier.fc.bias', 'classifier.out.weight', 'classifier.out.bias', 'regressor.fc.weight', 'regressor.fc.bias', 'regressor.out.weight', 'regressor.out.bias']
Optimizer param groups: 50
LRs after scheduler: [0.0004969903691813805, 9.939807383627608e-05]
Done 128 Batches of 139
class_loss = 2.260756015777588
macro_f1 = 0.24607278839276234
weighted_f1 = 0.2460345691456686
regression_loss = 0.3237229883670807
Params with no grad after backward: ['base_model.layers.29.input_layernorm.weight', 'base_model.layers.29.input_layernorm.bias', 'base_model.layers.29.post_attention_layernorm.weight', 'base_model.layers.29.post_attention_layernorm.bias', 'base_model.layers.29.attention.query_key_value.weight', 'base_model.layers.29.attention.query_key_value.bias', 'base_model.layers.29.attention.dense.weight', 'base_model.layers.29.attention.dense.bias', 'base_model.layers.29.mlp.dense_h_to_4h.weight', 'base_model.layers.29.mlp.dense_h_to_4h.bias', 'base_model.layers.29.mlp.dense_4h_to_h.weight', 'base_model.layers.29.mlp.dense_4h_to_h.bias', 'base_model.layers.30.input_layernorm.weight', 'base_model.layers.30.input_layernorm.bias', 'base_model.layers.30.post_attention_layernorm.weight', 'base_model.layers.30.post_attention_layernorm.bias', 'base_model.layers.30.attention.query_key_value.weight', 'base_model.layers.30.attention.query_key_value.bias', 'base_model.layers.30.attention.dense.weight', 'base_model.layers.30.attention.dense.bias', 'base_model.layers.30.mlp.dense_h_to_4h.weight', 'base_model.layers.30.mlp.dense_h_to_4h.bias', 'base_model.layers.30.mlp.dense_4h_to_h.weight', 'base_model.layers.30.mlp.dense_4h_to_h.bias', 'base_model.layers.31.input_layernorm.weight', 'base_model.layers.31.input_layernorm.bias', 'base_model.layers.31.post_attention_layernorm.weight', 'base_model.layers.31.post_attention_layernorm.bias', 'base_model.layers.31.attention.query_key_value.weight', 'base_model.layers.31.attention.query_key_value.bias', 'base_model.layers.31.attention.dense.weight', 'base_model.layers.31.attention.dense.bias', 'base_model.layers.31.mlp.dense_h_to_4h.weight', 'base_model.layers.31.mlp.dense_h_to_4h.bias', 'base_model.layers.31.mlp.dense_4h_to_h.weight', 'base_model.layers.31.mlp.dense_4h_to_h.bias', 'base_model.final_layer_norm.weight', 'base_model.final_layer_norm.bias', 'shared.fc1.weight', 'shared.fc1.bias', 'shared.fc2.weight', 'shared.fc2.bias', 'classifier.fc.weight', 'classifier.fc.bias', 'classifier.out.weight', 'classifier.out.bias', 'regressor.fc.weight', 'regressor.fc.bias', 'regressor.out.weight', 'regressor.out.bias']
Optimizer param groups: 50
LRs after scheduler: [0.0004967897271268058, 9.935794542536117e-05]
Done 139 Batches of 139
class_loss = 2.1899924278259277
macro_f1 = 0.25039683950797803
weighted_f1 = 0.25038028401152324
regression_loss = 0.25559478998184204
Params with no grad after backward: ['base_model.layers.29.input_layernorm.weight', 'base_model.layers.29.input_layernorm.bias', 'base_model.layers.29.post_attention_layernorm.weight', 'base_model.layers.29.post_attention_layernorm.bias', 'base_model.layers.29.attention.query_key_value.weight', 'base_model.layers.29.attention.query_key_value.bias', 'base_model.layers.29.attention.dense.weight', 'base_model.layers.29.attention.dense.bias', 'base_model.layers.29.mlp.dense_h_to_4h.weight', 'base_model.layers.29.mlp.dense_h_to_4h.bias', 'base_model.layers.29.mlp.dense_4h_to_h.weight', 'base_model.layers.29.mlp.dense_4h_to_h.bias', 'base_model.layers.30.input_layernorm.weight', 'base_model.layers.30.input_layernorm.bias', 'base_model.layers.30.post_attention_layernorm.weight', 'base_model.layers.30.post_attention_layernorm.bias', 'base_model.layers.30.attention.query_key_value.weight', 'base_model.layers.30.attention.query_key_value.bias', 'base_model.layers.30.attention.dense.weight', 'base_model.layers.30.attention.dense.bias', 'base_model.layers.30.mlp.dense_h_to_4h.weight', 'base_model.layers.30.mlp.dense_h_to_4h.bias', 'base_model.layers.30.mlp.dense_4h_to_h.weight', 'base_model.layers.30.mlp.dense_4h_to_h.bias', 'base_model.layers.31.input_layernorm.weight', 'base_model.layers.31.input_layernorm.bias', 'base_model.layers.31.post_attention_layernorm.weight', 'base_model.layers.31.post_attention_layernorm.bias', 'base_model.layers.31.attention.query_key_value.weight', 'base_model.layers.31.attention.query_key_value.bias', 'base_model.layers.31.attention.dense.weight', 'base_model.layers.31.attention.dense.bias', 'base_model.layers.31.mlp.dense_h_to_4h.weight', 'base_model.layers.31.mlp.dense_h_to_4h.bias', 'base_model.layers.31.mlp.dense_4h_to_h.weight', 'base_model.layers.31.mlp.dense_4h_to_h.bias', 'base_model.final_layer_norm.weight', 'base_model.final_layer_norm.bias', 'shared.fc1.weight', 'shared.fc1.bias', 'shared.fc2.weight', 'shared.fc2.bias', 'classifier.fc.weight', 'classifier.fc.bias', 'classifier.out.weight', 'classifier.out.bias', 'regressor.fc.weight', 'regressor.fc.bias', 'regressor.out.weight', 'regressor.out.bias']
Optimizer param groups: 50
LRs after scheduler: [0.0004965890850722311, 9.931781701444623e-05]
2.317892074584961
2.466763973236084
2.316840410232544
2.2774605751037598
2.195647716522217
2.3603951930999756
2.25846791267395
2.260453224182129
2.2004992961883545
avg_train_loss 2.3896914454672835
avg_val_loss 2.294935597313775
2.4203174114227295
2.3891477584838867
2.5735480785369873
2.4041998386383057
2.4110562801361084
2.5578453540802
2.53493070602417
2.5132791996002197
2.4236209392547607
2.4276225566864014
2.424640655517578
2.3345577716827393
2.3026697635650635
2.4114646911621094
2.5195086002349854
2.444852590560913
2.192903757095337
