/pfs/lustrep2/projappl/project_465002413/ChessGPT/chessgpt_multitask.py:33: DtypeWarning: Columns (3,5) have mixed types. Specify dtype option on import or set low_memory=False.
  df = pd.read_csv(csv_path)
/pfs/lustrep2/projappl/project_465002413/ChessGPT/chessgpt_multitask.py:80: FutureWarning: A value is trying to be set on a copy of a DataFrame or Series through chained assignment using an inplace method.
The behavior will change in pandas 3.0. This inplace method will never work because the intermediate object on which we are setting values always behaves as a copy.

For example, when doing 'df[col].method(value, inplace=True)', try using 'df.method({col: value}, inplace=True)' or df[col] = df[col].method(value) instead, to perform the operation inplace on the original object.


  df_white_black['white_elo'].fillna(df_white_black['white_elo'].mean(), inplace=True)
/pfs/lustrep2/projappl/project_465002413/ChessGPT/chessgpt_multitask.py:81: FutureWarning: A value is trying to be set on a copy of a DataFrame or Series through chained assignment using an inplace method.
The behavior will change in pandas 3.0. This inplace method will never work because the intermediate object on which we are setting values always behaves as a copy.

For example, when doing 'df[col].method(value, inplace=True)', try using 'df.method({col: value}, inplace=True)' or df[col] = df[col].method(value) instead, to perform the operation inplace on the original object.


  df_white_black['black_elo'].fillna(df_white_black['black_elo'].mean(), inplace=True)
Total: 20,853
Train: 17,725 (85.00%)
Val:   1,042 (5.00%)
Test:  2,086 (10.00%)
|-|-|-|-|-|mean_elo: 2663.78369140625|-|-|-|-|
|-|-|-|-|-|std_elo: 110.49032592773438|-|-|-|-|

Loading checkpoint shards:   0%|          | 0/2 [00:00<?, ?it/s]
Loading checkpoint shards:  50%|█████     | 1/2 [00:06<00:06,  6.51s/it]
Loading checkpoint shards: 100%|██████████| 2/2 [00:07<00:00,  2.99s/it]
Loading checkpoint shards: 100%|██████████| 2/2 [00:07<00:00,  3.52s/it]
HYPERPARAM: 
 shared_dim1=1024, 
 shared_dim2=512, 
 head_dim=256, 
 dropout=0.0
HYPERPARAM: tokenizer, max_length=256
139
Unfroze last transformer layer.
HYPERPARAM: lrs: 5e-4  &  1e-4
HYPERPARAM: weight_decays: 0.00001  &  0.00001
Using device: cuda
HYPERPARAM: alpha: 0.4
Done 32 Batches of 139
class_loss = 2.9961071014404297
macro_f1 = 0.00582697035973735
weighted_f1 = 0.0060045489323157265
regression_loss = 0.36388099193573
Params with no grad after backward: ['base_model.layers.29.input_layernorm.weight', 'base_model.layers.29.input_layernorm.bias', 'base_model.layers.29.post_attention_layernorm.weight', 'base_model.layers.29.post_attention_layernorm.bias', 'base_model.layers.29.attention.query_key_value.weight', 'base_model.layers.29.attention.query_key_value.bias', 'base_model.layers.29.attention.dense.weight', 'base_model.layers.29.attention.dense.bias', 'base_model.layers.29.mlp.dense_h_to_4h.weight', 'base_model.layers.29.mlp.dense_h_to_4h.bias', 'base_model.layers.29.mlp.dense_4h_to_h.weight', 'base_model.layers.29.mlp.dense_4h_to_h.bias', 'base_model.layers.30.input_layernorm.weight', 'base_model.layers.30.input_layernorm.bias', 'base_model.layers.30.post_attention_layernorm.weight', 'base_model.layers.30.post_attention_layernorm.bias', 'base_model.layers.30.attention.query_key_value.weight', 'base_model.layers.30.attention.query_key_value.bias', 'base_model.layers.30.attention.dense.weight', 'base_model.layers.30.attention.dense.bias', 'base_model.layers.30.mlp.dense_h_to_4h.weight', 'base_model.layers.30.mlp.dense_h_to_4h.bias', 'base_model.layers.30.mlp.dense_4h_to_h.weight', 'base_model.layers.30.mlp.dense_4h_to_h.bias', 'base_model.layers.31.input_layernorm.weight', 'base_model.layers.31.input_layernorm.bias', 'base_model.layers.31.post_attention_layernorm.weight', 'base_model.layers.31.post_attention_layernorm.bias', 'base_model.layers.31.attention.query_key_value.weight', 'base_model.layers.31.attention.query_key_value.bias', 'base_model.layers.31.attention.dense.weight', 'base_model.layers.31.attention.dense.bias', 'base_model.layers.31.mlp.dense_h_to_4h.weight', 'base_model.layers.31.mlp.dense_h_to_4h.bias', 'base_model.layers.31.mlp.dense_4h_to_h.weight', 'base_model.layers.31.mlp.dense_4h_to_h.bias', 'base_model.final_layer_norm.weight', 'base_model.final_layer_norm.bias', 'shared.fc1.weight', 'shared.fc1.bias', 'shared.fc2.weight', 'shared.fc2.bias', 'classifier.fc.weight', 'classifier.fc.bias', 'classifier.out.weight', 'classifier.out.bias', 'regressor.fc.weight', 'regressor.fc.bias', 'regressor.out.weight', 'regressor.out.bias']
Optimizer param groups: 50
LRs after scheduler: [6.25e-05, 1.25e-05]
Done 64 Batches of 139
class_loss = 3.00118350982666
macro_f1 = 0.0054581930817714066
weighted_f1 = 0.005173765447017098
regression_loss = 0.4212801456451416
Params with no grad after backward: ['base_model.layers.29.input_layernorm.weight', 'base_model.layers.29.input_layernorm.bias', 'base_model.layers.29.post_attention_layernorm.weight', 'base_model.layers.29.post_attention_layernorm.bias', 'base_model.layers.29.attention.query_key_value.weight', 'base_model.layers.29.attention.query_key_value.bias', 'base_model.layers.29.attention.dense.weight', 'base_model.layers.29.attention.dense.bias', 'base_model.layers.29.mlp.dense_h_to_4h.weight', 'base_model.layers.29.mlp.dense_h_to_4h.bias', 'base_model.layers.29.mlp.dense_4h_to_h.weight', 'base_model.layers.29.mlp.dense_4h_to_h.bias', 'base_model.layers.30.input_layernorm.weight', 'base_model.layers.30.input_layernorm.bias', 'base_model.layers.30.post_attention_layernorm.weight', 'base_model.layers.30.post_attention_layernorm.bias', 'base_model.layers.30.attention.query_key_value.weight', 'base_model.layers.30.attention.query_key_value.bias', 'base_model.layers.30.attention.dense.weight', 'base_model.layers.30.attention.dense.bias', 'base_model.layers.30.mlp.dense_h_to_4h.weight', 'base_model.layers.30.mlp.dense_h_to_4h.bias', 'base_model.layers.30.mlp.dense_4h_to_h.weight', 'base_model.layers.30.mlp.dense_4h_to_h.bias', 'base_model.layers.31.input_layernorm.weight', 'base_model.layers.31.input_layernorm.bias', 'base_model.layers.31.post_attention_layernorm.weight', 'base_model.layers.31.post_attention_layernorm.bias', 'base_model.layers.31.attention.query_key_value.weight', 'base_model.layers.31.attention.query_key_value.bias', 'base_model.layers.31.attention.dense.weight', 'base_model.layers.31.attention.dense.bias', 'base_model.layers.31.mlp.dense_h_to_4h.weight', 'base_model.layers.31.mlp.dense_h_to_4h.bias', 'base_model.layers.31.mlp.dense_4h_to_h.weight', 'base_model.layers.31.mlp.dense_4h_to_h.bias', 'base_model.final_layer_norm.weight', 'base_model.final_layer_norm.bias', 'shared.fc1.weight', 'shared.fc1.bias', 'shared.fc2.weight', 'shared.fc2.bias', 'classifier.fc.weight', 'classifier.fc.bias', 'classifier.out.weight', 'classifier.out.bias', 'regressor.fc.weight', 'regressor.fc.bias', 'regressor.out.weight', 'regressor.out.bias']
Optimizer param groups: 50
LRs after scheduler: [0.000125, 2.5e-05]
Done 96 Batches of 139
class_loss = 2.995274066925049
macro_f1 = 0.01434649737473942
weighted_f1 = 0.014460776713747351
regression_loss = 0.3486934304237366
Params with no grad after backward: ['base_model.layers.29.input_layernorm.weight', 'base_model.layers.29.input_layernorm.bias', 'base_model.layers.29.post_attention_layernorm.weight', 'base_model.layers.29.post_attention_layernorm.bias', 'base_model.layers.29.attention.query_key_value.weight', 'base_model.layers.29.attention.query_key_value.bias', 'base_model.layers.29.attention.dense.weight', 'base_model.layers.29.attention.dense.bias', 'base_model.layers.29.mlp.dense_h_to_4h.weight', 'base_model.layers.29.mlp.dense_h_to_4h.bias', 'base_model.layers.29.mlp.dense_4h_to_h.weight', 'base_model.layers.29.mlp.dense_4h_to_h.bias', 'base_model.layers.30.input_layernorm.weight', 'base_model.layers.30.input_layernorm.bias', 'base_model.layers.30.post_attention_layernorm.weight', 'base_model.layers.30.post_attention_layernorm.bias', 'base_model.layers.30.attention.query_key_value.weight', 'base_model.layers.30.attention.query_key_value.bias', 'base_model.layers.30.attention.dense.weight', 'base_model.layers.30.attention.dense.bias', 'base_model.layers.30.mlp.dense_h_to_4h.weight', 'base_model.layers.30.mlp.dense_h_to_4h.bias', 'base_model.layers.30.mlp.dense_4h_to_h.weight', 'base_model.layers.30.mlp.dense_4h_to_h.bias', 'base_model.layers.31.input_layernorm.weight', 'base_model.layers.31.input_layernorm.bias', 'base_model.layers.31.post_attention_layernorm.weight', 'base_model.layers.31.post_attention_layernorm.bias', 'base_model.layers.31.attention.query_key_value.weight', 'base_model.layers.31.attention.query_key_value.bias', 'base_model.layers.31.attention.dense.weight', 'base_model.layers.31.attention.dense.bias', 'base_model.layers.31.mlp.dense_h_to_4h.weight', 'base_model.layers.31.mlp.dense_h_to_4h.bias', 'base_model.layers.31.mlp.dense_4h_to_h.weight', 'base_model.layers.31.mlp.dense_4h_to_h.bias', 'base_model.final_layer_norm.weight', 'base_model.final_layer_norm.bias', 'shared.fc1.weight', 'shared.fc1.bias', 'shared.fc2.weight', 'shared.fc2.bias', 'classifier.fc.weight', 'classifier.fc.bias', 'classifier.out.weight', 'classifier.out.bias', 'regressor.fc.weight', 'regressor.fc.bias', 'regressor.out.weight', 'regressor.out.bias']
Optimizer param groups: 50
LRs after scheduler: [0.0001875, 3.7500000000000003e-05]
Done 128 Batches of 139
class_loss = 2.995278835296631
macro_f1 = 0.02173799438632821
weighted_f1 = 0.02191154540090466
regression_loss = 0.3360466957092285
Params with no grad after backward: ['base_model.layers.29.input_layernorm.weight', 'base_model.layers.29.input_layernorm.bias', 'base_model.layers.29.post_attention_layernorm.weight', 'base_model.layers.29.post_attention_layernorm.bias', 'base_model.layers.29.attention.query_key_value.weight', 'base_model.layers.29.attention.query_key_value.bias', 'base_model.layers.29.attention.dense.weight', 'base_model.layers.29.attention.dense.bias', 'base_model.layers.29.mlp.dense_h_to_4h.weight', 'base_model.layers.29.mlp.dense_h_to_4h.bias', 'base_model.layers.29.mlp.dense_4h_to_h.weight', 'base_model.layers.29.mlp.dense_4h_to_h.bias', 'base_model.layers.30.input_layernorm.weight', 'base_model.layers.30.input_layernorm.bias', 'base_model.layers.30.post_attention_layernorm.weight', 'base_model.layers.30.post_attention_layernorm.bias', 'base_model.layers.30.attention.query_key_value.weight', 'base_model.layers.30.attention.query_key_value.bias', 'base_model.layers.30.attention.dense.weight', 'base_model.layers.30.attention.dense.bias', 'base_model.layers.30.mlp.dense_h_to_4h.weight', 'base_model.layers.30.mlp.dense_h_to_4h.bias', 'base_model.layers.30.mlp.dense_4h_to_h.weight', 'base_model.layers.30.mlp.dense_4h_to_h.bias', 'base_model.layers.31.input_layernorm.weight', 'base_model.layers.31.input_layernorm.bias', 'base_model.layers.31.post_attention_layernorm.weight', 'base_model.layers.31.post_attention_layernorm.bias', 'base_model.layers.31.attention.query_key_value.weight', 'base_model.layers.31.attention.query_key_value.bias', 'base_model.layers.31.attention.dense.weight', 'base_model.layers.31.attention.dense.bias', 'base_model.layers.31.mlp.dense_h_to_4h.weight', 'base_model.layers.31.mlp.dense_h_to_4h.bias', 'base_model.layers.31.mlp.dense_4h_to_h.weight', 'base_model.layers.31.mlp.dense_4h_to_h.bias', 'base_model.final_layer_norm.weight', 'base_model.final_layer_norm.bias', 'shared.fc1.weight', 'shared.fc1.bias', 'shared.fc2.weight', 'shared.fc2.bias', 'classifier.fc.weight', 'classifier.fc.bias', 'classifier.out.weight', 'classifier.out.bias', 'regressor.fc.weight', 'regressor.fc.bias', 'regressor.out.weight', 'regressor.out.bias']
Optimizer param groups: 50
LRs after scheduler: [0.00025, 5e-05]
Done 139 Batches of 139
class_loss = 2.991546154022217
macro_f1 = 0.025772538849751413
weighted_f1 = 0.02579464815308452
regression_loss = 0.30543431639671326
Params with no grad after backward: ['base_model.layers.29.input_layernorm.weight', 'base_model.layers.29.input_layernorm.bias', 'base_model.layers.29.post_attention_layernorm.weight', 'base_model.layers.29.post_attention_layernorm.bias', 'base_model.layers.29.attention.query_key_value.weight', 'base_model.layers.29.attention.query_key_value.bias', 'base_model.layers.29.attention.dense.weight', 'base_model.layers.29.attention.dense.bias', 'base_model.layers.29.mlp.dense_h_to_4h.weight', 'base_model.layers.29.mlp.dense_h_to_4h.bias', 'base_model.layers.29.mlp.dense_4h_to_h.weight', 'base_model.layers.29.mlp.dense_4h_to_h.bias', 'base_model.layers.30.input_layernorm.weight', 'base_model.layers.30.input_layernorm.bias', 'base_model.layers.30.post_attention_layernorm.weight', 'base_model.layers.30.post_attention_layernorm.bias', 'base_model.layers.30.attention.query_key_value.weight', 'base_model.layers.30.attention.query_key_value.bias', 'base_model.layers.30.attention.dense.weight', 'base_model.layers.30.attention.dense.bias', 'base_model.layers.30.mlp.dense_h_to_4h.weight', 'base_model.layers.30.mlp.dense_h_to_4h.bias', 'base_model.layers.30.mlp.dense_4h_to_h.weight', 'base_model.layers.30.mlp.dense_4h_to_h.bias', 'base_model.layers.31.input_layernorm.weight', 'base_model.layers.31.input_layernorm.bias', 'base_model.layers.31.post_attention_layernorm.weight', 'base_model.layers.31.post_attention_layernorm.bias', 'base_model.layers.31.attention.query_key_value.weight', 'base_model.layers.31.attention.query_key_value.bias', 'base_model.layers.31.attention.dense.weight', 'base_model.layers.31.attention.dense.bias', 'base_model.layers.31.mlp.dense_h_to_4h.weight', 'base_model.layers.31.mlp.dense_h_to_4h.bias', 'base_model.layers.31.mlp.dense_4h_to_h.weight', 'base_model.layers.31.mlp.dense_4h_to_h.bias', 'base_model.final_layer_norm.weight', 'base_model.final_layer_norm.bias', 'shared.fc1.weight', 'shared.fc1.bias', 'shared.fc2.weight', 'shared.fc2.bias', 'classifier.fc.weight', 'classifier.fc.bias', 'classifier.out.weight', 'classifier.out.bias', 'regressor.fc.weight', 'regressor.fc.bias', 'regressor.out.weight', 'regressor.out.bias']
Optimizer param groups: 50
LRs after scheduler: [0.0003125, 6.25e-05]
3.160205841064453
3.1417481899261475
3.1493871212005615
3.1077001094818115
3.1360456943511963
3.10014009475708
3.1070504188537598
3.126882314682007
3.1311123371124268
avg_train_loss 3.1383311645590144
avg_val_loss 3.1289191246032715
Done 32 Batches of 139
class_loss = 2.9825048446655273
macro_f1 = 0.036116815161429436
weighted_f1 = 0.03796025319691833
regression_loss = 0.44860729575157166
Params with no grad after backward: ['base_model.layers.29.input_layernorm.weight', 'base_model.layers.29.input_layernorm.bias', 'base_model.layers.29.post_attention_layernorm.weight', 'base_model.layers.29.post_attention_layernorm.bias', 'base_model.layers.29.attention.query_key_value.weight', 'base_model.layers.29.attention.query_key_value.bias', 'base_model.layers.29.attention.dense.weight', 'base_model.layers.29.attention.dense.bias', 'base_model.layers.29.mlp.dense_h_to_4h.weight', 'base_model.layers.29.mlp.dense_h_to_4h.bias', 'base_model.layers.29.mlp.dense_4h_to_h.weight', 'base_model.layers.29.mlp.dense_4h_to_h.bias', 'base_model.layers.30.input_layernorm.weight', 'base_model.layers.30.input_layernorm.bias', 'base_model.layers.30.post_attention_layernorm.weight', 'base_model.layers.30.post_attention_layernorm.bias', 'base_model.layers.30.attention.query_key_value.weight', 'base_model.layers.30.attention.query_key_value.bias', 'base_model.layers.30.attention.dense.weight', 'base_model.layers.30.attention.dense.bias', 'base_model.layers.30.mlp.dense_h_to_4h.weight', 'base_model.layers.30.mlp.dense_h_to_4h.bias', 'base_model.layers.30.mlp.dense_4h_to_h.weight', 'base_model.layers.30.mlp.dense_4h_to_h.bias', 'base_model.layers.31.input_layernorm.weight', 'base_model.layers.31.input_layernorm.bias', 'base_model.layers.31.post_attention_layernorm.weight', 'base_model.layers.31.post_attention_layernorm.bias', 'base_model.layers.31.attention.query_key_value.weight', 'base_model.layers.31.attention.query_key_value.bias', 'base_model.layers.31.attention.dense.weight', 'base_model.layers.31.attention.dense.bias', 'base_model.layers.31.mlp.dense_h_to_4h.weight', 'base_model.layers.31.mlp.dense_h_to_4h.bias', 'base_model.layers.31.mlp.dense_4h_to_h.weight', 'base_model.layers.31.mlp.dense_4h_to_h.bias', 'base_model.final_layer_norm.weight', 'base_model.final_layer_norm.bias', 'shared.fc1.weight', 'shared.fc1.bias', 'shared.fc2.weight', 'shared.fc2.bias', 'classifier.fc.weight', 'classifier.fc.bias', 'classifier.out.weight', 'classifier.out.bias', 'regressor.fc.weight', 'regressor.fc.bias', 'regressor.out.weight', 'regressor.out.bias']
Optimizer param groups: 50
LRs after scheduler: [0.000375, 7.500000000000001e-05]
Done 64 Batches of 139
class_loss = 2.975001096725464
macro_f1 = 0.0543849967810077
weighted_f1 = 0.055078622679383626
regression_loss = 0.38960906863212585
Params with no grad after backward: ['base_model.layers.29.input_layernorm.weight', 'base_model.layers.29.input_layernorm.bias', 'base_model.layers.29.post_attention_layernorm.weight', 'base_model.layers.29.post_attention_layernorm.bias', 'base_model.layers.29.attention.query_key_value.weight', 'base_model.layers.29.attention.query_key_value.bias', 'base_model.layers.29.attention.dense.weight', 'base_model.layers.29.attention.dense.bias', 'base_model.layers.29.mlp.dense_h_to_4h.weight', 'base_model.layers.29.mlp.dense_h_to_4h.bias', 'base_model.layers.29.mlp.dense_4h_to_h.weight', 'base_model.layers.29.mlp.dense_4h_to_h.bias', 'base_model.layers.30.input_layernorm.weight', 'base_model.layers.30.input_layernorm.bias', 'base_model.layers.30.post_attention_layernorm.weight', 'base_model.layers.30.post_attention_layernorm.bias', 'base_model.layers.30.attention.query_key_value.weight', 'base_model.layers.30.attention.query_key_value.bias', 'base_model.layers.30.attention.dense.weight', 'base_model.layers.30.attention.dense.bias', 'base_model.layers.30.mlp.dense_h_to_4h.weight', 'base_model.layers.30.mlp.dense_h_to_4h.bias', 'base_model.layers.30.mlp.dense_4h_to_h.weight', 'base_model.layers.30.mlp.dense_4h_to_h.bias', 'base_model.layers.31.input_layernorm.weight', 'base_model.layers.31.input_layernorm.bias', 'base_model.layers.31.post_attention_layernorm.weight', 'base_model.layers.31.post_attention_layernorm.bias', 'base_model.layers.31.attention.query_key_value.weight', 'base_model.layers.31.attention.query_key_value.bias', 'base_model.layers.31.attention.dense.weight', 'base_model.layers.31.attention.dense.bias', 'base_model.layers.31.mlp.dense_h_to_4h.weight', 'base_model.layers.31.mlp.dense_h_to_4h.bias', 'base_model.layers.31.mlp.dense_4h_to_h.weight', 'base_model.layers.31.mlp.dense_4h_to_h.bias', 'base_model.final_layer_norm.weight', 'base_model.final_layer_norm.bias', 'shared.fc1.weight', 'shared.fc1.bias', 'shared.fc2.weight', 'shared.fc2.bias', 'classifier.fc.weight', 'classifier.fc.bias', 'classifier.out.weight', 'classifier.out.bias', 'regressor.fc.weight', 'regressor.fc.bias', 'regressor.out.weight', 'regressor.out.bias']
Optimizer param groups: 50
LRs after scheduler: [0.0004375, 8.75e-05]
Done 96 Batches of 139
class_loss = 2.939666748046875
macro_f1 = 0.0786216687824039
weighted_f1 = 0.07831231441816494
regression_loss = 0.24451538920402527
Params with no grad after backward: ['base_model.layers.29.input_layernorm.weight', 'base_model.layers.29.input_layernorm.bias', 'base_model.layers.29.post_attention_layernorm.weight', 'base_model.layers.29.post_attention_layernorm.bias', 'base_model.layers.29.attention.query_key_value.weight', 'base_model.layers.29.attention.query_key_value.bias', 'base_model.layers.29.attention.dense.weight', 'base_model.layers.29.attention.dense.bias', 'base_model.layers.29.mlp.dense_h_to_4h.weight', 'base_model.layers.29.mlp.dense_h_to_4h.bias', 'base_model.layers.29.mlp.dense_4h_to_h.weight', 'base_model.layers.29.mlp.dense_4h_to_h.bias', 'base_model.layers.30.input_layernorm.weight', 'base_model.layers.30.input_layernorm.bias', 'base_model.layers.30.post_attention_layernorm.weight', 'base_model.layers.30.post_attention_layernorm.bias', 'base_model.layers.30.attention.query_key_value.weight', 'base_model.layers.30.attention.query_key_value.bias', 'base_model.layers.30.attention.dense.weight', 'base_model.layers.30.attention.dense.bias', 'base_model.layers.30.mlp.dense_h_to_4h.weight', 'base_model.layers.30.mlp.dense_h_to_4h.bias', 'base_model.layers.30.mlp.dense_4h_to_h.weight', 'base_model.layers.30.mlp.dense_4h_to_h.bias', 'base_model.layers.31.input_layernorm.weight', 'base_model.layers.31.input_layernorm.bias', 'base_model.layers.31.post_attention_layernorm.weight', 'base_model.layers.31.post_attention_layernorm.bias', 'base_model.layers.31.attention.query_key_value.weight', 'base_model.layers.31.attention.query_key_value.bias', 'base_model.layers.31.attention.dense.weight', 'base_model.layers.31.attention.dense.bias', 'base_model.layers.31.mlp.dense_h_to_4h.weight', 'base_model.layers.31.mlp.dense_h_to_4h.bias', 'base_model.layers.31.mlp.dense_4h_to_h.weight', 'base_model.layers.31.mlp.dense_4h_to_h.bias', 'base_model.final_layer_norm.weight', 'base_model.final_layer_norm.bias', 'shared.fc1.weight', 'shared.fc1.bias', 'shared.fc2.weight', 'shared.fc2.bias', 'classifier.fc.weight', 'classifier.fc.bias', 'classifier.out.weight', 'classifier.out.bias', 'regressor.fc.weight', 'regressor.fc.bias', 'regressor.out.weight', 'regressor.out.bias']
Optimizer param groups: 50
LRs after scheduler: [0.0005, 0.0001]
Done 128 Batches of 139
class_loss = 2.847421646118164
macro_f1 = 0.09121655395642139
weighted_f1 = 0.09063615730824931
regression_loss = 0.34511059522628784
Params with no grad after backward: ['base_model.layers.29.input_layernorm.weight', 'base_model.layers.29.input_layernorm.bias', 'base_model.layers.29.post_attention_layernorm.weight', 'base_model.layers.29.post_attention_layernorm.bias', 'base_model.layers.29.attention.query_key_value.weight', 'base_model.layers.29.attention.query_key_value.bias', 'base_model.layers.29.attention.dense.weight', 'base_model.layers.29.attention.dense.bias', 'base_model.layers.29.mlp.dense_h_to_4h.weight', 'base_model.layers.29.mlp.dense_h_to_4h.bias', 'base_model.layers.29.mlp.dense_4h_to_h.weight', 'base_model.layers.29.mlp.dense_4h_to_h.bias', 'base_model.layers.30.input_layernorm.weight', 'base_model.layers.30.input_layernorm.bias', 'base_model.layers.30.post_attention_layernorm.weight', 'base_model.layers.30.post_attention_layernorm.bias', 'base_model.layers.30.attention.query_key_value.weight', 'base_model.layers.30.attention.query_key_value.bias', 'base_model.layers.30.attention.dense.weight', 'base_model.layers.30.attention.dense.bias', 'base_model.layers.30.mlp.dense_h_to_4h.weight', 'base_model.layers.30.mlp.dense_h_to_4h.bias', 'base_model.layers.30.mlp.dense_4h_to_h.weight', 'base_model.layers.30.mlp.dense_4h_to_h.bias', 'base_model.layers.31.input_layernorm.weight', 'base_model.layers.31.input_layernorm.bias', 'base_model.layers.31.post_attention_layernorm.weight', 'base_model.layers.31.post_attention_layernorm.bias', 'base_model.layers.31.attention.query_key_value.weight', 'base_model.layers.31.attention.query_key_value.bias', 'base_model.layers.31.attention.dense.weight', 'base_model.layers.31.attention.dense.bias', 'base_model.layers.31.mlp.dense_h_to_4h.weight', 'base_model.layers.31.mlp.dense_h_to_4h.bias', 'base_model.layers.31.mlp.dense_4h_to_h.weight', 'base_model.layers.31.mlp.dense_4h_to_h.bias', 'base_model.final_layer_norm.weight', 'base_model.final_layer_norm.bias', 'shared.fc1.weight', 'shared.fc1.bias', 'shared.fc2.weight', 'shared.fc2.bias', 'classifier.fc.weight', 'classifier.fc.bias', 'classifier.out.weight', 'classifier.out.bias', 'regressor.fc.weight', 'regressor.fc.bias', 'regressor.out.weight', 'regressor.out.bias']
Optimizer param groups: 50
LRs after scheduler: [0.0004997993579454254, 9.995987158908508e-05]
Done 139 Batches of 139
class_loss = 2.7331745624542236
macro_f1 = 0.09669033214254305
weighted_f1 = 0.09666239558739774
regression_loss = 0.3594222068786621
Params with no grad after backward: ['base_model.layers.29.input_layernorm.weight', 'base_model.layers.29.input_layernorm.bias', 'base_model.layers.29.post_attention_layernorm.weight', 'base_model.layers.29.post_attention_layernorm.bias', 'base_model.layers.29.attention.query_key_value.weight', 'base_model.layers.29.attention.query_key_value.bias', 'base_model.layers.29.attention.dense.weight', 'base_model.layers.29.attention.dense.bias', 'base_model.layers.29.mlp.dense_h_to_4h.weight', 'base_model.layers.29.mlp.dense_h_to_4h.bias', 'base_model.layers.29.mlp.dense_4h_to_h.weight', 'base_model.layers.29.mlp.dense_4h_to_h.bias', 'base_model.layers.30.input_layernorm.weight', 'base_model.layers.30.input_layernorm.bias', 'base_model.layers.30.post_attention_layernorm.weight', 'base_model.layers.30.post_attention_layernorm.bias', 'base_model.layers.30.attention.query_key_value.weight', 'base_model.layers.30.attention.query_key_value.bias', 'base_model.layers.30.attention.dense.weight', 'base_model.layers.30.attention.dense.bias', 'base_model.layers.30.mlp.dense_h_to_4h.weight', 'base_model.layers.30.mlp.dense_h_to_4h.bias', 'base_model.layers.30.mlp.dense_4h_to_h.weight', 'base_model.layers.30.mlp.dense_4h_to_h.bias', 'base_model.layers.31.input_layernorm.weight', 'base_model.layers.31.input_layernorm.bias', 'base_model.layers.31.post_attention_layernorm.weight', 'base_model.layers.31.post_attention_layernorm.bias', 'base_model.layers.31.attention.query_key_value.weight', 'base_model.layers.31.attention.query_key_value.bias', 'base_model.layers.31.attention.dense.weight', 'base_model.layers.31.attention.dense.bias', 'base_model.layers.31.mlp.dense_h_to_4h.weight', 'base_model.layers.31.mlp.dense_h_to_4h.bias', 'base_model.layers.31.mlp.dense_4h_to_h.weight', 'base_model.layers.31.mlp.dense_4h_to_h.bias', 'base_model.final_layer_norm.weight', 'base_model.final_layer_norm.bias', 'shared.fc1.weight', 'shared.fc1.bias', 'shared.fc2.weight', 'shared.fc2.bias', 'classifier.fc.weight', 'classifier.fc.bias', 'classifier.out.weight', 'classifier.out.bias', 'regressor.fc.weight', 'regressor.fc.bias', 'regressor.out.weight', 'regressor.out.bias']
Optimizer param groups: 50
LRs after scheduler: [0.0004995987158908507, 9.991974317817014e-05]
2.9006662368774414
2.928471565246582
2.9291529655456543
2.8799400329589844
2.879377841949463
2.9023337364196777
2.837728261947632
2.901182174682617
2.846407175064087
avg_train_loss 3.0715271260240953
avg_val_loss 2.8894733322991266
Done 32 Batches of 139
class_loss = 2.7359426021575928
macro_f1 = 0.08222529420988962
weighted_f1 = 0.08121084749091563
regression_loss = 0.3132266104221344
Params with no grad after backward: ['base_model.layers.29.input_layernorm.weight', 'base_model.layers.29.input_layernorm.bias', 'base_model.layers.29.post_attention_layernorm.weight', 'base_model.layers.29.post_attention_layernorm.bias', 'base_model.layers.29.attention.query_key_value.weight', 'base_model.layers.29.attention.query_key_value.bias', 'base_model.layers.29.attention.dense.weight', 'base_model.layers.29.attention.dense.bias', 'base_model.layers.29.mlp.dense_h_to_4h.weight', 'base_model.layers.29.mlp.dense_h_to_4h.bias', 'base_model.layers.29.mlp.dense_4h_to_h.weight', 'base_model.layers.29.mlp.dense_4h_to_h.bias', 'base_model.layers.30.input_layernorm.weight', 'base_model.layers.30.input_layernorm.bias', 'base_model.layers.30.post_attention_layernorm.weight', 'base_model.layers.30.post_attention_layernorm.bias', 'base_model.layers.30.attention.query_key_value.weight', 'base_model.layers.30.attention.query_key_value.bias', 'base_model.layers.30.attention.dense.weight', 'base_model.layers.30.attention.dense.bias', 'base_model.layers.30.mlp.dense_h_to_4h.weight', 'base_model.layers.30.mlp.dense_h_to_4h.bias', 'base_model.layers.30.mlp.dense_4h_to_h.weight', 'base_model.layers.30.mlp.dense_4h_to_h.bias', 'base_model.layers.31.input_layernorm.weight', 'base_model.layers.31.input_layernorm.bias', 'base_model.layers.31.post_attention_layernorm.weight', 'base_model.layers.31.post_attention_layernorm.bias', 'base_model.layers.31.attention.query_key_value.weight', 'base_model.layers.31.attention.query_key_value.bias', 'base_model.layers.31.attention.dense.weight', 'base_model.layers.31.attention.dense.bias', 'base_model.layers.31.mlp.dense_h_to_4h.weight', 'base_model.layers.31.mlp.dense_h_to_4h.bias', 'base_model.layers.31.mlp.dense_4h_to_h.weight', 'base_model.layers.31.mlp.dense_4h_to_h.bias', 'base_model.final_layer_norm.weight', 'base_model.final_layer_norm.bias', 'shared.fc1.weight', 'shared.fc1.bias', 'shared.fc2.weight', 'shared.fc2.bias', 'classifier.fc.weight', 'classifier.fc.bias', 'classifier.out.weight', 'classifier.out.bias', 'regressor.fc.weight', 'regressor.fc.bias', 'regressor.out.weight', 'regressor.out.bias']
Optimizer param groups: 50
LRs after scheduler: [0.0004993980738362761, 9.987961476725522e-05]
Done 64 Batches of 139
class_loss = 2.8427579402923584
macro_f1 = 0.08559763136602085
weighted_f1 = 0.08517838183915535
regression_loss = 0.2787143290042877
Params with no grad after backward: ['base_model.layers.29.input_layernorm.weight', 'base_model.layers.29.input_layernorm.bias', 'base_model.layers.29.post_attention_layernorm.weight', 'base_model.layers.29.post_attention_layernorm.bias', 'base_model.layers.29.attention.query_key_value.weight', 'base_model.layers.29.attention.query_key_value.bias', 'base_model.layers.29.attention.dense.weight', 'base_model.layers.29.attention.dense.bias', 'base_model.layers.29.mlp.dense_h_to_4h.weight', 'base_model.layers.29.mlp.dense_h_to_4h.bias', 'base_model.layers.29.mlp.dense_4h_to_h.weight', 'base_model.layers.29.mlp.dense_4h_to_h.bias', 'base_model.layers.30.input_layernorm.weight', 'base_model.layers.30.input_layernorm.bias', 'base_model.layers.30.post_attention_layernorm.weight', 'base_model.layers.30.post_attention_layernorm.bias', 'base_model.layers.30.attention.query_key_value.weight', 'base_model.layers.30.attention.query_key_value.bias', 'base_model.layers.30.attention.dense.weight', 'base_model.layers.30.attention.dense.bias', 'base_model.layers.30.mlp.dense_h_to_4h.weight', 'base_model.layers.30.mlp.dense_h_to_4h.bias', 'base_model.layers.30.mlp.dense_4h_to_h.weight', 'base_model.layers.30.mlp.dense_4h_to_h.bias', 'base_model.layers.31.input_layernorm.weight', 'base_model.layers.31.input_layernorm.bias', 'base_model.layers.31.post_attention_layernorm.weight', 'base_model.layers.31.post_attention_layernorm.bias', 'base_model.layers.31.attention.query_key_value.weight', 'base_model.layers.31.attention.query_key_value.bias', 'base_model.layers.31.attention.dense.weight', 'base_model.layers.31.attention.dense.bias', 'base_model.layers.31.mlp.dense_h_to_4h.weight', 'base_model.layers.31.mlp.dense_h_to_4h.bias', 'base_model.layers.31.mlp.dense_4h_to_h.weight', 'base_model.layers.31.mlp.dense_4h_to_h.bias', 'base_model.final_layer_norm.weight', 'base_model.final_layer_norm.bias', 'shared.fc1.weight', 'shared.fc1.bias', 'shared.fc2.weight', 'shared.fc2.bias', 'classifier.fc.weight', 'classifier.fc.bias', 'classifier.out.weight', 'classifier.out.bias', 'regressor.fc.weight', 'regressor.fc.bias', 'regressor.out.weight', 'regressor.out.bias']
Optimizer param groups: 50
LRs after scheduler: [0.0004991974317817015, 9.98394863563403e-05]
Done 96 Batches of 139
class_loss = 2.731112241744995
macro_f1 = 0.09973260484754366
weighted_f1 = 0.09974819302114567
regression_loss = 0.395160973072052
Params with no grad after backward: ['base_model.layers.29.input_layernorm.weight', 'base_model.layers.29.input_layernorm.bias', 'base_model.layers.29.post_attention_layernorm.weight', 'base_model.layers.29.post_attention_layernorm.bias', 'base_model.layers.29.attention.query_key_value.weight', 'base_model.layers.29.attention.query_key_value.bias', 'base_model.layers.29.attention.dense.weight', 'base_model.layers.29.attention.dense.bias', 'base_model.layers.29.mlp.dense_h_to_4h.weight', 'base_model.layers.29.mlp.dense_h_to_4h.bias', 'base_model.layers.29.mlp.dense_4h_to_h.weight', 'base_model.layers.29.mlp.dense_4h_to_h.bias', 'base_model.layers.30.input_layernorm.weight', 'base_model.layers.30.input_layernorm.bias', 'base_model.layers.30.post_attention_layernorm.weight', 'base_model.layers.30.post_attention_layernorm.bias', 'base_model.layers.30.attention.query_key_value.weight', 'base_model.layers.30.attention.query_key_value.bias', 'base_model.layers.30.attention.dense.weight', 'base_model.layers.30.attention.dense.bias', 'base_model.layers.30.mlp.dense_h_to_4h.weight', 'base_model.layers.30.mlp.dense_h_to_4h.bias', 'base_model.layers.30.mlp.dense_4h_to_h.weight', 'base_model.layers.30.mlp.dense_4h_to_h.bias', 'base_model.layers.31.input_layernorm.weight', 'base_model.layers.31.input_layernorm.bias', 'base_model.layers.31.post_attention_layernorm.weight', 'base_model.layers.31.post_attention_layernorm.bias', 'base_model.layers.31.attention.query_key_value.weight', 'base_model.layers.31.attention.query_key_value.bias', 'base_model.layers.31.attention.dense.weight', 'base_model.layers.31.attention.dense.bias', 'base_model.layers.31.mlp.dense_h_to_4h.weight', 'base_model.layers.31.mlp.dense_h_to_4h.bias', 'base_model.layers.31.mlp.dense_4h_to_h.weight', 'base_model.layers.31.mlp.dense_4h_to_h.bias', 'base_model.final_layer_norm.weight', 'base_model.final_layer_norm.bias', 'shared.fc1.weight', 'shared.fc1.bias', 'shared.fc2.weight', 'shared.fc2.bias', 'classifier.fc.weight', 'classifier.fc.bias', 'classifier.out.weight', 'classifier.out.bias', 'regressor.fc.weight', 'regressor.fc.bias', 'regressor.out.weight', 'regressor.out.bias']
Optimizer param groups: 50
LRs after scheduler: [0.0004989967897271268, 9.979935794542536e-05]
Done 128 Batches of 139
class_loss = 2.7290830612182617
macro_f1 = 0.11038644613067769
weighted_f1 = 0.11036421957031511
regression_loss = 0.3320811092853546
Params with no grad after backward: ['base_model.layers.29.input_layernorm.weight', 'base_model.layers.29.input_layernorm.bias', 'base_model.layers.29.post_attention_layernorm.weight', 'base_model.layers.29.post_attention_layernorm.bias', 'base_model.layers.29.attention.query_key_value.weight', 'base_model.layers.29.attention.query_key_value.bias', 'base_model.layers.29.attention.dense.weight', 'base_model.layers.29.attention.dense.bias', 'base_model.layers.29.mlp.dense_h_to_4h.weight', 'base_model.layers.29.mlp.dense_h_to_4h.bias', 'base_model.layers.29.mlp.dense_4h_to_h.weight', 'base_model.layers.29.mlp.dense_4h_to_h.bias', 'base_model.layers.30.input_layernorm.weight', 'base_model.layers.30.input_layernorm.bias', 'base_model.layers.30.post_attention_layernorm.weight', 'base_model.layers.30.post_attention_layernorm.bias', 'base_model.layers.30.attention.query_key_value.weight', 'base_model.layers.30.attention.query_key_value.bias', 'base_model.layers.30.attention.dense.weight', 'base_model.layers.30.attention.dense.bias', 'base_model.layers.30.mlp.dense_h_to_4h.weight', 'base_model.layers.30.mlp.dense_h_to_4h.bias', 'base_model.layers.30.mlp.dense_4h_to_h.weight', 'base_model.layers.30.mlp.dense_4h_to_h.bias', 'base_model.layers.31.input_layernorm.weight', 'base_model.layers.31.input_layernorm.bias', 'base_model.layers.31.post_attention_layernorm.weight', 'base_model.layers.31.post_attention_layernorm.bias', 'base_model.layers.31.attention.query_key_value.weight', 'base_model.layers.31.attention.query_key_value.bias', 'base_model.layers.31.attention.dense.weight', 'base_model.layers.31.attention.dense.bias', 'base_model.layers.31.mlp.dense_h_to_4h.weight', 'base_model.layers.31.mlp.dense_h_to_4h.bias', 'base_model.layers.31.mlp.dense_4h_to_h.weight', 'base_model.layers.31.mlp.dense_4h_to_h.bias', 'base_model.final_layer_norm.weight', 'base_model.final_layer_norm.bias', 'shared.fc1.weight', 'shared.fc1.bias', 'shared.fc2.weight', 'shared.fc2.bias', 'classifier.fc.weight', 'classifier.fc.bias', 'classifier.out.weight', 'classifier.out.bias', 'regressor.fc.weight', 'regressor.fc.bias', 'regressor.out.weight', 'regressor.out.bias']
Optimizer param groups: 50
LRs after scheduler: [0.0004987961476725522, 9.975922953451044e-05]
Done 139 Batches of 139
class_loss = 2.6855483055114746
macro_f1 = 0.1132121096955451
weighted_f1 = 0.11328610028564418
regression_loss = 0.30214598774909973
Params with no grad after backward: ['base_model.layers.29.input_layernorm.weight', 'base_model.layers.29.input_layernorm.bias', 'base_model.layers.29.post_attention_layernorm.weight', 'base_model.layers.29.post_attention_layernorm.bias', 'base_model.layers.29.attention.query_key_value.weight', 'base_model.layers.29.attention.query_key_value.bias', 'base_model.layers.29.attention.dense.weight', 'base_model.layers.29.attention.dense.bias', 'base_model.layers.29.mlp.dense_h_to_4h.weight', 'base_model.layers.29.mlp.dense_h_to_4h.bias', 'base_model.layers.29.mlp.dense_4h_to_h.weight', 'base_model.layers.29.mlp.dense_4h_to_h.bias', 'base_model.layers.30.input_layernorm.weight', 'base_model.layers.30.input_layernorm.bias', 'base_model.layers.30.post_attention_layernorm.weight', 'base_model.layers.30.post_attention_layernorm.bias', 'base_model.layers.30.attention.query_key_value.weight', 'base_model.layers.30.attention.query_key_value.bias', 'base_model.layers.30.attention.dense.weight', 'base_model.layers.30.attention.dense.bias', 'base_model.layers.30.mlp.dense_h_to_4h.weight', 'base_model.layers.30.mlp.dense_h_to_4h.bias', 'base_model.layers.30.mlp.dense_4h_to_h.weight', 'base_model.layers.30.mlp.dense_4h_to_h.bias', 'base_model.layers.31.input_layernorm.weight', 'base_model.layers.31.input_layernorm.bias', 'base_model.layers.31.post_attention_layernorm.weight', 'base_model.layers.31.post_attention_layernorm.bias', 'base_model.layers.31.attention.query_key_value.weight', 'base_model.layers.31.attention.query_key_value.bias', 'base_model.layers.31.attention.dense.weight', 'base_model.layers.31.attention.dense.bias', 'base_model.layers.31.mlp.dense_h_to_4h.weight', 'base_model.layers.31.mlp.dense_h_to_4h.bias', 'base_model.layers.31.mlp.dense_4h_to_h.weight', 'base_model.layers.31.mlp.dense_4h_to_h.bias', 'base_model.final_layer_norm.weight', 'base_model.final_layer_norm.bias', 'shared.fc1.weight', 'shared.fc1.bias', 'shared.fc2.weight', 'shared.fc2.bias', 'classifier.fc.weight', 'classifier.fc.bias', 'classifier.out.weight', 'classifier.out.bias', 'regressor.fc.weight', 'regressor.fc.bias', 'regressor.out.weight', 'regressor.out.bias']
Optimizer param groups: 50
LRs after scheduler: [0.0004985955056179776, 9.971910112359551e-05]
2.7852561473846436
2.772336483001709
2.8151395320892334
2.710144519805908
2.6539249420166016
2.72004771232605
2.6221630573272705
2.747283935546875
2.562080144882202
avg_train_loss 2.8687196549751777
avg_val_loss 2.709819608264499
Done 32 Batches of 139
class_loss = 2.6386632919311523
macro_f1 = 0.13975542313134526
weighted_f1 = 0.14078611844154632
regression_loss = 0.35284656286239624
Params with no grad after backward: ['base_model.layers.29.input_layernorm.weight', 'base_model.layers.29.input_layernorm.bias', 'base_model.layers.29.post_attention_layernorm.weight', 'base_model.layers.29.post_attention_layernorm.bias', 'base_model.layers.29.attention.query_key_value.weight', 'base_model.layers.29.attention.query_key_value.bias', 'base_model.layers.29.attention.dense.weight', 'base_model.layers.29.attention.dense.bias', 'base_model.layers.29.mlp.dense_h_to_4h.weight', 'base_model.layers.29.mlp.dense_h_to_4h.bias', 'base_model.layers.29.mlp.dense_4h_to_h.weight', 'base_model.layers.29.mlp.dense_4h_to_h.bias', 'base_model.layers.30.input_layernorm.weight', 'base_model.layers.30.input_layernorm.bias', 'base_model.layers.30.post_attention_layernorm.weight', 'base_model.layers.30.post_attention_layernorm.bias', 'base_model.layers.30.attention.query_key_value.weight', 'base_model.layers.30.attention.query_key_value.bias', 'base_model.layers.30.attention.dense.weight', 'base_model.layers.30.attention.dense.bias', 'base_model.layers.30.mlp.dense_h_to_4h.weight', 'base_model.layers.30.mlp.dense_h_to_4h.bias', 'base_model.layers.30.mlp.dense_4h_to_h.weight', 'base_model.layers.30.mlp.dense_4h_to_h.bias', 'base_model.layers.31.input_layernorm.weight', 'base_model.layers.31.input_layernorm.bias', 'base_model.layers.31.post_attention_layernorm.weight', 'base_model.layers.31.post_attention_layernorm.bias', 'base_model.layers.31.attention.query_key_value.weight', 'base_model.layers.31.attention.query_key_value.bias', 'base_model.layers.31.attention.dense.weight', 'base_model.layers.31.attention.dense.bias', 'base_model.layers.31.mlp.dense_h_to_4h.weight', 'base_model.layers.31.mlp.dense_h_to_4h.bias', 'base_model.layers.31.mlp.dense_4h_to_h.weight', 'base_model.layers.31.mlp.dense_4h_to_h.bias', 'base_model.final_layer_norm.weight', 'base_model.final_layer_norm.bias', 'shared.fc1.weight', 'shared.fc1.bias', 'shared.fc2.weight', 'shared.fc2.bias', 'classifier.fc.weight', 'classifier.fc.bias', 'classifier.out.weight', 'classifier.out.bias', 'regressor.fc.weight', 'regressor.fc.bias', 'regressor.out.weight', 'regressor.out.bias']
Optimizer param groups: 50
LRs after scheduler: [0.000498394863563403, 9.967897271268059e-05]
Done 64 Batches of 139
class_loss = 2.587749719619751
macro_f1 = 0.15063037554776065
weighted_f1 = 0.15313507292774442
regression_loss = 0.3439900577068329
Params with no grad after backward: ['base_model.layers.29.input_layernorm.weight', 'base_model.layers.29.input_layernorm.bias', 'base_model.layers.29.post_attention_layernorm.weight', 'base_model.layers.29.post_attention_layernorm.bias', 'base_model.layers.29.attention.query_key_value.weight', 'base_model.layers.29.attention.query_key_value.bias', 'base_model.layers.29.attention.dense.weight', 'base_model.layers.29.attention.dense.bias', 'base_model.layers.29.mlp.dense_h_to_4h.weight', 'base_model.layers.29.mlp.dense_h_to_4h.bias', 'base_model.layers.29.mlp.dense_4h_to_h.weight', 'base_model.layers.29.mlp.dense_4h_to_h.bias', 'base_model.layers.30.input_layernorm.weight', 'base_model.layers.30.input_layernorm.bias', 'base_model.layers.30.post_attention_layernorm.weight', 'base_model.layers.30.post_attention_layernorm.bias', 'base_model.layers.30.attention.query_key_value.weight', 'base_model.layers.30.attention.query_key_value.bias', 'base_model.layers.30.attention.dense.weight', 'base_model.layers.30.attention.dense.bias', 'base_model.layers.30.mlp.dense_h_to_4h.weight', 'base_model.layers.30.mlp.dense_h_to_4h.bias', 'base_model.layers.30.mlp.dense_4h_to_h.weight', 'base_model.layers.30.mlp.dense_4h_to_h.bias', 'base_model.layers.31.input_layernorm.weight', 'base_model.layers.31.input_layernorm.bias', 'base_model.layers.31.post_attention_layernorm.weight', 'base_model.layers.31.post_attention_layernorm.bias', 'base_model.layers.31.attention.query_key_value.weight', 'base_model.layers.31.attention.query_key_value.bias', 'base_model.layers.31.attention.dense.weight', 'base_model.layers.31.attention.dense.bias', 'base_model.layers.31.mlp.dense_h_to_4h.weight', 'base_model.layers.31.mlp.dense_h_to_4h.bias', 'base_model.layers.31.mlp.dense_4h_to_h.weight', 'base_model.layers.31.mlp.dense_4h_to_h.bias', 'base_model.final_layer_norm.weight', 'base_model.final_layer_norm.bias', 'shared.fc1.weight', 'shared.fc1.bias', 'shared.fc2.weight', 'shared.fc2.bias', 'classifier.fc.weight', 'classifier.fc.bias', 'classifier.out.weight', 'classifier.out.bias', 'regressor.fc.weight', 'regressor.fc.bias', 'regressor.out.weight', 'regressor.out.bias']
Optimizer param groups: 50
LRs after scheduler: [0.0004981942215088283, 9.963884430176565e-05]
Done 96 Batches of 139
class_loss = 2.4334585666656494
macro_f1 = 0.1636541615642249
weighted_f1 = 0.16442661254290072
regression_loss = 0.3950081169605255
Params with no grad after backward: ['base_model.layers.29.input_layernorm.weight', 'base_model.layers.29.input_layernorm.bias', 'base_model.layers.29.post_attention_layernorm.weight', 'base_model.layers.29.post_attention_layernorm.bias', 'base_model.layers.29.attention.query_key_value.weight', 'base_model.layers.29.attention.query_key_value.bias', 'base_model.layers.29.attention.dense.weight', 'base_model.layers.29.attention.dense.bias', 'base_model.layers.29.mlp.dense_h_to_4h.weight', 'base_model.layers.29.mlp.dense_h_to_4h.bias', 'base_model.layers.29.mlp.dense_4h_to_h.weight', 'base_model.layers.29.mlp.dense_4h_to_h.bias', 'base_model.layers.30.input_layernorm.weight', 'base_model.layers.30.input_layernorm.bias', 'base_model.layers.30.post_attention_layernorm.weight', 'base_model.layers.30.post_attention_layernorm.bias', 'base_model.layers.30.attention.query_key_value.weight', 'base_model.layers.30.attention.query_key_value.bias', 'base_model.layers.30.attention.dense.weight', 'base_model.layers.30.attention.dense.bias', 'base_model.layers.30.mlp.dense_h_to_4h.weight', 'base_model.layers.30.mlp.dense_h_to_4h.bias', 'base_model.layers.30.mlp.dense_4h_to_h.weight', 'base_model.layers.30.mlp.dense_4h_to_h.bias', 'base_model.layers.31.input_layernorm.weight', 'base_model.layers.31.input_layernorm.bias', 'base_model.layers.31.post_attention_layernorm.weight', 'base_model.layers.31.post_attention_layernorm.bias', 'base_model.layers.31.attention.query_key_value.weight', 'base_model.layers.31.attention.query_key_value.bias', 'base_model.layers.31.attention.dense.weight', 'base_model.layers.31.attention.dense.bias', 'base_model.layers.31.mlp.dense_h_to_4h.weight', 'base_model.layers.31.mlp.dense_h_to_4h.bias', 'base_model.layers.31.mlp.dense_4h_to_h.weight', 'base_model.layers.31.mlp.dense_4h_to_h.bias', 'base_model.final_layer_norm.weight', 'base_model.final_layer_norm.bias', 'shared.fc1.weight', 'shared.fc1.bias', 'shared.fc2.weight', 'shared.fc2.bias', 'classifier.fc.weight', 'classifier.fc.bias', 'classifier.out.weight', 'classifier.out.bias', 'regressor.fc.weight', 'regressor.fc.bias', 'regressor.out.weight', 'regressor.out.bias']
Optimizer param groups: 50
LRs after scheduler: [0.0004979935794542536, 9.959871589085073e-05]
Done 128 Batches of 139
class_loss = 2.4992194175720215
macro_f1 = 0.17228901272732094
weighted_f1 = 0.17247861734023365
regression_loss = 0.328838586807251
Params with no grad after backward: ['base_model.layers.29.input_layernorm.weight', 'base_model.layers.29.input_layernorm.bias', 'base_model.layers.29.post_attention_layernorm.weight', 'base_model.layers.29.post_attention_layernorm.bias', 'base_model.layers.29.attention.query_key_value.weight', 'base_model.layers.29.attention.query_key_value.bias', 'base_model.layers.29.attention.dense.weight', 'base_model.layers.29.attention.dense.bias', 'base_model.layers.29.mlp.dense_h_to_4h.weight', 'base_model.layers.29.mlp.dense_h_to_4h.bias', 'base_model.layers.29.mlp.dense_4h_to_h.weight', 'base_model.layers.29.mlp.dense_4h_to_h.bias', 'base_model.layers.30.input_layernorm.weight', 'base_model.layers.30.input_layernorm.bias', 'base_model.layers.30.post_attention_layernorm.weight', 'base_model.layers.30.post_attention_layernorm.bias', 'base_model.layers.30.attention.query_key_value.weight', 'base_model.layers.30.attention.query_key_value.bias', 'base_model.layers.30.attention.dense.weight', 'base_model.layers.30.attention.dense.bias', 'base_model.layers.30.mlp.dense_h_to_4h.weight', 'base_model.layers.30.mlp.dense_h_to_4h.bias', 'base_model.layers.30.mlp.dense_4h_to_h.weight', 'base_model.layers.30.mlp.dense_4h_to_h.bias', 'base_model.layers.31.input_layernorm.weight', 'base_model.layers.31.input_layernorm.bias', 'base_model.layers.31.post_attention_layernorm.weight', 'base_model.layers.31.post_attention_layernorm.bias', 'base_model.layers.31.attention.query_key_value.weight', 'base_model.layers.31.attention.query_key_value.bias', 'base_model.layers.31.attention.dense.weight', 'base_model.layers.31.attention.dense.bias', 'base_model.layers.31.mlp.dense_h_to_4h.weight', 'base_model.layers.31.mlp.dense_h_to_4h.bias', 'base_model.layers.31.mlp.dense_4h_to_h.weight', 'base_model.layers.31.mlp.dense_4h_to_h.bias', 'base_model.final_layer_norm.weight', 'base_model.final_layer_norm.bias', 'shared.fc1.weight', 'shared.fc1.bias', 'shared.fc2.weight', 'shared.fc2.bias', 'classifier.fc.weight', 'classifier.fc.bias', 'classifier.out.weight', 'classifier.out.bias', 'regressor.fc.weight', 'regressor.fc.bias', 'regressor.out.weight', 'regressor.out.bias']
Optimizer param groups: 50
LRs after scheduler: [0.000497792937399679, 9.955858747993579e-05]
Done 139 Batches of 139
class_loss = 2.4471921920776367
macro_f1 = 0.1764452586237817
weighted_f1 = 0.17641299538984262
regression_loss = 0.3378230035305023
Params with no grad after backward: ['base_model.layers.29.input_layernorm.weight', 'base_model.layers.29.input_layernorm.bias', 'base_model.layers.29.post_attention_layernorm.weight', 'base_model.layers.29.post_attention_layernorm.bias', 'base_model.layers.29.attention.query_key_value.weight', 'base_model.layers.29.attention.query_key_value.bias', 'base_model.layers.29.attention.dense.weight', 'base_model.layers.29.attention.dense.bias', 'base_model.layers.29.mlp.dense_h_to_4h.weight', 'base_model.layers.29.mlp.dense_h_to_4h.bias', 'base_model.layers.29.mlp.dense_4h_to_h.weight', 'base_model.layers.29.mlp.dense_4h_to_h.bias', 'base_model.layers.30.input_layernorm.weight', 'base_model.layers.30.input_layernorm.bias', 'base_model.layers.30.post_attention_layernorm.weight', 'base_model.layers.30.post_attention_layernorm.bias', 'base_model.layers.30.attention.query_key_value.weight', 'base_model.layers.30.attention.query_key_value.bias', 'base_model.layers.30.attention.dense.weight', 'base_model.layers.30.attention.dense.bias', 'base_model.layers.30.mlp.dense_h_to_4h.weight', 'base_model.layers.30.mlp.dense_h_to_4h.bias', 'base_model.layers.30.mlp.dense_4h_to_h.weight', 'base_model.layers.30.mlp.dense_4h_to_h.bias', 'base_model.layers.31.input_layernorm.weight', 'base_model.layers.31.input_layernorm.bias', 'base_model.layers.31.post_attention_layernorm.weight', 'base_model.layers.31.post_attention_layernorm.bias', 'base_model.layers.31.attention.query_key_value.weight', 'base_model.layers.31.attention.query_key_value.bias', 'base_model.layers.31.attention.dense.weight', 'base_model.layers.31.attention.dense.bias', 'base_model.layers.31.mlp.dense_h_to_4h.weight', 'base_model.layers.31.mlp.dense_h_to_4h.bias', 'base_model.layers.31.mlp.dense_4h_to_h.weight', 'base_model.layers.31.mlp.dense_4h_to_h.bias', 'base_model.final_layer_norm.weight', 'base_model.final_layer_norm.bias', 'shared.fc1.weight', 'shared.fc1.bias', 'shared.fc2.weight', 'shared.fc2.bias', 'classifier.fc.weight', 'classifier.fc.bias', 'classifier.out.weight', 'classifier.out.bias', 'regressor.fc.weight', 'regressor.fc.bias', 'regressor.out.weight', 'regressor.out.bias']
Optimizer param groups: 50
LRs after scheduler: [0.0004975922953451043, 9.951845906902088e-05]
2.6420581340789795
2.597362518310547
2.683450698852539
2.5620899200439453
2.5072615146636963
2.6210741996765137
2.464313507080078
2.5132250785827637
2.522514581680298
avg_train_loss 2.6522184687552692
avg_val_loss 2.5681500169965954
Done 32 Batches of 139
class_loss = 2.217256784439087
macro_f1 = 0.21013699084825538
weighted_f1 = 0.21024886570205106
regression_loss = 0.40880483388900757
Params with no grad after backward: ['base_model.layers.29.input_layernorm.weight', 'base_model.layers.29.input_layernorm.bias', 'base_model.layers.29.post_attention_layernorm.weight', 'base_model.layers.29.post_attention_layernorm.bias', 'base_model.layers.29.attention.query_key_value.weight', 'base_model.layers.29.attention.query_key_value.bias', 'base_model.layers.29.attention.dense.weight', 'base_model.layers.29.attention.dense.bias', 'base_model.layers.29.mlp.dense_h_to_4h.weight', 'base_model.layers.29.mlp.dense_h_to_4h.bias', 'base_model.layers.29.mlp.dense_4h_to_h.weight', 'base_model.layers.29.mlp.dense_4h_to_h.bias', 'base_model.layers.30.input_layernorm.weight', 'base_model.layers.30.input_layernorm.bias', 'base_model.layers.30.post_attention_layernorm.weight', 'base_model.layers.30.post_attention_layernorm.bias', 'base_model.layers.30.attention.query_key_value.weight', 'base_model.layers.30.attention.query_key_value.bias', 'base_model.layers.30.attention.dense.weight', 'base_model.layers.30.attention.dense.bias', 'base_model.layers.30.mlp.dense_h_to_4h.weight', 'base_model.layers.30.mlp.dense_h_to_4h.bias', 'base_model.layers.30.mlp.dense_4h_to_h.weight', 'base_model.layers.30.mlp.dense_4h_to_h.bias', 'base_model.layers.31.input_layernorm.weight', 'base_model.layers.31.input_layernorm.bias', 'base_model.layers.31.post_attention_layernorm.weight', 'base_model.layers.31.post_attention_layernorm.bias', 'base_model.layers.31.attention.query_key_value.weight', 'base_model.layers.31.attention.query_key_value.bias', 'base_model.layers.31.attention.dense.weight', 'base_model.layers.31.attention.dense.bias', 'base_model.layers.31.mlp.dense_h_to_4h.weight', 'base_model.layers.31.mlp.dense_h_to_4h.bias', 'base_model.layers.31.mlp.dense_4h_to_h.weight', 'base_model.layers.31.mlp.dense_4h_to_h.bias', 'base_model.final_layer_norm.weight', 'base_model.final_layer_norm.bias', 'shared.fc1.weight', 'shared.fc1.bias', 'shared.fc2.weight', 'shared.fc2.bias', 'classifier.fc.weight', 'classifier.fc.bias', 'classifier.out.weight', 'classifier.out.bias', 'regressor.fc.weight', 'regressor.fc.bias', 'regressor.out.weight', 'regressor.out.bias']
Optimizer param groups: 50
LRs after scheduler: [0.0004973916532905297, 9.947833065810594e-05]
Done 64 Batches of 139
class_loss = 2.4575865268707275
macro_f1 = 0.23407432167180647
weighted_f1 = 0.2339156823598225
regression_loss = 0.331350713968277
Params with no grad after backward: ['base_model.layers.29.input_layernorm.weight', 'base_model.layers.29.input_layernorm.bias', 'base_model.layers.29.post_attention_layernorm.weight', 'base_model.layers.29.post_attention_layernorm.bias', 'base_model.layers.29.attention.query_key_value.weight', 'base_model.layers.29.attention.query_key_value.bias', 'base_model.layers.29.attention.dense.weight', 'base_model.layers.29.attention.dense.bias', 'base_model.layers.29.mlp.dense_h_to_4h.weight', 'base_model.layers.29.mlp.dense_h_to_4h.bias', 'base_model.layers.29.mlp.dense_4h_to_h.weight', 'base_model.layers.29.mlp.dense_4h_to_h.bias', 'base_model.layers.30.input_layernorm.weight', 'base_model.layers.30.input_layernorm.bias', 'base_model.layers.30.post_attention_layernorm.weight', 'base_model.layers.30.post_attention_layernorm.bias', 'base_model.layers.30.attention.query_key_value.weight', 'base_model.layers.30.attention.query_key_value.bias', 'base_model.layers.30.attention.dense.weight', 'base_model.layers.30.attention.dense.bias', 'base_model.layers.30.mlp.dense_h_to_4h.weight', 'base_model.layers.30.mlp.dense_h_to_4h.bias', 'base_model.layers.30.mlp.dense_4h_to_h.weight', 'base_model.layers.30.mlp.dense_4h_to_h.bias', 'base_model.layers.31.input_layernorm.weight', 'base_model.layers.31.input_layernorm.bias', 'base_model.layers.31.post_attention_layernorm.weight', 'base_model.layers.31.post_attention_layernorm.bias', 'base_model.layers.31.attention.query_key_value.weight', 'base_model.layers.31.attention.query_key_value.bias', 'base_model.layers.31.attention.dense.weight', 'base_model.layers.31.attention.dense.bias', 'base_model.layers.31.mlp.dense_h_to_4h.weight', 'base_model.layers.31.mlp.dense_h_to_4h.bias', 'base_model.layers.31.mlp.dense_4h_to_h.weight', 'base_model.layers.31.mlp.dense_4h_to_h.bias', 'base_model.final_layer_norm.weight', 'base_model.final_layer_norm.bias', 'shared.fc1.weight', 'shared.fc1.bias', 'shared.fc2.weight', 'shared.fc2.bias', 'classifier.fc.weight', 'classifier.fc.bias', 'classifier.out.weight', 'classifier.out.bias', 'regressor.fc.weight', 'regressor.fc.bias', 'regressor.out.weight', 'regressor.out.bias']
Optimizer param groups: 50
LRs after scheduler: [0.0004971910112359551, 9.943820224719102e-05]
Done 96 Batches of 139
class_loss = 2.2321763038635254
macro_f1 = 0.2457507349272885
weighted_f1 = 0.24537427557263392
regression_loss = 0.3579854369163513
Params with no grad after backward: ['base_model.layers.29.input_layernorm.weight', 'base_model.layers.29.input_layernorm.bias', 'base_model.layers.29.post_attention_layernorm.weight', 'base_model.layers.29.post_attention_layernorm.bias', 'base_model.layers.29.attention.query_key_value.weight', 'base_model.layers.29.attention.query_key_value.bias', 'base_model.layers.29.attention.dense.weight', 'base_model.layers.29.attention.dense.bias', 'base_model.layers.29.mlp.dense_h_to_4h.weight', 'base_model.layers.29.mlp.dense_h_to_4h.bias', 'base_model.layers.29.mlp.dense_4h_to_h.weight', 'base_model.layers.29.mlp.dense_4h_to_h.bias', 'base_model.layers.30.input_layernorm.weight', 'base_model.layers.30.input_layernorm.bias', 'base_model.layers.30.post_attention_layernorm.weight', 'base_model.layers.30.post_attention_layernorm.bias', 'base_model.layers.30.attention.query_key_value.weight', 'base_model.layers.30.attention.query_key_value.bias', 'base_model.layers.30.attention.dense.weight', 'base_model.layers.30.attention.dense.bias', 'base_model.layers.30.mlp.dense_h_to_4h.weight', 'base_model.layers.30.mlp.dense_h_to_4h.bias', 'base_model.layers.30.mlp.dense_4h_to_h.weight', 'base_model.layers.30.mlp.dense_4h_to_h.bias', 'base_model.layers.31.input_layernorm.weight', 'base_model.layers.31.input_layernorm.bias', 'base_model.layers.31.post_attention_layernorm.weight', 'base_model.layers.31.post_attention_layernorm.bias', 'base_model.layers.31.attention.query_key_value.weight', 'base_model.layers.31.attention.query_key_value.bias', 'base_model.layers.31.attention.dense.weight', 'base_model.layers.31.attention.dense.bias', 'base_model.layers.31.mlp.dense_h_to_4h.weight', 'base_model.layers.31.mlp.dense_h_to_4h.bias', 'base_model.layers.31.mlp.dense_4h_to_h.weight', 'base_model.layers.31.mlp.dense_4h_to_h.bias', 'base_model.final_layer_norm.weight', 'base_model.final_layer_norm.bias', 'shared.fc1.weight', 'shared.fc1.bias', 'shared.fc2.weight', 'shared.fc2.bias', 'classifier.fc.weight', 'classifier.fc.bias', 'classifier.out.weight', 'classifier.out.bias', 'regressor.fc.weight', 'regressor.fc.bias', 'regressor.out.weight', 'regressor.out.bias']
Optimizer param groups: 50
LRs after scheduler: [0.0004969903691813805, 9.939807383627608e-05]
Done 128 Batches of 139
class_loss = 2.1570706367492676
macro_f1 = 0.2579729533683487
weighted_f1 = 0.25808272113790287
regression_loss = 0.47523146867752075
Params with no grad after backward: ['base_model.layers.29.input_layernorm.weight', 'base_model.layers.29.input_layernorm.bias', 'base_model.layers.29.post_attention_layernorm.weight', 'base_model.layers.29.post_attention_layernorm.bias', 'base_model.layers.29.attention.query_key_value.weight', 'base_model.layers.29.attention.query_key_value.bias', 'base_model.layers.29.attention.dense.weight', 'base_model.layers.29.attention.dense.bias', 'base_model.layers.29.mlp.dense_h_to_4h.weight', 'base_model.layers.29.mlp.dense_h_to_4h.bias', 'base_model.layers.29.mlp.dense_4h_to_h.weight', 'base_model.layers.29.mlp.dense_4h_to_h.bias', 'base_model.layers.30.input_layernorm.weight', 'base_model.layers.30.input_layernorm.bias', 'base_model.layers.30.post_attention_layernorm.weight', 'base_model.layers.30.post_attention_layernorm.bias', 'base_model.layers.30.attention.query_key_value.weight', 'base_model.layers.30.attention.query_key_value.bias', 'base_model.layers.30.attention.dense.weight', 'base_model.layers.30.attention.dense.bias', 'base_model.layers.30.mlp.dense_h_to_4h.weight', 'base_model.layers.30.mlp.dense_h_to_4h.bias', 'base_model.layers.30.mlp.dense_4h_to_h.weight', 'base_model.layers.30.mlp.dense_4h_to_h.bias', 'base_model.layers.31.input_layernorm.weight', 'base_model.layers.31.input_layernorm.bias', 'base_model.layers.31.post_attention_layernorm.weight', 'base_model.layers.31.post_attention_layernorm.bias', 'base_model.layers.31.attention.query_key_value.weight', 'base_model.layers.31.attention.query_key_value.bias', 'base_model.layers.31.attention.dense.weight', 'base_model.layers.31.attention.dense.bias', 'base_model.layers.31.mlp.dense_h_to_4h.weight', 'base_model.layers.31.mlp.dense_h_to_4h.bias', 'base_model.layers.31.mlp.dense_4h_to_h.weight', 'base_model.layers.31.mlp.dense_4h_to_h.bias', 'base_model.final_layer_norm.weight', 'base_model.final_layer_norm.bias', 'shared.fc1.weight', 'shared.fc1.bias', 'shared.fc2.weight', 'shared.fc2.bias', 'classifier.fc.weight', 'classifier.fc.bias', 'classifier.out.weight', 'classifier.out.bias', 'regressor.fc.weight', 'regressor.fc.bias', 'regressor.out.weight', 'regressor.out.bias']
Optimizer param groups: 50
LRs after scheduler: [0.0004967897271268058, 9.935794542536117e-05]
Done 139 Batches of 139
class_loss = 2.221137523651123
macro_f1 = 0.2608548450713201
weighted_f1 = 0.2605618101785646
regression_loss = 0.6396024823188782
Params with no grad after backward: ['base_model.layers.29.input_layernorm.weight', 'base_model.layers.29.input_layernorm.bias', 'base_model.layers.29.post_attention_layernorm.weight', 'base_model.layers.29.post_attention_layernorm.bias', 'base_model.layers.29.attention.query_key_value.weight', 'base_model.layers.29.attention.query_key_value.bias', 'base_model.layers.29.attention.dense.weight', 'base_model.layers.29.attention.dense.bias', 'base_model.layers.29.mlp.dense_h_to_4h.weight', 'base_model.layers.29.mlp.dense_h_to_4h.bias', 'base_model.layers.29.mlp.dense_4h_to_h.weight', 'base_model.layers.29.mlp.dense_4h_to_h.bias', 'base_model.layers.30.input_layernorm.weight', 'base_model.layers.30.input_layernorm.bias', 'base_model.layers.30.post_attention_layernorm.weight', 'base_model.layers.30.post_attention_layernorm.bias', 'base_model.layers.30.attention.query_key_value.weight', 'base_model.layers.30.attention.query_key_value.bias', 'base_model.layers.30.attention.dense.weight', 'base_model.layers.30.attention.dense.bias', 'base_model.layers.30.mlp.dense_h_to_4h.weight', 'base_model.layers.30.mlp.dense_h_to_4h.bias', 'base_model.layers.30.mlp.dense_4h_to_h.weight', 'base_model.layers.30.mlp.dense_4h_to_h.bias', 'base_model.layers.31.input_layernorm.weight', 'base_model.layers.31.input_layernorm.bias', 'base_model.layers.31.post_attention_layernorm.weight', 'base_model.layers.31.post_attention_layernorm.bias', 'base_model.layers.31.attention.query_key_value.weight', 'base_model.layers.31.attention.query_key_value.bias', 'base_model.layers.31.attention.dense.weight', 'base_model.layers.31.attention.dense.bias', 'base_model.layers.31.mlp.dense_h_to_4h.weight', 'base_model.layers.31.mlp.dense_h_to_4h.bias', 'base_model.layers.31.mlp.dense_4h_to_h.weight', 'base_model.layers.31.mlp.dense_4h_to_h.bias', 'base_model.final_layer_norm.weight', 'base_model.final_layer_norm.bias', 'shared.fc1.weight', 'shared.fc1.bias', 'shared.fc2.weight', 'shared.fc2.bias', 'classifier.fc.weight', 'classifier.fc.bias', 'classifier.out.weight', 'classifier.out.bias', 'regressor.fc.weight', 'regressor.fc.bias', 'regressor.out.weight', 'regressor.out.bias']
Optimizer param groups: 50
LRs after scheduler: [0.0004965890850722311, 9.931781701444623e-05]
2.466066360473633
2.4943227767944336
2.3998708724975586
2.3268377780914307
2.34839129447937
2.410093069076538
2.222296714782715
2.3060643672943115
2.2346153259277344
avg_train_loss 2.435914368938199
avg_val_loss 2.3565065066019693
2.4358839988708496
2.260082244873047
2.371575117111206
2.1862332820892334
2.2835700511932373
2.5250003337860107
2.375683069229126
2.420402765274048
2.415947437286377
2.3241469860076904
2.198711633682251
2.2113759517669678
2.154266357421875
2.2981481552124023
2.3587393760681152
2.2914910316467285
2.106973171234131
