/pfs/lustrep2/projappl/project_465002413/ChessGPT/chessgpt_multitask.py:33: DtypeWarning: Columns (3,5) have mixed types. Specify dtype option on import or set low_memory=False.
  df = pd.read_csv(csv_path)
/pfs/lustrep2/projappl/project_465002413/ChessGPT/chessgpt_multitask.py:80: FutureWarning: A value is trying to be set on a copy of a DataFrame or Series through chained assignment using an inplace method.
The behavior will change in pandas 3.0. This inplace method will never work because the intermediate object on which we are setting values always behaves as a copy.

For example, when doing 'df[col].method(value, inplace=True)', try using 'df.method({col: value}, inplace=True)' or df[col] = df[col].method(value) instead, to perform the operation inplace on the original object.


  df_white_black['white_elo'].fillna(df_white_black['white_elo'].mean(), inplace=True)
/pfs/lustrep2/projappl/project_465002413/ChessGPT/chessgpt_multitask.py:81: FutureWarning: A value is trying to be set on a copy of a DataFrame or Series through chained assignment using an inplace method.
The behavior will change in pandas 3.0. This inplace method will never work because the intermediate object on which we are setting values always behaves as a copy.

For example, when doing 'df[col].method(value, inplace=True)', try using 'df.method({col: value}, inplace=True)' or df[col] = df[col].method(value) instead, to perform the operation inplace on the original object.


  df_white_black['black_elo'].fillna(df_white_black['black_elo'].mean(), inplace=True)
Total: 20,853
Train: 17,725 (85.00%)
Val:   1,042 (5.00%)
Test:  2,086 (10.00%)
|-|-|-|-|-|mean_elo: 2663.78369140625|-|-|-|-|
|-|-|-|-|-|std_elo: 110.49032592773438|-|-|-|-|
Loading checkpoint shards:   0%|          | 0/2 [00:00<?, ?it/s]Loading checkpoint shards:  50%|█████     | 1/2 [00:06<00:06,  6.17s/it]Loading checkpoint shards: 100%|██████████| 2/2 [00:06<00:00,  2.83s/it]Loading checkpoint shards: 100%|██████████| 2/2 [00:06<00:00,  3.33s/it]
HYPERPARAM: 
 shared_dim1=1024, 
 shared_dim2=512, 
 head_dim=256, 
 dropout=0.0
HYPERPARAM: tokenizer, max_length=256
139
Unfroze last transformer layer.
HYPERPARAM: lrs: 5e-4  &  1e-4
HYPERPARAM: weight_decays: 0.00001  &  0.00001
Using device: cuda
HYPERPARAM: alpha: 0.2
Done 32 Batches of 139
class_loss = 3.0031957626342773
macro_f1 = 0.010720807070602837
weighted_f1 = 0.010340693038797286
regression_loss = 0.27115708589553833
Params with no grad after backward: ['base_model.layers.29.input_layernorm.weight', 'base_model.layers.29.input_layernorm.bias', 'base_model.layers.29.post_attention_layernorm.weight', 'base_model.layers.29.post_attention_layernorm.bias', 'base_model.layers.29.attention.query_key_value.weight', 'base_model.layers.29.attention.query_key_value.bias', 'base_model.layers.29.attention.dense.weight', 'base_model.layers.29.attention.dense.bias', 'base_model.layers.29.mlp.dense_h_to_4h.weight', 'base_model.layers.29.mlp.dense_h_to_4h.bias', 'base_model.layers.29.mlp.dense_4h_to_h.weight', 'base_model.layers.29.mlp.dense_4h_to_h.bias', 'base_model.layers.30.input_layernorm.weight', 'base_model.layers.30.input_layernorm.bias', 'base_model.layers.30.post_attention_layernorm.weight', 'base_model.layers.30.post_attention_layernorm.bias', 'base_model.layers.30.attention.query_key_value.weight', 'base_model.layers.30.attention.query_key_value.bias', 'base_model.layers.30.attention.dense.weight', 'base_model.layers.30.attention.dense.bias', 'base_model.layers.30.mlp.dense_h_to_4h.weight', 'base_model.layers.30.mlp.dense_h_to_4h.bias', 'base_model.layers.30.mlp.dense_4h_to_h.weight', 'base_model.layers.30.mlp.dense_4h_to_h.bias', 'base_model.layers.31.input_layernorm.weight', 'base_model.layers.31.input_layernorm.bias', 'base_model.layers.31.post_attention_layernorm.weight', 'base_model.layers.31.post_attention_layernorm.bias', 'base_model.layers.31.attention.query_key_value.weight', 'base_model.layers.31.attention.query_key_value.bias', 'base_model.layers.31.attention.dense.weight', 'base_model.layers.31.attention.dense.bias', 'base_model.layers.31.mlp.dense_h_to_4h.weight', 'base_model.layers.31.mlp.dense_h_to_4h.bias', 'base_model.layers.31.mlp.dense_4h_to_h.weight', 'base_model.layers.31.mlp.dense_4h_to_h.bias', 'base_model.final_layer_norm.weight', 'base_model.final_layer_norm.bias', 'shared.fc1.weight', 'shared.fc1.bias', 'shared.fc2.weight', 'shared.fc2.bias', 'classifier.fc.weight', 'classifier.fc.bias', 'classifier.out.weight', 'classifier.out.bias', 'regressor.fc.weight', 'regressor.fc.bias', 'regressor.out.weight', 'regressor.out.bias']
Optimizer param groups: 50
LRs after scheduler: [6.25e-05, 1.25e-05]
Done 64 Batches of 139
class_loss = 3.008321523666382
macro_f1 = 0.011616253057651023
weighted_f1 = 0.011509137345106274
regression_loss = 0.3289504647254944
Params with no grad after backward: ['base_model.layers.29.input_layernorm.weight', 'base_model.layers.29.input_layernorm.bias', 'base_model.layers.29.post_attention_layernorm.weight', 'base_model.layers.29.post_attention_layernorm.bias', 'base_model.layers.29.attention.query_key_value.weight', 'base_model.layers.29.attention.query_key_value.bias', 'base_model.layers.29.attention.dense.weight', 'base_model.layers.29.attention.dense.bias', 'base_model.layers.29.mlp.dense_h_to_4h.weight', 'base_model.layers.29.mlp.dense_h_to_4h.bias', 'base_model.layers.29.mlp.dense_4h_to_h.weight', 'base_model.layers.29.mlp.dense_4h_to_h.bias', 'base_model.layers.30.input_layernorm.weight', 'base_model.layers.30.input_layernorm.bias', 'base_model.layers.30.post_attention_layernorm.weight', 'base_model.layers.30.post_attention_layernorm.bias', 'base_model.layers.30.attention.query_key_value.weight', 'base_model.layers.30.attention.query_key_value.bias', 'base_model.layers.30.attention.dense.weight', 'base_model.layers.30.attention.dense.bias', 'base_model.layers.30.mlp.dense_h_to_4h.weight', 'base_model.layers.30.mlp.dense_h_to_4h.bias', 'base_model.layers.30.mlp.dense_4h_to_h.weight', 'base_model.layers.30.mlp.dense_4h_to_h.bias', 'base_model.layers.31.input_layernorm.weight', 'base_model.layers.31.input_layernorm.bias', 'base_model.layers.31.post_attention_layernorm.weight', 'base_model.layers.31.post_attention_layernorm.bias', 'base_model.layers.31.attention.query_key_value.weight', 'base_model.layers.31.attention.query_key_value.bias', 'base_model.layers.31.attention.dense.weight', 'base_model.layers.31.attention.dense.bias', 'base_model.layers.31.mlp.dense_h_to_4h.weight', 'base_model.layers.31.mlp.dense_h_to_4h.bias', 'base_model.layers.31.mlp.dense_4h_to_h.weight', 'base_model.layers.31.mlp.dense_4h_to_h.bias', 'base_model.final_layer_norm.weight', 'base_model.final_layer_norm.bias', 'shared.fc1.weight', 'shared.fc1.bias', 'shared.fc2.weight', 'shared.fc2.bias', 'classifier.fc.weight', 'classifier.fc.bias', 'classifier.out.weight', 'classifier.out.bias', 'regressor.fc.weight', 'regressor.fc.bias', 'regressor.out.weight', 'regressor.out.bias']
Optimizer param groups: 50
LRs after scheduler: [0.000125, 2.5e-05]
Done 96 Batches of 139
class_loss = 2.9928219318389893
macro_f1 = 0.014998506938993628
weighted_f1 = 0.01492022804872617
regression_loss = 0.4057082235813141
Params with no grad after backward: ['base_model.layers.29.input_layernorm.weight', 'base_model.layers.29.input_layernorm.bias', 'base_model.layers.29.post_attention_layernorm.weight', 'base_model.layers.29.post_attention_layernorm.bias', 'base_model.layers.29.attention.query_key_value.weight', 'base_model.layers.29.attention.query_key_value.bias', 'base_model.layers.29.attention.dense.weight', 'base_model.layers.29.attention.dense.bias', 'base_model.layers.29.mlp.dense_h_to_4h.weight', 'base_model.layers.29.mlp.dense_h_to_4h.bias', 'base_model.layers.29.mlp.dense_4h_to_h.weight', 'base_model.layers.29.mlp.dense_4h_to_h.bias', 'base_model.layers.30.input_layernorm.weight', 'base_model.layers.30.input_layernorm.bias', 'base_model.layers.30.post_attention_layernorm.weight', 'base_model.layers.30.post_attention_layernorm.bias', 'base_model.layers.30.attention.query_key_value.weight', 'base_model.layers.30.attention.query_key_value.bias', 'base_model.layers.30.attention.dense.weight', 'base_model.layers.30.attention.dense.bias', 'base_model.layers.30.mlp.dense_h_to_4h.weight', 'base_model.layers.30.mlp.dense_h_to_4h.bias', 'base_model.layers.30.mlp.dense_4h_to_h.weight', 'base_model.layers.30.mlp.dense_4h_to_h.bias', 'base_model.layers.31.input_layernorm.weight', 'base_model.layers.31.input_layernorm.bias', 'base_model.layers.31.post_attention_layernorm.weight', 'base_model.layers.31.post_attention_layernorm.bias', 'base_model.layers.31.attention.query_key_value.weight', 'base_model.layers.31.attention.query_key_value.bias', 'base_model.layers.31.attention.dense.weight', 'base_model.layers.31.attention.dense.bias', 'base_model.layers.31.mlp.dense_h_to_4h.weight', 'base_model.layers.31.mlp.dense_h_to_4h.bias', 'base_model.layers.31.mlp.dense_4h_to_h.weight', 'base_model.layers.31.mlp.dense_4h_to_h.bias', 'base_model.final_layer_norm.weight', 'base_model.final_layer_norm.bias', 'shared.fc1.weight', 'shared.fc1.bias', 'shared.fc2.weight', 'shared.fc2.bias', 'classifier.fc.weight', 'classifier.fc.bias', 'classifier.out.weight', 'classifier.out.bias', 'regressor.fc.weight', 'regressor.fc.bias', 'regressor.out.weight', 'regressor.out.bias']
Optimizer param groups: 50
LRs after scheduler: [0.0001875, 3.7500000000000003e-05]
Done 128 Batches of 139
class_loss = 2.991475820541382
macro_f1 = 0.019263793156675098
weighted_f1 = 0.01935644658651178
regression_loss = 0.42326807975769043
Params with no grad after backward: ['base_model.layers.29.input_layernorm.weight', 'base_model.layers.29.input_layernorm.bias', 'base_model.layers.29.post_attention_layernorm.weight', 'base_model.layers.29.post_attention_layernorm.bias', 'base_model.layers.29.attention.query_key_value.weight', 'base_model.layers.29.attention.query_key_value.bias', 'base_model.layers.29.attention.dense.weight', 'base_model.layers.29.attention.dense.bias', 'base_model.layers.29.mlp.dense_h_to_4h.weight', 'base_model.layers.29.mlp.dense_h_to_4h.bias', 'base_model.layers.29.mlp.dense_4h_to_h.weight', 'base_model.layers.29.mlp.dense_4h_to_h.bias', 'base_model.layers.30.input_layernorm.weight', 'base_model.layers.30.input_layernorm.bias', 'base_model.layers.30.post_attention_layernorm.weight', 'base_model.layers.30.post_attention_layernorm.bias', 'base_model.layers.30.attention.query_key_value.weight', 'base_model.layers.30.attention.query_key_value.bias', 'base_model.layers.30.attention.dense.weight', 'base_model.layers.30.attention.dense.bias', 'base_model.layers.30.mlp.dense_h_to_4h.weight', 'base_model.layers.30.mlp.dense_h_to_4h.bias', 'base_model.layers.30.mlp.dense_4h_to_h.weight', 'base_model.layers.30.mlp.dense_4h_to_h.bias', 'base_model.layers.31.input_layernorm.weight', 'base_model.layers.31.input_layernorm.bias', 'base_model.layers.31.post_attention_layernorm.weight', 'base_model.layers.31.post_attention_layernorm.bias', 'base_model.layers.31.attention.query_key_value.weight', 'base_model.layers.31.attention.query_key_value.bias', 'base_model.layers.31.attention.dense.weight', 'base_model.layers.31.attention.dense.bias', 'base_model.layers.31.mlp.dense_h_to_4h.weight', 'base_model.layers.31.mlp.dense_h_to_4h.bias', 'base_model.layers.31.mlp.dense_4h_to_h.weight', 'base_model.layers.31.mlp.dense_4h_to_h.bias', 'base_model.final_layer_norm.weight', 'base_model.final_layer_norm.bias', 'shared.fc1.weight', 'shared.fc1.bias', 'shared.fc2.weight', 'shared.fc2.bias', 'classifier.fc.weight', 'classifier.fc.bias', 'classifier.out.weight', 'classifier.out.bias', 'regressor.fc.weight', 'regressor.fc.bias', 'regressor.out.weight', 'regressor.out.bias']
Optimizer param groups: 50
LRs after scheduler: [0.00025, 5e-05]
Done 139 Batches of 139
class_loss = 3.0039210319519043
macro_f1 = 0.022442634810281484
weighted_f1 = 0.022538715057816298
regression_loss = 0.2939123511314392
Params with no grad after backward: ['base_model.layers.29.input_layernorm.weight', 'base_model.layers.29.input_layernorm.bias', 'base_model.layers.29.post_attention_layernorm.weight', 'base_model.layers.29.post_attention_layernorm.bias', 'base_model.layers.29.attention.query_key_value.weight', 'base_model.layers.29.attention.query_key_value.bias', 'base_model.layers.29.attention.dense.weight', 'base_model.layers.29.attention.dense.bias', 'base_model.layers.29.mlp.dense_h_to_4h.weight', 'base_model.layers.29.mlp.dense_h_to_4h.bias', 'base_model.layers.29.mlp.dense_4h_to_h.weight', 'base_model.layers.29.mlp.dense_4h_to_h.bias', 'base_model.layers.30.input_layernorm.weight', 'base_model.layers.30.input_layernorm.bias', 'base_model.layers.30.post_attention_layernorm.weight', 'base_model.layers.30.post_attention_layernorm.bias', 'base_model.layers.30.attention.query_key_value.weight', 'base_model.layers.30.attention.query_key_value.bias', 'base_model.layers.30.attention.dense.weight', 'base_model.layers.30.attention.dense.bias', 'base_model.layers.30.mlp.dense_h_to_4h.weight', 'base_model.layers.30.mlp.dense_h_to_4h.bias', 'base_model.layers.30.mlp.dense_4h_to_h.weight', 'base_model.layers.30.mlp.dense_4h_to_h.bias', 'base_model.layers.31.input_layernorm.weight', 'base_model.layers.31.input_layernorm.bias', 'base_model.layers.31.post_attention_layernorm.weight', 'base_model.layers.31.post_attention_layernorm.bias', 'base_model.layers.31.attention.query_key_value.weight', 'base_model.layers.31.attention.query_key_value.bias', 'base_model.layers.31.attention.dense.weight', 'base_model.layers.31.attention.dense.bias', 'base_model.layers.31.mlp.dense_h_to_4h.weight', 'base_model.layers.31.mlp.dense_h_to_4h.bias', 'base_model.layers.31.mlp.dense_4h_to_h.weight', 'base_model.layers.31.mlp.dense_4h_to_h.bias', 'base_model.final_layer_norm.weight', 'base_model.final_layer_norm.bias', 'shared.fc1.weight', 'shared.fc1.bias', 'shared.fc2.weight', 'shared.fc2.bias', 'classifier.fc.weight', 'classifier.fc.bias', 'classifier.out.weight', 'classifier.out.bias', 'regressor.fc.weight', 'regressor.fc.bias', 'regressor.out.weight', 'regressor.out.bias']
Optimizer param groups: 50
LRs after scheduler: [0.0003125, 6.25e-05]
3.0671136379241943
3.049293041229248
3.059539794921875
3.0434398651123047
3.0595574378967285
3.049250364303589
3.0475237369537354
3.0509257316589355
3.079517364501953
avg_train_loss 3.0668323606038266
avg_val_loss 3.056240108278063
Done 32 Batches of 139
class_loss = 2.9787676334381104
macro_f1 = 0.03222438209943325
weighted_f1 = 0.03288680508286943
regression_loss = 0.4289516508579254
Params with no grad after backward: ['base_model.layers.29.input_layernorm.weight', 'base_model.layers.29.input_layernorm.bias', 'base_model.layers.29.post_attention_layernorm.weight', 'base_model.layers.29.post_attention_layernorm.bias', 'base_model.layers.29.attention.query_key_value.weight', 'base_model.layers.29.attention.query_key_value.bias', 'base_model.layers.29.attention.dense.weight', 'base_model.layers.29.attention.dense.bias', 'base_model.layers.29.mlp.dense_h_to_4h.weight', 'base_model.layers.29.mlp.dense_h_to_4h.bias', 'base_model.layers.29.mlp.dense_4h_to_h.weight', 'base_model.layers.29.mlp.dense_4h_to_h.bias', 'base_model.layers.30.input_layernorm.weight', 'base_model.layers.30.input_layernorm.bias', 'base_model.layers.30.post_attention_layernorm.weight', 'base_model.layers.30.post_attention_layernorm.bias', 'base_model.layers.30.attention.query_key_value.weight', 'base_model.layers.30.attention.query_key_value.bias', 'base_model.layers.30.attention.dense.weight', 'base_model.layers.30.attention.dense.bias', 'base_model.layers.30.mlp.dense_h_to_4h.weight', 'base_model.layers.30.mlp.dense_h_to_4h.bias', 'base_model.layers.30.mlp.dense_4h_to_h.weight', 'base_model.layers.30.mlp.dense_4h_to_h.bias', 'base_model.layers.31.input_layernorm.weight', 'base_model.layers.31.input_layernorm.bias', 'base_model.layers.31.post_attention_layernorm.weight', 'base_model.layers.31.post_attention_layernorm.bias', 'base_model.layers.31.attention.query_key_value.weight', 'base_model.layers.31.attention.query_key_value.bias', 'base_model.layers.31.attention.dense.weight', 'base_model.layers.31.attention.dense.bias', 'base_model.layers.31.mlp.dense_h_to_4h.weight', 'base_model.layers.31.mlp.dense_h_to_4h.bias', 'base_model.layers.31.mlp.dense_4h_to_h.weight', 'base_model.layers.31.mlp.dense_4h_to_h.bias', 'base_model.final_layer_norm.weight', 'base_model.final_layer_norm.bias', 'shared.fc1.weight', 'shared.fc1.bias', 'shared.fc2.weight', 'shared.fc2.bias', 'classifier.fc.weight', 'classifier.fc.bias', 'classifier.out.weight', 'classifier.out.bias', 'regressor.fc.weight', 'regressor.fc.bias', 'regressor.out.weight', 'regressor.out.bias']
Optimizer param groups: 50
LRs after scheduler: [0.000375, 7.500000000000001e-05]
Done 64 Batches of 139
class_loss = 2.971060276031494
macro_f1 = 0.061564658089637195
weighted_f1 = 0.06136216277401932
regression_loss = 0.3299974799156189
Params with no grad after backward: ['base_model.layers.29.input_layernorm.weight', 'base_model.layers.29.input_layernorm.bias', 'base_model.layers.29.post_attention_layernorm.weight', 'base_model.layers.29.post_attention_layernorm.bias', 'base_model.layers.29.attention.query_key_value.weight', 'base_model.layers.29.attention.query_key_value.bias', 'base_model.layers.29.attention.dense.weight', 'base_model.layers.29.attention.dense.bias', 'base_model.layers.29.mlp.dense_h_to_4h.weight', 'base_model.layers.29.mlp.dense_h_to_4h.bias', 'base_model.layers.29.mlp.dense_4h_to_h.weight', 'base_model.layers.29.mlp.dense_4h_to_h.bias', 'base_model.layers.30.input_layernorm.weight', 'base_model.layers.30.input_layernorm.bias', 'base_model.layers.30.post_attention_layernorm.weight', 'base_model.layers.30.post_attention_layernorm.bias', 'base_model.layers.30.attention.query_key_value.weight', 'base_model.layers.30.attention.query_key_value.bias', 'base_model.layers.30.attention.dense.weight', 'base_model.layers.30.attention.dense.bias', 'base_model.layers.30.mlp.dense_h_to_4h.weight', 'base_model.layers.30.mlp.dense_h_to_4h.bias', 'base_model.layers.30.mlp.dense_4h_to_h.weight', 'base_model.layers.30.mlp.dense_4h_to_h.bias', 'base_model.layers.31.input_layernorm.weight', 'base_model.layers.31.input_layernorm.bias', 'base_model.layers.31.post_attention_layernorm.weight', 'base_model.layers.31.post_attention_layernorm.bias', 'base_model.layers.31.attention.query_key_value.weight', 'base_model.layers.31.attention.query_key_value.bias', 'base_model.layers.31.attention.dense.weight', 'base_model.layers.31.attention.dense.bias', 'base_model.layers.31.mlp.dense_h_to_4h.weight', 'base_model.layers.31.mlp.dense_h_to_4h.bias', 'base_model.layers.31.mlp.dense_4h_to_h.weight', 'base_model.layers.31.mlp.dense_4h_to_h.bias', 'base_model.final_layer_norm.weight', 'base_model.final_layer_norm.bias', 'shared.fc1.weight', 'shared.fc1.bias', 'shared.fc2.weight', 'shared.fc2.bias', 'classifier.fc.weight', 'classifier.fc.bias', 'classifier.out.weight', 'classifier.out.bias', 'regressor.fc.weight', 'regressor.fc.bias', 'regressor.out.weight', 'regressor.out.bias']
Optimizer param groups: 50
LRs after scheduler: [0.0004375, 8.75e-05]
Done 96 Batches of 139
class_loss = 2.9045631885528564
macro_f1 = 0.07180895514434883
weighted_f1 = 0.07187356429198216
regression_loss = 0.3083857297897339
Params with no grad after backward: ['base_model.layers.29.input_layernorm.weight', 'base_model.layers.29.input_layernorm.bias', 'base_model.layers.29.post_attention_layernorm.weight', 'base_model.layers.29.post_attention_layernorm.bias', 'base_model.layers.29.attention.query_key_value.weight', 'base_model.layers.29.attention.query_key_value.bias', 'base_model.layers.29.attention.dense.weight', 'base_model.layers.29.attention.dense.bias', 'base_model.layers.29.mlp.dense_h_to_4h.weight', 'base_model.layers.29.mlp.dense_h_to_4h.bias', 'base_model.layers.29.mlp.dense_4h_to_h.weight', 'base_model.layers.29.mlp.dense_4h_to_h.bias', 'base_model.layers.30.input_layernorm.weight', 'base_model.layers.30.input_layernorm.bias', 'base_model.layers.30.post_attention_layernorm.weight', 'base_model.layers.30.post_attention_layernorm.bias', 'base_model.layers.30.attention.query_key_value.weight', 'base_model.layers.30.attention.query_key_value.bias', 'base_model.layers.30.attention.dense.weight', 'base_model.layers.30.attention.dense.bias', 'base_model.layers.30.mlp.dense_h_to_4h.weight', 'base_model.layers.30.mlp.dense_h_to_4h.bias', 'base_model.layers.30.mlp.dense_4h_to_h.weight', 'base_model.layers.30.mlp.dense_4h_to_h.bias', 'base_model.layers.31.input_layernorm.weight', 'base_model.layers.31.input_layernorm.bias', 'base_model.layers.31.post_attention_layernorm.weight', 'base_model.layers.31.post_attention_layernorm.bias', 'base_model.layers.31.attention.query_key_value.weight', 'base_model.layers.31.attention.query_key_value.bias', 'base_model.layers.31.attention.dense.weight', 'base_model.layers.31.attention.dense.bias', 'base_model.layers.31.mlp.dense_h_to_4h.weight', 'base_model.layers.31.mlp.dense_h_to_4h.bias', 'base_model.layers.31.mlp.dense_4h_to_h.weight', 'base_model.layers.31.mlp.dense_4h_to_h.bias', 'base_model.final_layer_norm.weight', 'base_model.final_layer_norm.bias', 'shared.fc1.weight', 'shared.fc1.bias', 'shared.fc2.weight', 'shared.fc2.bias', 'classifier.fc.weight', 'classifier.fc.bias', 'classifier.out.weight', 'classifier.out.bias', 'regressor.fc.weight', 'regressor.fc.bias', 'regressor.out.weight', 'regressor.out.bias']
Optimizer param groups: 50
LRs after scheduler: [0.0005, 0.0001]
Done 128 Batches of 139
class_loss = 2.8415656089782715
macro_f1 = 0.08027177598508704
weighted_f1 = 0.0805641525969627
regression_loss = 0.39087116718292236
Params with no grad after backward: ['base_model.layers.29.input_layernorm.weight', 'base_model.layers.29.input_layernorm.bias', 'base_model.layers.29.post_attention_layernorm.weight', 'base_model.layers.29.post_attention_layernorm.bias', 'base_model.layers.29.attention.query_key_value.weight', 'base_model.layers.29.attention.query_key_value.bias', 'base_model.layers.29.attention.dense.weight', 'base_model.layers.29.attention.dense.bias', 'base_model.layers.29.mlp.dense_h_to_4h.weight', 'base_model.layers.29.mlp.dense_h_to_4h.bias', 'base_model.layers.29.mlp.dense_4h_to_h.weight', 'base_model.layers.29.mlp.dense_4h_to_h.bias', 'base_model.layers.30.input_layernorm.weight', 'base_model.layers.30.input_layernorm.bias', 'base_model.layers.30.post_attention_layernorm.weight', 'base_model.layers.30.post_attention_layernorm.bias', 'base_model.layers.30.attention.query_key_value.weight', 'base_model.layers.30.attention.query_key_value.bias', 'base_model.layers.30.attention.dense.weight', 'base_model.layers.30.attention.dense.bias', 'base_model.layers.30.mlp.dense_h_to_4h.weight', 'base_model.layers.30.mlp.dense_h_to_4h.bias', 'base_model.layers.30.mlp.dense_4h_to_h.weight', 'base_model.layers.30.mlp.dense_4h_to_h.bias', 'base_model.layers.31.input_layernorm.weight', 'base_model.layers.31.input_layernorm.bias', 'base_model.layers.31.post_attention_layernorm.weight', 'base_model.layers.31.post_attention_layernorm.bias', 'base_model.layers.31.attention.query_key_value.weight', 'base_model.layers.31.attention.query_key_value.bias', 'base_model.layers.31.attention.dense.weight', 'base_model.layers.31.attention.dense.bias', 'base_model.layers.31.mlp.dense_h_to_4h.weight', 'base_model.layers.31.mlp.dense_h_to_4h.bias', 'base_model.layers.31.mlp.dense_4h_to_h.weight', 'base_model.layers.31.mlp.dense_4h_to_h.bias', 'base_model.final_layer_norm.weight', 'base_model.final_layer_norm.bias', 'shared.fc1.weight', 'shared.fc1.bias', 'shared.fc2.weight', 'shared.fc2.bias', 'classifier.fc.weight', 'classifier.fc.bias', 'classifier.out.weight', 'classifier.out.bias', 'regressor.fc.weight', 'regressor.fc.bias', 'regressor.out.weight', 'regressor.out.bias']
Optimizer param groups: 50
LRs after scheduler: [0.0004997993579454254, 9.995987158908508e-05]
Done 139 Batches of 139
class_loss = 2.8229358196258545
macro_f1 = 0.08552143041752444
weighted_f1 = 0.08569477969545551
regression_loss = 0.333017498254776
Params with no grad after backward: ['base_model.layers.29.input_layernorm.weight', 'base_model.layers.29.input_layernorm.bias', 'base_model.layers.29.post_attention_layernorm.weight', 'base_model.layers.29.post_attention_layernorm.bias', 'base_model.layers.29.attention.query_key_value.weight', 'base_model.layers.29.attention.query_key_value.bias', 'base_model.layers.29.attention.dense.weight', 'base_model.layers.29.attention.dense.bias', 'base_model.layers.29.mlp.dense_h_to_4h.weight', 'base_model.layers.29.mlp.dense_h_to_4h.bias', 'base_model.layers.29.mlp.dense_4h_to_h.weight', 'base_model.layers.29.mlp.dense_4h_to_h.bias', 'base_model.layers.30.input_layernorm.weight', 'base_model.layers.30.input_layernorm.bias', 'base_model.layers.30.post_attention_layernorm.weight', 'base_model.layers.30.post_attention_layernorm.bias', 'base_model.layers.30.attention.query_key_value.weight', 'base_model.layers.30.attention.query_key_value.bias', 'base_model.layers.30.attention.dense.weight', 'base_model.layers.30.attention.dense.bias', 'base_model.layers.30.mlp.dense_h_to_4h.weight', 'base_model.layers.30.mlp.dense_h_to_4h.bias', 'base_model.layers.30.mlp.dense_4h_to_h.weight', 'base_model.layers.30.mlp.dense_4h_to_h.bias', 'base_model.layers.31.input_layernorm.weight', 'base_model.layers.31.input_layernorm.bias', 'base_model.layers.31.post_attention_layernorm.weight', 'base_model.layers.31.post_attention_layernorm.bias', 'base_model.layers.31.attention.query_key_value.weight', 'base_model.layers.31.attention.query_key_value.bias', 'base_model.layers.31.attention.dense.weight', 'base_model.layers.31.attention.dense.bias', 'base_model.layers.31.mlp.dense_h_to_4h.weight', 'base_model.layers.31.mlp.dense_h_to_4h.bias', 'base_model.layers.31.mlp.dense_4h_to_h.weight', 'base_model.layers.31.mlp.dense_4h_to_h.bias', 'base_model.final_layer_norm.weight', 'base_model.final_layer_norm.bias', 'shared.fc1.weight', 'shared.fc1.bias', 'shared.fc2.weight', 'shared.fc2.bias', 'classifier.fc.weight', 'classifier.fc.bias', 'classifier.out.weight', 'classifier.out.bias', 'regressor.fc.weight', 'regressor.fc.bias', 'regressor.out.weight', 'regressor.out.bias']
Optimizer param groups: 50
LRs after scheduler: [0.0004995987158908507, 9.991974317817014e-05]
2.8208529949188232
2.8134076595306396
2.8747341632843018
2.7708656787872314
2.793654680252075
2.775176525115967
2.7910709381103516
2.723925828933716
2.791246175765991
avg_train_loss 2.98207704626399
avg_val_loss 2.7949927382998996
Done 32 Batches of 139
class_loss = 2.645747184753418
macro_f1 = 0.09596113029496108
weighted_f1 = 0.09484939022995162
regression_loss = 0.49920642375946045
Params with no grad after backward: ['base_model.layers.29.input_layernorm.weight', 'base_model.layers.29.input_layernorm.bias', 'base_model.layers.29.post_attention_layernorm.weight', 'base_model.layers.29.post_attention_layernorm.bias', 'base_model.layers.29.attention.query_key_value.weight', 'base_model.layers.29.attention.query_key_value.bias', 'base_model.layers.29.attention.dense.weight', 'base_model.layers.29.attention.dense.bias', 'base_model.layers.29.mlp.dense_h_to_4h.weight', 'base_model.layers.29.mlp.dense_h_to_4h.bias', 'base_model.layers.29.mlp.dense_4h_to_h.weight', 'base_model.layers.29.mlp.dense_4h_to_h.bias', 'base_model.layers.30.input_layernorm.weight', 'base_model.layers.30.input_layernorm.bias', 'base_model.layers.30.post_attention_layernorm.weight', 'base_model.layers.30.post_attention_layernorm.bias', 'base_model.layers.30.attention.query_key_value.weight', 'base_model.layers.30.attention.query_key_value.bias', 'base_model.layers.30.attention.dense.weight', 'base_model.layers.30.attention.dense.bias', 'base_model.layers.30.mlp.dense_h_to_4h.weight', 'base_model.layers.30.mlp.dense_h_to_4h.bias', 'base_model.layers.30.mlp.dense_4h_to_h.weight', 'base_model.layers.30.mlp.dense_4h_to_h.bias', 'base_model.layers.31.input_layernorm.weight', 'base_model.layers.31.input_layernorm.bias', 'base_model.layers.31.post_attention_layernorm.weight', 'base_model.layers.31.post_attention_layernorm.bias', 'base_model.layers.31.attention.query_key_value.weight', 'base_model.layers.31.attention.query_key_value.bias', 'base_model.layers.31.attention.dense.weight', 'base_model.layers.31.attention.dense.bias', 'base_model.layers.31.mlp.dense_h_to_4h.weight', 'base_model.layers.31.mlp.dense_h_to_4h.bias', 'base_model.layers.31.mlp.dense_4h_to_h.weight', 'base_model.layers.31.mlp.dense_4h_to_h.bias', 'base_model.final_layer_norm.weight', 'base_model.final_layer_norm.bias', 'shared.fc1.weight', 'shared.fc1.bias', 'shared.fc2.weight', 'shared.fc2.bias', 'classifier.fc.weight', 'classifier.fc.bias', 'classifier.out.weight', 'classifier.out.bias', 'regressor.fc.weight', 'regressor.fc.bias', 'regressor.out.weight', 'regressor.out.bias']
Optimizer param groups: 50
LRs after scheduler: [0.0004993980738362761, 9.987961476725522e-05]
Done 64 Batches of 139
class_loss = 2.6914637088775635
macro_f1 = 0.1274452647568924
weighted_f1 = 0.12671090777240443
regression_loss = 0.3804611563682556
Params with no grad after backward: ['base_model.layers.29.input_layernorm.weight', 'base_model.layers.29.input_layernorm.bias', 'base_model.layers.29.post_attention_layernorm.weight', 'base_model.layers.29.post_attention_layernorm.bias', 'base_model.layers.29.attention.query_key_value.weight', 'base_model.layers.29.attention.query_key_value.bias', 'base_model.layers.29.attention.dense.weight', 'base_model.layers.29.attention.dense.bias', 'base_model.layers.29.mlp.dense_h_to_4h.weight', 'base_model.layers.29.mlp.dense_h_to_4h.bias', 'base_model.layers.29.mlp.dense_4h_to_h.weight', 'base_model.layers.29.mlp.dense_4h_to_h.bias', 'base_model.layers.30.input_layernorm.weight', 'base_model.layers.30.input_layernorm.bias', 'base_model.layers.30.post_attention_layernorm.weight', 'base_model.layers.30.post_attention_layernorm.bias', 'base_model.layers.30.attention.query_key_value.weight', 'base_model.layers.30.attention.query_key_value.bias', 'base_model.layers.30.attention.dense.weight', 'base_model.layers.30.attention.dense.bias', 'base_model.layers.30.mlp.dense_h_to_4h.weight', 'base_model.layers.30.mlp.dense_h_to_4h.bias', 'base_model.layers.30.mlp.dense_4h_to_h.weight', 'base_model.layers.30.mlp.dense_4h_to_h.bias', 'base_model.layers.31.input_layernorm.weight', 'base_model.layers.31.input_layernorm.bias', 'base_model.layers.31.post_attention_layernorm.weight', 'base_model.layers.31.post_attention_layernorm.bias', 'base_model.layers.31.attention.query_key_value.weight', 'base_model.layers.31.attention.query_key_value.bias', 'base_model.layers.31.attention.dense.weight', 'base_model.layers.31.attention.dense.bias', 'base_model.layers.31.mlp.dense_h_to_4h.weight', 'base_model.layers.31.mlp.dense_h_to_4h.bias', 'base_model.layers.31.mlp.dense_4h_to_h.weight', 'base_model.layers.31.mlp.dense_4h_to_h.bias', 'base_model.final_layer_norm.weight', 'base_model.final_layer_norm.bias', 'shared.fc1.weight', 'shared.fc1.bias', 'shared.fc2.weight', 'shared.fc2.bias', 'classifier.fc.weight', 'classifier.fc.bias', 'classifier.out.weight', 'classifier.out.bias', 'regressor.fc.weight', 'regressor.fc.bias', 'regressor.out.weight', 'regressor.out.bias']
Optimizer param groups: 50
LRs after scheduler: [0.0004991974317817015, 9.98394863563403e-05]
Done 96 Batches of 139
class_loss = 2.5707082748413086
macro_f1 = 0.14786692072052962
weighted_f1 = 0.14736333576905247
regression_loss = 0.3686281144618988
Params with no grad after backward: ['base_model.layers.29.input_layernorm.weight', 'base_model.layers.29.input_layernorm.bias', 'base_model.layers.29.post_attention_layernorm.weight', 'base_model.layers.29.post_attention_layernorm.bias', 'base_model.layers.29.attention.query_key_value.weight', 'base_model.layers.29.attention.query_key_value.bias', 'base_model.layers.29.attention.dense.weight', 'base_model.layers.29.attention.dense.bias', 'base_model.layers.29.mlp.dense_h_to_4h.weight', 'base_model.layers.29.mlp.dense_h_to_4h.bias', 'base_model.layers.29.mlp.dense_4h_to_h.weight', 'base_model.layers.29.mlp.dense_4h_to_h.bias', 'base_model.layers.30.input_layernorm.weight', 'base_model.layers.30.input_layernorm.bias', 'base_model.layers.30.post_attention_layernorm.weight', 'base_model.layers.30.post_attention_layernorm.bias', 'base_model.layers.30.attention.query_key_value.weight', 'base_model.layers.30.attention.query_key_value.bias', 'base_model.layers.30.attention.dense.weight', 'base_model.layers.30.attention.dense.bias', 'base_model.layers.30.mlp.dense_h_to_4h.weight', 'base_model.layers.30.mlp.dense_h_to_4h.bias', 'base_model.layers.30.mlp.dense_4h_to_h.weight', 'base_model.layers.30.mlp.dense_4h_to_h.bias', 'base_model.layers.31.input_layernorm.weight', 'base_model.layers.31.input_layernorm.bias', 'base_model.layers.31.post_attention_layernorm.weight', 'base_model.layers.31.post_attention_layernorm.bias', 'base_model.layers.31.attention.query_key_value.weight', 'base_model.layers.31.attention.query_key_value.bias', 'base_model.layers.31.attention.dense.weight', 'base_model.layers.31.attention.dense.bias', 'base_model.layers.31.mlp.dense_h_to_4h.weight', 'base_model.layers.31.mlp.dense_h_to_4h.bias', 'base_model.layers.31.mlp.dense_4h_to_h.weight', 'base_model.layers.31.mlp.dense_4h_to_h.bias', 'base_model.final_layer_norm.weight', 'base_model.final_layer_norm.bias', 'shared.fc1.weight', 'shared.fc1.bias', 'shared.fc2.weight', 'shared.fc2.bias', 'classifier.fc.weight', 'classifier.fc.bias', 'classifier.out.weight', 'classifier.out.bias', 'regressor.fc.weight', 'regressor.fc.bias', 'regressor.out.weight', 'regressor.out.bias']
Optimizer param groups: 50
LRs after scheduler: [0.0004989967897271268, 9.979935794542536e-05]
Done 128 Batches of 139
class_loss = 2.668747663497925
macro_f1 = 0.1546956756082055
weighted_f1 = 0.15435423857158045
regression_loss = 0.31080347299575806
Params with no grad after backward: ['base_model.layers.29.input_layernorm.weight', 'base_model.layers.29.input_layernorm.bias', 'base_model.layers.29.post_attention_layernorm.weight', 'base_model.layers.29.post_attention_layernorm.bias', 'base_model.layers.29.attention.query_key_value.weight', 'base_model.layers.29.attention.query_key_value.bias', 'base_model.layers.29.attention.dense.weight', 'base_model.layers.29.attention.dense.bias', 'base_model.layers.29.mlp.dense_h_to_4h.weight', 'base_model.layers.29.mlp.dense_h_to_4h.bias', 'base_model.layers.29.mlp.dense_4h_to_h.weight', 'base_model.layers.29.mlp.dense_4h_to_h.bias', 'base_model.layers.30.input_layernorm.weight', 'base_model.layers.30.input_layernorm.bias', 'base_model.layers.30.post_attention_layernorm.weight', 'base_model.layers.30.post_attention_layernorm.bias', 'base_model.layers.30.attention.query_key_value.weight', 'base_model.layers.30.attention.query_key_value.bias', 'base_model.layers.30.attention.dense.weight', 'base_model.layers.30.attention.dense.bias', 'base_model.layers.30.mlp.dense_h_to_4h.weight', 'base_model.layers.30.mlp.dense_h_to_4h.bias', 'base_model.layers.30.mlp.dense_4h_to_h.weight', 'base_model.layers.30.mlp.dense_4h_to_h.bias', 'base_model.layers.31.input_layernorm.weight', 'base_model.layers.31.input_layernorm.bias', 'base_model.layers.31.post_attention_layernorm.weight', 'base_model.layers.31.post_attention_layernorm.bias', 'base_model.layers.31.attention.query_key_value.weight', 'base_model.layers.31.attention.query_key_value.bias', 'base_model.layers.31.attention.dense.weight', 'base_model.layers.31.attention.dense.bias', 'base_model.layers.31.mlp.dense_h_to_4h.weight', 'base_model.layers.31.mlp.dense_h_to_4h.bias', 'base_model.layers.31.mlp.dense_4h_to_h.weight', 'base_model.layers.31.mlp.dense_4h_to_h.bias', 'base_model.final_layer_norm.weight', 'base_model.final_layer_norm.bias', 'shared.fc1.weight', 'shared.fc1.bias', 'shared.fc2.weight', 'shared.fc2.bias', 'classifier.fc.weight', 'classifier.fc.bias', 'classifier.out.weight', 'classifier.out.bias', 'regressor.fc.weight', 'regressor.fc.bias', 'regressor.out.weight', 'regressor.out.bias']
Optimizer param groups: 50
LRs after scheduler: [0.0004987961476725522, 9.975922953451044e-05]
Done 139 Batches of 139
class_loss = 2.446079969406128
macro_f1 = 0.15695750328959288
weighted_f1 = 0.15689158515533985
regression_loss = 0.37587323784828186
Params with no grad after backward: ['base_model.layers.29.input_layernorm.weight', 'base_model.layers.29.input_layernorm.bias', 'base_model.layers.29.post_attention_layernorm.weight', 'base_model.layers.29.post_attention_layernorm.bias', 'base_model.layers.29.attention.query_key_value.weight', 'base_model.layers.29.attention.query_key_value.bias', 'base_model.layers.29.attention.dense.weight', 'base_model.layers.29.attention.dense.bias', 'base_model.layers.29.mlp.dense_h_to_4h.weight', 'base_model.layers.29.mlp.dense_h_to_4h.bias', 'base_model.layers.29.mlp.dense_4h_to_h.weight', 'base_model.layers.29.mlp.dense_4h_to_h.bias', 'base_model.layers.30.input_layernorm.weight', 'base_model.layers.30.input_layernorm.bias', 'base_model.layers.30.post_attention_layernorm.weight', 'base_model.layers.30.post_attention_layernorm.bias', 'base_model.layers.30.attention.query_key_value.weight', 'base_model.layers.30.attention.query_key_value.bias', 'base_model.layers.30.attention.dense.weight', 'base_model.layers.30.attention.dense.bias', 'base_model.layers.30.mlp.dense_h_to_4h.weight', 'base_model.layers.30.mlp.dense_h_to_4h.bias', 'base_model.layers.30.mlp.dense_4h_to_h.weight', 'base_model.layers.30.mlp.dense_4h_to_h.bias', 'base_model.layers.31.input_layernorm.weight', 'base_model.layers.31.input_layernorm.bias', 'base_model.layers.31.post_attention_layernorm.weight', 'base_model.layers.31.post_attention_layernorm.bias', 'base_model.layers.31.attention.query_key_value.weight', 'base_model.layers.31.attention.query_key_value.bias', 'base_model.layers.31.attention.dense.weight', 'base_model.layers.31.attention.dense.bias', 'base_model.layers.31.mlp.dense_h_to_4h.weight', 'base_model.layers.31.mlp.dense_h_to_4h.bias', 'base_model.layers.31.mlp.dense_4h_to_h.weight', 'base_model.layers.31.mlp.dense_4h_to_h.bias', 'base_model.final_layer_norm.weight', 'base_model.final_layer_norm.bias', 'shared.fc1.weight', 'shared.fc1.bias', 'shared.fc2.weight', 'shared.fc2.bias', 'classifier.fc.weight', 'classifier.fc.bias', 'classifier.out.weight', 'classifier.out.bias', 'regressor.fc.weight', 'regressor.fc.bias', 'regressor.out.weight', 'regressor.out.bias']
Optimizer param groups: 50
LRs after scheduler: [0.0004985955056179776, 9.971910112359551e-05]
2.6907904148101807
2.581183910369873
2.761021375656128
2.664611339569092
2.587878942489624
2.6265506744384766
2.6311352252960205
2.6204428672790527
2.5385327339172363
avg_train_loss 2.7046421346046943
avg_val_loss 2.6335719426472983
Done 32 Batches of 139
class_loss = 2.574564218521118
macro_f1 = 0.18444922613516315
weighted_f1 = 0.18899880652320886
regression_loss = 0.34648972749710083
Params with no grad after backward: ['base_model.layers.29.input_layernorm.weight', 'base_model.layers.29.input_layernorm.bias', 'base_model.layers.29.post_attention_layernorm.weight', 'base_model.layers.29.post_attention_layernorm.bias', 'base_model.layers.29.attention.query_key_value.weight', 'base_model.layers.29.attention.query_key_value.bias', 'base_model.layers.29.attention.dense.weight', 'base_model.layers.29.attention.dense.bias', 'base_model.layers.29.mlp.dense_h_to_4h.weight', 'base_model.layers.29.mlp.dense_h_to_4h.bias', 'base_model.layers.29.mlp.dense_4h_to_h.weight', 'base_model.layers.29.mlp.dense_4h_to_h.bias', 'base_model.layers.30.input_layernorm.weight', 'base_model.layers.30.input_layernorm.bias', 'base_model.layers.30.post_attention_layernorm.weight', 'base_model.layers.30.post_attention_layernorm.bias', 'base_model.layers.30.attention.query_key_value.weight', 'base_model.layers.30.attention.query_key_value.bias', 'base_model.layers.30.attention.dense.weight', 'base_model.layers.30.attention.dense.bias', 'base_model.layers.30.mlp.dense_h_to_4h.weight', 'base_model.layers.30.mlp.dense_h_to_4h.bias', 'base_model.layers.30.mlp.dense_4h_to_h.weight', 'base_model.layers.30.mlp.dense_4h_to_h.bias', 'base_model.layers.31.input_layernorm.weight', 'base_model.layers.31.input_layernorm.bias', 'base_model.layers.31.post_attention_layernorm.weight', 'base_model.layers.31.post_attention_layernorm.bias', 'base_model.layers.31.attention.query_key_value.weight', 'base_model.layers.31.attention.query_key_value.bias', 'base_model.layers.31.attention.dense.weight', 'base_model.layers.31.attention.dense.bias', 'base_model.layers.31.mlp.dense_h_to_4h.weight', 'base_model.layers.31.mlp.dense_h_to_4h.bias', 'base_model.layers.31.mlp.dense_4h_to_h.weight', 'base_model.layers.31.mlp.dense_4h_to_h.bias', 'base_model.final_layer_norm.weight', 'base_model.final_layer_norm.bias', 'shared.fc1.weight', 'shared.fc1.bias', 'shared.fc2.weight', 'shared.fc2.bias', 'classifier.fc.weight', 'classifier.fc.bias', 'classifier.out.weight', 'classifier.out.bias', 'regressor.fc.weight', 'regressor.fc.bias', 'regressor.out.weight', 'regressor.out.bias']
Optimizer param groups: 50
LRs after scheduler: [0.000498394863563403, 9.967897271268059e-05]
Done 64 Batches of 139
class_loss = 2.4638712406158447
macro_f1 = 0.18673582796496815
weighted_f1 = 0.1868199741150936
regression_loss = 0.41360342502593994
Params with no grad after backward: ['base_model.layers.29.input_layernorm.weight', 'base_model.layers.29.input_layernorm.bias', 'base_model.layers.29.post_attention_layernorm.weight', 'base_model.layers.29.post_attention_layernorm.bias', 'base_model.layers.29.attention.query_key_value.weight', 'base_model.layers.29.attention.query_key_value.bias', 'base_model.layers.29.attention.dense.weight', 'base_model.layers.29.attention.dense.bias', 'base_model.layers.29.mlp.dense_h_to_4h.weight', 'base_model.layers.29.mlp.dense_h_to_4h.bias', 'base_model.layers.29.mlp.dense_4h_to_h.weight', 'base_model.layers.29.mlp.dense_4h_to_h.bias', 'base_model.layers.30.input_layernorm.weight', 'base_model.layers.30.input_layernorm.bias', 'base_model.layers.30.post_attention_layernorm.weight', 'base_model.layers.30.post_attention_layernorm.bias', 'base_model.layers.30.attention.query_key_value.weight', 'base_model.layers.30.attention.query_key_value.bias', 'base_model.layers.30.attention.dense.weight', 'base_model.layers.30.attention.dense.bias', 'base_model.layers.30.mlp.dense_h_to_4h.weight', 'base_model.layers.30.mlp.dense_h_to_4h.bias', 'base_model.layers.30.mlp.dense_4h_to_h.weight', 'base_model.layers.30.mlp.dense_4h_to_h.bias', 'base_model.layers.31.input_layernorm.weight', 'base_model.layers.31.input_layernorm.bias', 'base_model.layers.31.post_attention_layernorm.weight', 'base_model.layers.31.post_attention_layernorm.bias', 'base_model.layers.31.attention.query_key_value.weight', 'base_model.layers.31.attention.query_key_value.bias', 'base_model.layers.31.attention.dense.weight', 'base_model.layers.31.attention.dense.bias', 'base_model.layers.31.mlp.dense_h_to_4h.weight', 'base_model.layers.31.mlp.dense_h_to_4h.bias', 'base_model.layers.31.mlp.dense_4h_to_h.weight', 'base_model.layers.31.mlp.dense_4h_to_h.bias', 'base_model.final_layer_norm.weight', 'base_model.final_layer_norm.bias', 'shared.fc1.weight', 'shared.fc1.bias', 'shared.fc2.weight', 'shared.fc2.bias', 'classifier.fc.weight', 'classifier.fc.bias', 'classifier.out.weight', 'classifier.out.bias', 'regressor.fc.weight', 'regressor.fc.bias', 'regressor.out.weight', 'regressor.out.bias']
Optimizer param groups: 50
LRs after scheduler: [0.0004981942215088283, 9.963884430176565e-05]
Done 96 Batches of 139
class_loss = 2.502671003341675
macro_f1 = 0.20396707736929734
weighted_f1 = 0.20350360619632218
regression_loss = 0.35831740498542786
Params with no grad after backward: ['base_model.layers.29.input_layernorm.weight', 'base_model.layers.29.input_layernorm.bias', 'base_model.layers.29.post_attention_layernorm.weight', 'base_model.layers.29.post_attention_layernorm.bias', 'base_model.layers.29.attention.query_key_value.weight', 'base_model.layers.29.attention.query_key_value.bias', 'base_model.layers.29.attention.dense.weight', 'base_model.layers.29.attention.dense.bias', 'base_model.layers.29.mlp.dense_h_to_4h.weight', 'base_model.layers.29.mlp.dense_h_to_4h.bias', 'base_model.layers.29.mlp.dense_4h_to_h.weight', 'base_model.layers.29.mlp.dense_4h_to_h.bias', 'base_model.layers.30.input_layernorm.weight', 'base_model.layers.30.input_layernorm.bias', 'base_model.layers.30.post_attention_layernorm.weight', 'base_model.layers.30.post_attention_layernorm.bias', 'base_model.layers.30.attention.query_key_value.weight', 'base_model.layers.30.attention.query_key_value.bias', 'base_model.layers.30.attention.dense.weight', 'base_model.layers.30.attention.dense.bias', 'base_model.layers.30.mlp.dense_h_to_4h.weight', 'base_model.layers.30.mlp.dense_h_to_4h.bias', 'base_model.layers.30.mlp.dense_4h_to_h.weight', 'base_model.layers.30.mlp.dense_4h_to_h.bias', 'base_model.layers.31.input_layernorm.weight', 'base_model.layers.31.input_layernorm.bias', 'base_model.layers.31.post_attention_layernorm.weight', 'base_model.layers.31.post_attention_layernorm.bias', 'base_model.layers.31.attention.query_key_value.weight', 'base_model.layers.31.attention.query_key_value.bias', 'base_model.layers.31.attention.dense.weight', 'base_model.layers.31.attention.dense.bias', 'base_model.layers.31.mlp.dense_h_to_4h.weight', 'base_model.layers.31.mlp.dense_h_to_4h.bias', 'base_model.layers.31.mlp.dense_4h_to_h.weight', 'base_model.layers.31.mlp.dense_4h_to_h.bias', 'base_model.final_layer_norm.weight', 'base_model.final_layer_norm.bias', 'shared.fc1.weight', 'shared.fc1.bias', 'shared.fc2.weight', 'shared.fc2.bias', 'classifier.fc.weight', 'classifier.fc.bias', 'classifier.out.weight', 'classifier.out.bias', 'regressor.fc.weight', 'regressor.fc.bias', 'regressor.out.weight', 'regressor.out.bias']
Optimizer param groups: 50
LRs after scheduler: [0.0004979935794542536, 9.959871589085073e-05]
Done 128 Batches of 139
class_loss = 2.1785593032836914
macro_f1 = 0.21435703857133243
weighted_f1 = 0.21461648720467277
regression_loss = 0.41161611676216125
Params with no grad after backward: ['base_model.layers.29.input_layernorm.weight', 'base_model.layers.29.input_layernorm.bias', 'base_model.layers.29.post_attention_layernorm.weight', 'base_model.layers.29.post_attention_layernorm.bias', 'base_model.layers.29.attention.query_key_value.weight', 'base_model.layers.29.attention.query_key_value.bias', 'base_model.layers.29.attention.dense.weight', 'base_model.layers.29.attention.dense.bias', 'base_model.layers.29.mlp.dense_h_to_4h.weight', 'base_model.layers.29.mlp.dense_h_to_4h.bias', 'base_model.layers.29.mlp.dense_4h_to_h.weight', 'base_model.layers.29.mlp.dense_4h_to_h.bias', 'base_model.layers.30.input_layernorm.weight', 'base_model.layers.30.input_layernorm.bias', 'base_model.layers.30.post_attention_layernorm.weight', 'base_model.layers.30.post_attention_layernorm.bias', 'base_model.layers.30.attention.query_key_value.weight', 'base_model.layers.30.attention.query_key_value.bias', 'base_model.layers.30.attention.dense.weight', 'base_model.layers.30.attention.dense.bias', 'base_model.layers.30.mlp.dense_h_to_4h.weight', 'base_model.layers.30.mlp.dense_h_to_4h.bias', 'base_model.layers.30.mlp.dense_4h_to_h.weight', 'base_model.layers.30.mlp.dense_4h_to_h.bias', 'base_model.layers.31.input_layernorm.weight', 'base_model.layers.31.input_layernorm.bias', 'base_model.layers.31.post_attention_layernorm.weight', 'base_model.layers.31.post_attention_layernorm.bias', 'base_model.layers.31.attention.query_key_value.weight', 'base_model.layers.31.attention.query_key_value.bias', 'base_model.layers.31.attention.dense.weight', 'base_model.layers.31.attention.dense.bias', 'base_model.layers.31.mlp.dense_h_to_4h.weight', 'base_model.layers.31.mlp.dense_h_to_4h.bias', 'base_model.layers.31.mlp.dense_4h_to_h.weight', 'base_model.layers.31.mlp.dense_4h_to_h.bias', 'base_model.final_layer_norm.weight', 'base_model.final_layer_norm.bias', 'shared.fc1.weight', 'shared.fc1.bias', 'shared.fc2.weight', 'shared.fc2.bias', 'classifier.fc.weight', 'classifier.fc.bias', 'classifier.out.weight', 'classifier.out.bias', 'regressor.fc.weight', 'regressor.fc.bias', 'regressor.out.weight', 'regressor.out.bias']
Optimizer param groups: 50
LRs after scheduler: [0.000497792937399679, 9.955858747993579e-05]
Done 139 Batches of 139
class_loss = 2.1905598640441895
macro_f1 = 0.21982301701943743
weighted_f1 = 0.21966694800030614
regression_loss = 0.3587762713432312
Params with no grad after backward: ['base_model.layers.29.input_layernorm.weight', 'base_model.layers.29.input_layernorm.bias', 'base_model.layers.29.post_attention_layernorm.weight', 'base_model.layers.29.post_attention_layernorm.bias', 'base_model.layers.29.attention.query_key_value.weight', 'base_model.layers.29.attention.query_key_value.bias', 'base_model.layers.29.attention.dense.weight', 'base_model.layers.29.attention.dense.bias', 'base_model.layers.29.mlp.dense_h_to_4h.weight', 'base_model.layers.29.mlp.dense_h_to_4h.bias', 'base_model.layers.29.mlp.dense_4h_to_h.weight', 'base_model.layers.29.mlp.dense_4h_to_h.bias', 'base_model.layers.30.input_layernorm.weight', 'base_model.layers.30.input_layernorm.bias', 'base_model.layers.30.post_attention_layernorm.weight', 'base_model.layers.30.post_attention_layernorm.bias', 'base_model.layers.30.attention.query_key_value.weight', 'base_model.layers.30.attention.query_key_value.bias', 'base_model.layers.30.attention.dense.weight', 'base_model.layers.30.attention.dense.bias', 'base_model.layers.30.mlp.dense_h_to_4h.weight', 'base_model.layers.30.mlp.dense_h_to_4h.bias', 'base_model.layers.30.mlp.dense_4h_to_h.weight', 'base_model.layers.30.mlp.dense_4h_to_h.bias', 'base_model.layers.31.input_layernorm.weight', 'base_model.layers.31.input_layernorm.bias', 'base_model.layers.31.post_attention_layernorm.weight', 'base_model.layers.31.post_attention_layernorm.bias', 'base_model.layers.31.attention.query_key_value.weight', 'base_model.layers.31.attention.query_key_value.bias', 'base_model.layers.31.attention.dense.weight', 'base_model.layers.31.attention.dense.bias', 'base_model.layers.31.mlp.dense_h_to_4h.weight', 'base_model.layers.31.mlp.dense_h_to_4h.bias', 'base_model.layers.31.mlp.dense_4h_to_h.weight', 'base_model.layers.31.mlp.dense_4h_to_h.bias', 'base_model.final_layer_norm.weight', 'base_model.final_layer_norm.bias', 'shared.fc1.weight', 'shared.fc1.bias', 'shared.fc2.weight', 'shared.fc2.bias', 'classifier.fc.weight', 'classifier.fc.bias', 'classifier.out.weight', 'classifier.out.bias', 'regressor.fc.weight', 'regressor.fc.bias', 'regressor.out.weight', 'regressor.out.bias']
Optimizer param groups: 50
LRs after scheduler: [0.0004975922953451043, 9.951845906902088e-05]
2.528233528137207
2.481987237930298
2.5296192169189453
2.394718647003174
2.3772342205047607
2.420606851577759
2.345522403717041
2.347459316253662
2.3247272968292236
avg_train_loss 2.4954769714273137
avg_val_loss 2.4166787465413413
Done 32 Batches of 139
class_loss = 2.314685106277466
macro_f1 = 0.26730728610089877
weighted_f1 = 0.26738760008394574
regression_loss = 0.3810258209705353
Params with no grad after backward: ['base_model.layers.29.input_layernorm.weight', 'base_model.layers.29.input_layernorm.bias', 'base_model.layers.29.post_attention_layernorm.weight', 'base_model.layers.29.post_attention_layernorm.bias', 'base_model.layers.29.attention.query_key_value.weight', 'base_model.layers.29.attention.query_key_value.bias', 'base_model.layers.29.attention.dense.weight', 'base_model.layers.29.attention.dense.bias', 'base_model.layers.29.mlp.dense_h_to_4h.weight', 'base_model.layers.29.mlp.dense_h_to_4h.bias', 'base_model.layers.29.mlp.dense_4h_to_h.weight', 'base_model.layers.29.mlp.dense_4h_to_h.bias', 'base_model.layers.30.input_layernorm.weight', 'base_model.layers.30.input_layernorm.bias', 'base_model.layers.30.post_attention_layernorm.weight', 'base_model.layers.30.post_attention_layernorm.bias', 'base_model.layers.30.attention.query_key_value.weight', 'base_model.layers.30.attention.query_key_value.bias', 'base_model.layers.30.attention.dense.weight', 'base_model.layers.30.attention.dense.bias', 'base_model.layers.30.mlp.dense_h_to_4h.weight', 'base_model.layers.30.mlp.dense_h_to_4h.bias', 'base_model.layers.30.mlp.dense_4h_to_h.weight', 'base_model.layers.30.mlp.dense_4h_to_h.bias', 'base_model.layers.31.input_layernorm.weight', 'base_model.layers.31.input_layernorm.bias', 'base_model.layers.31.post_attention_layernorm.weight', 'base_model.layers.31.post_attention_layernorm.bias', 'base_model.layers.31.attention.query_key_value.weight', 'base_model.layers.31.attention.query_key_value.bias', 'base_model.layers.31.attention.dense.weight', 'base_model.layers.31.attention.dense.bias', 'base_model.layers.31.mlp.dense_h_to_4h.weight', 'base_model.layers.31.mlp.dense_h_to_4h.bias', 'base_model.layers.31.mlp.dense_4h_to_h.weight', 'base_model.layers.31.mlp.dense_4h_to_h.bias', 'base_model.final_layer_norm.weight', 'base_model.final_layer_norm.bias', 'shared.fc1.weight', 'shared.fc1.bias', 'shared.fc2.weight', 'shared.fc2.bias', 'classifier.fc.weight', 'classifier.fc.bias', 'classifier.out.weight', 'classifier.out.bias', 'regressor.fc.weight', 'regressor.fc.bias', 'regressor.out.weight', 'regressor.out.bias']
Optimizer param groups: 50
LRs after scheduler: [0.0004973916532905297, 9.947833065810594e-05]
Done 64 Batches of 139
class_loss = 2.343853235244751
macro_f1 = 0.2724438581432518
weighted_f1 = 0.2742561442397609
regression_loss = 0.32036301493644714
Params with no grad after backward: ['base_model.layers.29.input_layernorm.weight', 'base_model.layers.29.input_layernorm.bias', 'base_model.layers.29.post_attention_layernorm.weight', 'base_model.layers.29.post_attention_layernorm.bias', 'base_model.layers.29.attention.query_key_value.weight', 'base_model.layers.29.attention.query_key_value.bias', 'base_model.layers.29.attention.dense.weight', 'base_model.layers.29.attention.dense.bias', 'base_model.layers.29.mlp.dense_h_to_4h.weight', 'base_model.layers.29.mlp.dense_h_to_4h.bias', 'base_model.layers.29.mlp.dense_4h_to_h.weight', 'base_model.layers.29.mlp.dense_4h_to_h.bias', 'base_model.layers.30.input_layernorm.weight', 'base_model.layers.30.input_layernorm.bias', 'base_model.layers.30.post_attention_layernorm.weight', 'base_model.layers.30.post_attention_layernorm.bias', 'base_model.layers.30.attention.query_key_value.weight', 'base_model.layers.30.attention.query_key_value.bias', 'base_model.layers.30.attention.dense.weight', 'base_model.layers.30.attention.dense.bias', 'base_model.layers.30.mlp.dense_h_to_4h.weight', 'base_model.layers.30.mlp.dense_h_to_4h.bias', 'base_model.layers.30.mlp.dense_4h_to_h.weight', 'base_model.layers.30.mlp.dense_4h_to_h.bias', 'base_model.layers.31.input_layernorm.weight', 'base_model.layers.31.input_layernorm.bias', 'base_model.layers.31.post_attention_layernorm.weight', 'base_model.layers.31.post_attention_layernorm.bias', 'base_model.layers.31.attention.query_key_value.weight', 'base_model.layers.31.attention.query_key_value.bias', 'base_model.layers.31.attention.dense.weight', 'base_model.layers.31.attention.dense.bias', 'base_model.layers.31.mlp.dense_h_to_4h.weight', 'base_model.layers.31.mlp.dense_h_to_4h.bias', 'base_model.layers.31.mlp.dense_4h_to_h.weight', 'base_model.layers.31.mlp.dense_4h_to_h.bias', 'base_model.final_layer_norm.weight', 'base_model.final_layer_norm.bias', 'shared.fc1.weight', 'shared.fc1.bias', 'shared.fc2.weight', 'shared.fc2.bias', 'classifier.fc.weight', 'classifier.fc.bias', 'classifier.out.weight', 'classifier.out.bias', 'regressor.fc.weight', 'regressor.fc.bias', 'regressor.out.weight', 'regressor.out.bias']
Optimizer param groups: 50
LRs after scheduler: [0.0004971910112359551, 9.943820224719102e-05]
Done 96 Batches of 139
class_loss = 2.0949599742889404
macro_f1 = 0.284818452287974
weighted_f1 = 0.28554727723366174
regression_loss = 0.34565627574920654
Params with no grad after backward: ['base_model.layers.29.input_layernorm.weight', 'base_model.layers.29.input_layernorm.bias', 'base_model.layers.29.post_attention_layernorm.weight', 'base_model.layers.29.post_attention_layernorm.bias', 'base_model.layers.29.attention.query_key_value.weight', 'base_model.layers.29.attention.query_key_value.bias', 'base_model.layers.29.attention.dense.weight', 'base_model.layers.29.attention.dense.bias', 'base_model.layers.29.mlp.dense_h_to_4h.weight', 'base_model.layers.29.mlp.dense_h_to_4h.bias', 'base_model.layers.29.mlp.dense_4h_to_h.weight', 'base_model.layers.29.mlp.dense_4h_to_h.bias', 'base_model.layers.30.input_layernorm.weight', 'base_model.layers.30.input_layernorm.bias', 'base_model.layers.30.post_attention_layernorm.weight', 'base_model.layers.30.post_attention_layernorm.bias', 'base_model.layers.30.attention.query_key_value.weight', 'base_model.layers.30.attention.query_key_value.bias', 'base_model.layers.30.attention.dense.weight', 'base_model.layers.30.attention.dense.bias', 'base_model.layers.30.mlp.dense_h_to_4h.weight', 'base_model.layers.30.mlp.dense_h_to_4h.bias', 'base_model.layers.30.mlp.dense_4h_to_h.weight', 'base_model.layers.30.mlp.dense_4h_to_h.bias', 'base_model.layers.31.input_layernorm.weight', 'base_model.layers.31.input_layernorm.bias', 'base_model.layers.31.post_attention_layernorm.weight', 'base_model.layers.31.post_attention_layernorm.bias', 'base_model.layers.31.attention.query_key_value.weight', 'base_model.layers.31.attention.query_key_value.bias', 'base_model.layers.31.attention.dense.weight', 'base_model.layers.31.attention.dense.bias', 'base_model.layers.31.mlp.dense_h_to_4h.weight', 'base_model.layers.31.mlp.dense_h_to_4h.bias', 'base_model.layers.31.mlp.dense_4h_to_h.weight', 'base_model.layers.31.mlp.dense_4h_to_h.bias', 'base_model.final_layer_norm.weight', 'base_model.final_layer_norm.bias', 'shared.fc1.weight', 'shared.fc1.bias', 'shared.fc2.weight', 'shared.fc2.bias', 'classifier.fc.weight', 'classifier.fc.bias', 'classifier.out.weight', 'classifier.out.bias', 'regressor.fc.weight', 'regressor.fc.bias', 'regressor.out.weight', 'regressor.out.bias']
Optimizer param groups: 50
LRs after scheduler: [0.0004969903691813805, 9.939807383627608e-05]
Done 128 Batches of 139
class_loss = 2.1161885261535645
macro_f1 = 0.295594804673213
weighted_f1 = 0.2951610148248256
regression_loss = 0.28385263681411743
Params with no grad after backward: ['base_model.layers.29.input_layernorm.weight', 'base_model.layers.29.input_layernorm.bias', 'base_model.layers.29.post_attention_layernorm.weight', 'base_model.layers.29.post_attention_layernorm.bias', 'base_model.layers.29.attention.query_key_value.weight', 'base_model.layers.29.attention.query_key_value.bias', 'base_model.layers.29.attention.dense.weight', 'base_model.layers.29.attention.dense.bias', 'base_model.layers.29.mlp.dense_h_to_4h.weight', 'base_model.layers.29.mlp.dense_h_to_4h.bias', 'base_model.layers.29.mlp.dense_4h_to_h.weight', 'base_model.layers.29.mlp.dense_4h_to_h.bias', 'base_model.layers.30.input_layernorm.weight', 'base_model.layers.30.input_layernorm.bias', 'base_model.layers.30.post_attention_layernorm.weight', 'base_model.layers.30.post_attention_layernorm.bias', 'base_model.layers.30.attention.query_key_value.weight', 'base_model.layers.30.attention.query_key_value.bias', 'base_model.layers.30.attention.dense.weight', 'base_model.layers.30.attention.dense.bias', 'base_model.layers.30.mlp.dense_h_to_4h.weight', 'base_model.layers.30.mlp.dense_h_to_4h.bias', 'base_model.layers.30.mlp.dense_4h_to_h.weight', 'base_model.layers.30.mlp.dense_4h_to_h.bias', 'base_model.layers.31.input_layernorm.weight', 'base_model.layers.31.input_layernorm.bias', 'base_model.layers.31.post_attention_layernorm.weight', 'base_model.layers.31.post_attention_layernorm.bias', 'base_model.layers.31.attention.query_key_value.weight', 'base_model.layers.31.attention.query_key_value.bias', 'base_model.layers.31.attention.dense.weight', 'base_model.layers.31.attention.dense.bias', 'base_model.layers.31.mlp.dense_h_to_4h.weight', 'base_model.layers.31.mlp.dense_h_to_4h.bias', 'base_model.layers.31.mlp.dense_4h_to_h.weight', 'base_model.layers.31.mlp.dense_4h_to_h.bias', 'base_model.final_layer_norm.weight', 'base_model.final_layer_norm.bias', 'shared.fc1.weight', 'shared.fc1.bias', 'shared.fc2.weight', 'shared.fc2.bias', 'classifier.fc.weight', 'classifier.fc.bias', 'classifier.out.weight', 'classifier.out.bias', 'regressor.fc.weight', 'regressor.fc.bias', 'regressor.out.weight', 'regressor.out.bias']
Optimizer param groups: 50
LRs after scheduler: [0.0004967897271268058, 9.935794542536117e-05]
Done 139 Batches of 139
class_loss = 2.099020004272461
macro_f1 = 0.298718963660507
weighted_f1 = 0.29863355909235173
regression_loss = 0.3295092284679413
Params with no grad after backward: ['base_model.layers.29.input_layernorm.weight', 'base_model.layers.29.input_layernorm.bias', 'base_model.layers.29.post_attention_layernorm.weight', 'base_model.layers.29.post_attention_layernorm.bias', 'base_model.layers.29.attention.query_key_value.weight', 'base_model.layers.29.attention.query_key_value.bias', 'base_model.layers.29.attention.dense.weight', 'base_model.layers.29.attention.dense.bias', 'base_model.layers.29.mlp.dense_h_to_4h.weight', 'base_model.layers.29.mlp.dense_h_to_4h.bias', 'base_model.layers.29.mlp.dense_4h_to_h.weight', 'base_model.layers.29.mlp.dense_4h_to_h.bias', 'base_model.layers.30.input_layernorm.weight', 'base_model.layers.30.input_layernorm.bias', 'base_model.layers.30.post_attention_layernorm.weight', 'base_model.layers.30.post_attention_layernorm.bias', 'base_model.layers.30.attention.query_key_value.weight', 'base_model.layers.30.attention.query_key_value.bias', 'base_model.layers.30.attention.dense.weight', 'base_model.layers.30.attention.dense.bias', 'base_model.layers.30.mlp.dense_h_to_4h.weight', 'base_model.layers.30.mlp.dense_h_to_4h.bias', 'base_model.layers.30.mlp.dense_4h_to_h.weight', 'base_model.layers.30.mlp.dense_4h_to_h.bias', 'base_model.layers.31.input_layernorm.weight', 'base_model.layers.31.input_layernorm.bias', 'base_model.layers.31.post_attention_layernorm.weight', 'base_model.layers.31.post_attention_layernorm.bias', 'base_model.layers.31.attention.query_key_value.weight', 'base_model.layers.31.attention.query_key_value.bias', 'base_model.layers.31.attention.dense.weight', 'base_model.layers.31.attention.dense.bias', 'base_model.layers.31.mlp.dense_h_to_4h.weight', 'base_model.layers.31.mlp.dense_h_to_4h.bias', 'base_model.layers.31.mlp.dense_4h_to_h.weight', 'base_model.layers.31.mlp.dense_4h_to_h.bias', 'base_model.final_layer_norm.weight', 'base_model.final_layer_norm.bias', 'shared.fc1.weight', 'shared.fc1.bias', 'shared.fc2.weight', 'shared.fc2.bias', 'classifier.fc.weight', 'classifier.fc.bias', 'classifier.out.weight', 'classifier.out.bias', 'regressor.fc.weight', 'regressor.fc.bias', 'regressor.out.weight', 'regressor.out.bias']
Optimizer param groups: 50
LRs after scheduler: [0.0004965890850722311, 9.931781701444623e-05]
2.269247055053711
2.342595338821411
2.1568541526794434
2.206817150115967
2.1744513511657715
2.30802583694458
2.0902516841888428
2.1629810333251953
1.982073187828064
avg_train_loss 2.268391247275922
avg_val_loss 2.188144087791443
Traceback (most recent call last):
  File "/pfs/lustrep2/projappl/project_465002413/ChessGPT/chessgpt_multitask.py", line 649, in <module>
    model.load_state_dict(torch.load(r"/best_models/best_model4.pth"))  # I load the model that performed better on validation
                          ^^^^^^^^^^^^^^^^^^^^^^^^^^^^^^^^^^^^^^^^^^^
  File "/opt/miniconda3/envs/pytorch/lib/python3.12/site-packages/torch/serialization.py", line 1479, in load
    with _open_file_like(f, "rb") as opened_file:
         ^^^^^^^^^^^^^^^^^^^^^^^^
  File "/opt/miniconda3/envs/pytorch/lib/python3.12/site-packages/torch/serialization.py", line 759, in _open_file_like
    return _open_file(name_or_buffer, mode)
           ^^^^^^^^^^^^^^^^^^^^^^^^^^^^^^^^
  File "/opt/miniconda3/envs/pytorch/lib/python3.12/site-packages/torch/serialization.py", line 740, in __init__
    super().__init__(open(name, mode))
                     ^^^^^^^^^^^^^^^^
FileNotFoundError: [Errno 2] No such file or directory: '/best_models/best_model4.pth'
